<html>
<head>
<title>TestNG:  Default test</title>
<link href="../testng.css" rel="stylesheet" type="text/css" />
<link href="../my-testng.css" rel="stylesheet" type="text/css" />

<style type="text/css">
.log { display: none;} 
.stack-trace { display: none;} 
</style>
<script type="text/javascript">
<!--
function flip(e) {
  current = e.style.display;
  if (current == 'block') {
    e.style.display = 'none';
    return 0;
  }
  else {
    e.style.display = 'block';
    return 1;
  }
}

function toggleBox(szDivId, elem, msg1, msg2)
{
  var res = -1;  if (document.getElementById) {
    res = flip(document.getElementById(szDivId));
  }
  else if (document.all) {
    // this is the way old msie versions work
    res = flip(document.all[szDivId]);
  }
  if(elem) {
    if(res == 0) elem.innerHTML = msg1; else elem.innerHTML = msg2;
  }

}

function toggleAllBoxes() {
  if (document.getElementsByTagName) {
    d = document.getElementsByTagName('div');
    for (i = 0; i < d.length; i++) {
      if (d[i].className == 'log') {
        flip(d[i]);
      }
    }
  }
}

// -->
</script>

</head>
<body>
<h2 align='center'>Default test</h2><table border='1' align="center">
<tr>
<td>Tests passed/Failed/Skipped:</td><td>118/25/0</td>
</tr><tr>
<td>Started on:</td><td>Wed Jan 03 16:06:41 EST 2024</td>
</tr>
<tr><td>Total time:</td><td>489 seconds (489042 ms)</td>
</tr><tr>
<td>Included groups:</td><td></td>
</tr><tr>
<td>Excluded groups:</td><td></td>
</tr>
</table><p/>
<small><i>(Hover the method name to see the test class name)</i></small><p/>
<table width='100%' border='1' class='invocation-failed'>
<tr><td colspan='4' align='center'><b>FAILED TESTS</b></td></tr>
<tr><td><b>Test method</b></td>
<td><b>Attribute(s)</b></td>
<td width="30%"><b>Exception</b></td>
<td width="10%"><b>Time (seconds)</b></td>
<td><b>Instance</b></td>
</tr>
<tr>
<td title='TestRunner.TestRunnerTestng.runScenario()'><b>runScenario</b><br>Test class: TestRunner.TestRunnerTestng<br>Test method: Runs Cucumber Scenarios<br>Parameters: "DataStructures", "Data Structures-Introduction Homepage"</td>
<td><div><pre>org.openqa.selenium.NoSuchElementException: no such element: Unable to locate element: {&quot;method&quot;:&quot;xpath&quot;,&quot;selector&quot;:&quot;//h5[contains(text(),&apos;Data Structures-Introduction&apos;)]/..//a&quot;}
  (Session info: chrome=120.0.6099.71)
For documentation on this error, please visit: https://www.selenium.dev/documentation/webdriver/troubleshooting/errors#no-such-element-exception
Build info: version: &apos;4.15.0&apos;, revision: &apos;1d14b5521b&apos;
System info: os.name: &apos;Windows 11&apos;, os.arch: &apos;amd64&apos;, os.version: &apos;10.0&apos;, java.version: &apos;21&apos;
Driver info: org.openqa.selenium.chrome.ChromeDriver
Command: [7e515bcc7db61ba7c8620d19aa478293, findElement {using=xpath, value=//h5[contains(text(),&apos;Data Structures-Introduction&apos;)]/..//a}]
Capabilities {acceptInsecureCerts: false, browserName: chrome, browserVersion: 120.0.6099.71, chrome: {chromedriverVersion: 120.0.6099.109 (3419140ab66..., userDataDir: C:\Users\saran\AppData\Loca...}, fedcm:accounts: true, goog:chromeOptions: {debuggerAddress: localhost:51595}, networkConnectionEnabled: false, pageLoadStrategy: normal, platformName: windows, proxy: Proxy(), se:cdp: ws://localhost:51595/devtoo..., se:cdpVersion: 120.0.6099.71, setWindowRect: true, strictFileInteractability: false, timeouts: {implicit: 0, pageLoad: 300000, script: 30000}, unhandledPromptBehavior: dismiss and notify, webauthn:extension:credBlob: true, webauthn:extension:largeBlob: true, webauthn:extension:minPinLength: true, webauthn:extension:prf: true, webauthn:virtualAuthenticators: true}
Session ID: 7e515bcc7db61ba7c8620d19aa478293
	at java.base/jdk.internal.reflect.DirectConstructorHandleAccessor.newInstance(DirectConstructorHandleAccessor.java:62)
	at java.base/java.lang.reflect.Constructor.newInstanceWithCaller(Constructor.java:502)
	at java.base/java.lang.reflect.Constructor.newInstance(Constructor.java:486)
	at org.openqa.selenium.remote.codec.w3c.W3CHttpResponseCodec.createException(W3CHttpResponseCodec.java:200)
	at org.openqa.selenium.remote.codec.w3c.W3CHttpResponseCodec.decode(W3CHttpResponseCodec.java:133)
	at org.openqa.selenium.remote.codec.w3c.W3CHttpResponseCodec.decode(W3CHttpResponseCodec.java:52)
	at org.openqa.selenium.remote.HttpCommandExecutor.execute(HttpCommandExecutor.java:191)
	at org.openqa.selenium.remote.service.DriverCommandExecutor.invokeExecute(DriverCommandExecutor.java:200)
	at org.openqa.selenium.remote.service.DriverCommandExecutor.execute(DriverCommandExecutor.java:175)
	at org.openqa.selenium.remote.RemoteWebDriver.execute(RemoteWebDriver.java:607)
	at org.openqa.selenium.remote.ElementLocation$ElementFinder$2.findElement(ElementLocation.java:165)
	at org.openqa.selenium.remote.ElementLocation.findElement(ElementLocation.java:59)
	at org.openqa.selenium.remote.RemoteWebDriver.findElement(RemoteWebDriver.java:364)
	at org.openqa.selenium.remote.RemoteWebDriver.findElement(RemoteWebDriver.java:358)
	at com.pages.DataStructuresPage.clickDataStructureGetStarted(DataStructuresPage.java:23)
	at StepDefinition.DataStructureSD.user_click_the_get_stared_button_under_data_subtitle(DataStructureSD.java:47)
	at ✽.User click the GetStared button under Data subtitle(file:///C:/Users/saran/eclipse-workspace/DS-ALGO5/src/test/resources/Features/04_DataStucture.feature:15)
</pre></div><a href='#' onClick='toggleBox("stack-trace1947131919", this, "Click to show all stack frames", "Click to hide stack frames")'>Click to show all stack frames</a>
<div class='stack-trace' id='stack-trace1947131919'><pre>org.openqa.selenium.NoSuchElementException: no such element: Unable to locate element: {&quot;method&quot;:&quot;xpath&quot;,&quot;selector&quot;:&quot;//h5[contains(text(),&apos;Data Structures-Introduction&apos;)]/..//a&quot;}
  (Session info: chrome=120.0.6099.71)
For documentation on this error, please visit: https://www.selenium.dev/documentation/webdriver/troubleshooting/errors#no-such-element-exception
Build info: version: &apos;4.15.0&apos;, revision: &apos;1d14b5521b&apos;
System info: os.name: &apos;Windows 11&apos;, os.arch: &apos;amd64&apos;, os.version: &apos;10.0&apos;, java.version: &apos;21&apos;
Driver info: org.openqa.selenium.chrome.ChromeDriver
Command: [7e515bcc7db61ba7c8620d19aa478293, findElement {using=xpath, value=//h5[contains(text(),&apos;Data Structures-Introduction&apos;)]/..//a}]
Capabilities {acceptInsecureCerts: false, browserName: chrome, browserVersion: 120.0.6099.71, chrome: {chromedriverVersion: 120.0.6099.109 (3419140ab66..., userDataDir: C:\Users\saran\AppData\Loca...}, fedcm:accounts: true, goog:chromeOptions: {debuggerAddress: localhost:51595}, networkConnectionEnabled: false, pageLoadStrategy: normal, platformName: windows, proxy: Proxy(), se:cdp: ws://localhost:51595/devtoo..., se:cdpVersion: 120.0.6099.71, setWindowRect: true, strictFileInteractability: false, timeouts: {implicit: 0, pageLoad: 300000, script: 30000}, unhandledPromptBehavior: dismiss and notify, webauthn:extension:credBlob: true, webauthn:extension:largeBlob: true, webauthn:extension:minPinLength: true, webauthn:extension:prf: true, webauthn:virtualAuthenticators: true}
Session ID: 7e515bcc7db61ba7c8620d19aa478293
	at java.base/jdk.internal.reflect.DirectConstructorHandleAccessor.newInstance(DirectConstructorHandleAccessor.java:62)
	at java.base/java.lang.reflect.Constructor.newInstanceWithCaller(Constructor.java:502)
	at java.base/java.lang.reflect.Constructor.newInstance(Constructor.java:486)
	at org.openqa.selenium.remote.codec.w3c.W3CHttpResponseCodec.createException(W3CHttpResponseCodec.java:200)
	at org.openqa.selenium.remote.codec.w3c.W3CHttpResponseCodec.decode(W3CHttpResponseCodec.java:133)
	at org.openqa.selenium.remote.codec.w3c.W3CHttpResponseCodec.decode(W3CHttpResponseCodec.java:52)
	at org.openqa.selenium.remote.HttpCommandExecutor.execute(HttpCommandExecutor.java:191)
	at org.openqa.selenium.remote.service.DriverCommandExecutor.invokeExecute(DriverCommandExecutor.java:200)
	at org.openqa.selenium.remote.service.DriverCommandExecutor.execute(DriverCommandExecutor.java:175)
	at org.openqa.selenium.remote.RemoteWebDriver.execute(RemoteWebDriver.java:607)
	at org.openqa.selenium.remote.ElementLocation$ElementFinder$2.findElement(ElementLocation.java:165)
	at org.openqa.selenium.remote.ElementLocation.findElement(ElementLocation.java:59)
	at org.openqa.selenium.remote.RemoteWebDriver.findElement(RemoteWebDriver.java:364)
	at org.openqa.selenium.remote.RemoteWebDriver.findElement(RemoteWebDriver.java:358)
	at com.pages.DataStructuresPage.clickDataStructureGetStarted(DataStructuresPage.java:23)
	at StepDefinition.DataStructureSD.user_click_the_get_stared_button_under_data_subtitle(DataStructureSD.java:47)
	at ✽.User click the GetStared button under Data subtitle(file:///C:/Users/saran/eclipse-workspace/DS-ALGO5/src/test/resources/Features/04_DataStucture.feature:15)
</pre></div></td>
<td>20</td>
<td>TestRunner.TestRunnerTestng@388ba540</td></tr>
<tr>
<td title='TestRunner.TestRunnerTestng.runScenario()'><b>runScenario</b><br>Test class: TestRunner.TestRunnerTestng<br>Test method: Runs Cucumber Scenarios<br>Parameters: "The user clicks TryHere button with valid Text", "Arrays Homepage"</td>
<td><div><pre>org.openqa.selenium.NoSuchElementException: no such element: Unable to locate element: {&quot;method&quot;:&quot;link text&quot;,&quot;selector&quot;:&quot;Try here&gt;&gt;&gt;&quot;}
  (Session info: chrome=120.0.6099.71)
For documentation on this error, please visit: https://www.selenium.dev/documentation/webdriver/troubleshooting/errors#no-such-element-exception
Build info: version: &apos;4.15.0&apos;, revision: &apos;1d14b5521b&apos;
System info: os.name: &apos;Windows 11&apos;, os.arch: &apos;amd64&apos;, os.version: &apos;10.0&apos;, java.version: &apos;21&apos;
Driver info: org.openqa.selenium.chrome.ChromeDriver
Command: [7e515bcc7db61ba7c8620d19aa478293, findElement {using=link text, value=Try here&gt;&gt;&gt;}]
Capabilities {acceptInsecureCerts: false, browserName: chrome, browserVersion: 120.0.6099.71, chrome: {chromedriverVersion: 120.0.6099.109 (3419140ab66..., userDataDir: C:\Users\saran\AppData\Loca...}, fedcm:accounts: true, goog:chromeOptions: {debuggerAddress: localhost:51595}, networkConnectionEnabled: false, pageLoadStrategy: normal, platformName: windows, proxy: Proxy(), se:cdp: ws://localhost:51595/devtoo..., se:cdpVersion: 120.0.6099.71, setWindowRect: true, strictFileInteractability: false, timeouts: {implicit: 0, pageLoad: 300000, script: 30000}, unhandledPromptBehavior: dismiss and notify, webauthn:extension:credBlob: true, webauthn:extension:largeBlob: true, webauthn:extension:minPinLength: true, webauthn:extension:prf: true, webauthn:virtualAuthenticators: true}
Session ID: 7e515bcc7db61ba7c8620d19aa478293
	at java.base/jdk.internal.reflect.DirectConstructorHandleAccessor.newInstance(DirectConstructorHandleAccessor.java:62)
	at java.base/java.lang.reflect.Constructor.newInstanceWithCaller(Constructor.java:502)
	at java.base/java.lang.reflect.Constructor.newInstance(Constructor.java:486)
	at org.openqa.selenium.remote.codec.w3c.W3CHttpResponseCodec.createException(W3CHttpResponseCodec.java:200)
	at org.openqa.selenium.remote.codec.w3c.W3CHttpResponseCodec.decode(W3CHttpResponseCodec.java:133)
	at org.openqa.selenium.remote.codec.w3c.W3CHttpResponseCodec.decode(W3CHttpResponseCodec.java:52)
	at org.openqa.selenium.remote.HttpCommandExecutor.execute(HttpCommandExecutor.java:191)
	at org.openqa.selenium.remote.service.DriverCommandExecutor.invokeExecute(DriverCommandExecutor.java:200)
	at org.openqa.selenium.remote.service.DriverCommandExecutor.execute(DriverCommandExecutor.java:175)
	at org.openqa.selenium.remote.RemoteWebDriver.execute(RemoteWebDriver.java:607)
	at org.openqa.selenium.remote.ElementLocation$ElementFinder$2.findElement(ElementLocation.java:165)
	at org.openqa.selenium.remote.ElementLocation.findElement(ElementLocation.java:59)
	at org.openqa.selenium.remote.RemoteWebDriver.findElement(RemoteWebDriver.java:364)
	at org.openqa.selenium.remote.RemoteWebDriver.findElement(RemoteWebDriver.java:358)
	at com.pages.TryHerePage.tryhere(TryHerePage.java:69)
	at StepDefinition.TryHereSD.the_user_navigates_to_try_editor_page(TryHereSD.java:17)
	at ✽.The User navigates to Try EditorPage(file:///C:/Users/saran/eclipse-workspace/DS-ALGO5/src/test/resources/Features/05_Arrays.feature:20)
</pre></div><a href='#' onClick='toggleBox("stack-trace1321433666", this, "Click to show all stack frames", "Click to hide stack frames")'>Click to show all stack frames</a>
<div class='stack-trace' id='stack-trace1321433666'><pre>org.openqa.selenium.NoSuchElementException: no such element: Unable to locate element: {&quot;method&quot;:&quot;link text&quot;,&quot;selector&quot;:&quot;Try here&gt;&gt;&gt;&quot;}
  (Session info: chrome=120.0.6099.71)
For documentation on this error, please visit: https://www.selenium.dev/documentation/webdriver/troubleshooting/errors#no-such-element-exception
Build info: version: &apos;4.15.0&apos;, revision: &apos;1d14b5521b&apos;
System info: os.name: &apos;Windows 11&apos;, os.arch: &apos;amd64&apos;, os.version: &apos;10.0&apos;, java.version: &apos;21&apos;
Driver info: org.openqa.selenium.chrome.ChromeDriver
Command: [7e515bcc7db61ba7c8620d19aa478293, findElement {using=link text, value=Try here&gt;&gt;&gt;}]
Capabilities {acceptInsecureCerts: false, browserName: chrome, browserVersion: 120.0.6099.71, chrome: {chromedriverVersion: 120.0.6099.109 (3419140ab66..., userDataDir: C:\Users\saran\AppData\Loca...}, fedcm:accounts: true, goog:chromeOptions: {debuggerAddress: localhost:51595}, networkConnectionEnabled: false, pageLoadStrategy: normal, platformName: windows, proxy: Proxy(), se:cdp: ws://localhost:51595/devtoo..., se:cdpVersion: 120.0.6099.71, setWindowRect: true, strictFileInteractability: false, timeouts: {implicit: 0, pageLoad: 300000, script: 30000}, unhandledPromptBehavior: dismiss and notify, webauthn:extension:credBlob: true, webauthn:extension:largeBlob: true, webauthn:extension:minPinLength: true, webauthn:extension:prf: true, webauthn:virtualAuthenticators: true}
Session ID: 7e515bcc7db61ba7c8620d19aa478293
	at java.base/jdk.internal.reflect.DirectConstructorHandleAccessor.newInstance(DirectConstructorHandleAccessor.java:62)
	at java.base/java.lang.reflect.Constructor.newInstanceWithCaller(Constructor.java:502)
	at java.base/java.lang.reflect.Constructor.newInstance(Constructor.java:486)
	at org.openqa.selenium.remote.codec.w3c.W3CHttpResponseCodec.createException(W3CHttpResponseCodec.java:200)
	at org.openqa.selenium.remote.codec.w3c.W3CHttpResponseCodec.decode(W3CHttpResponseCodec.java:133)
	at org.openqa.selenium.remote.codec.w3c.W3CHttpResponseCodec.decode(W3CHttpResponseCodec.java:52)
	at org.openqa.selenium.remote.HttpCommandExecutor.execute(HttpCommandExecutor.java:191)
	at org.openqa.selenium.remote.service.DriverCommandExecutor.invokeExecute(DriverCommandExecutor.java:200)
	at org.openqa.selenium.remote.service.DriverCommandExecutor.execute(DriverCommandExecutor.java:175)
	at org.openqa.selenium.remote.RemoteWebDriver.execute(RemoteWebDriver.java:607)
	at org.openqa.selenium.remote.ElementLocation$ElementFinder$2.findElement(ElementLocation.java:165)
	at org.openqa.selenium.remote.ElementLocation.findElement(ElementLocation.java:59)
	at org.openqa.selenium.remote.RemoteWebDriver.findElement(RemoteWebDriver.java:364)
	at org.openqa.selenium.remote.RemoteWebDriver.findElement(RemoteWebDriver.java:358)
	at com.pages.TryHerePage.tryhere(TryHerePage.java:69)
	at StepDefinition.TryHereSD.the_user_navigates_to_try_editor_page(TryHereSD.java:17)
	at ✽.The User navigates to Try EditorPage(file:///C:/Users/saran/eclipse-workspace/DS-ALGO5/src/test/resources/Features/05_Arrays.feature:20)
</pre></div></td>
<td>20</td>
<td>TestRunner.TestRunnerTestng@388ba540</td></tr>
<tr>
<td title='TestRunner.TestRunnerTestng.runScenario()'><b>runScenario</b><br>Test class: TestRunner.TestRunnerTestng<br>Test method: Runs Cucumber Scenarios<br>Parameters: "The user clicks TryHere button with Ivalid Text and Error message", "Arrays Homepage"</td>
<td><div><pre>org.openqa.selenium.NoSuchElementException: no such element: Unable to locate element: {&quot;method&quot;:&quot;link text&quot;,&quot;selector&quot;:&quot;Try here&gt;&gt;&gt;&quot;}
  (Session info: chrome=120.0.6099.71)
For documentation on this error, please visit: https://www.selenium.dev/documentation/webdriver/troubleshooting/errors#no-such-element-exception
Build info: version: &apos;4.15.0&apos;, revision: &apos;1d14b5521b&apos;
System info: os.name: &apos;Windows 11&apos;, os.arch: &apos;amd64&apos;, os.version: &apos;10.0&apos;, java.version: &apos;21&apos;
Driver info: org.openqa.selenium.chrome.ChromeDriver
Command: [7e515bcc7db61ba7c8620d19aa478293, findElement {using=link text, value=Try here&gt;&gt;&gt;}]
Capabilities {acceptInsecureCerts: false, browserName: chrome, browserVersion: 120.0.6099.71, chrome: {chromedriverVersion: 120.0.6099.109 (3419140ab66..., userDataDir: C:\Users\saran\AppData\Loca...}, fedcm:accounts: true, goog:chromeOptions: {debuggerAddress: localhost:51595}, networkConnectionEnabled: false, pageLoadStrategy: normal, platformName: windows, proxy: Proxy(), se:cdp: ws://localhost:51595/devtoo..., se:cdpVersion: 120.0.6099.71, setWindowRect: true, strictFileInteractability: false, timeouts: {implicit: 0, pageLoad: 300000, script: 30000}, unhandledPromptBehavior: dismiss and notify, webauthn:extension:credBlob: true, webauthn:extension:largeBlob: true, webauthn:extension:minPinLength: true, webauthn:extension:prf: true, webauthn:virtualAuthenticators: true}
Session ID: 7e515bcc7db61ba7c8620d19aa478293
	at java.base/jdk.internal.reflect.DirectConstructorHandleAccessor.newInstance(DirectConstructorHandleAccessor.java:62)
	at java.base/java.lang.reflect.Constructor.newInstanceWithCaller(Constructor.java:502)
	at java.base/java.lang.reflect.Constructor.newInstance(Constructor.java:486)
	at org.openqa.selenium.remote.codec.w3c.W3CHttpResponseCodec.createException(W3CHttpResponseCodec.java:200)
	at org.openqa.selenium.remote.codec.w3c.W3CHttpResponseCodec.decode(W3CHttpResponseCodec.java:133)
	at org.openqa.selenium.remote.codec.w3c.W3CHttpResponseCodec.decode(W3CHttpResponseCodec.java:52)
	at org.openqa.selenium.remote.HttpCommandExecutor.execute(HttpCommandExecutor.java:191)
	at org.openqa.selenium.remote.service.DriverCommandExecutor.invokeExecute(DriverCommandExecutor.java:200)
	at org.openqa.selenium.remote.service.DriverCommandExecutor.execute(DriverCommandExecutor.java:175)
	at org.openqa.selenium.remote.RemoteWebDriver.execute(RemoteWebDriver.java:607)
	at org.openqa.selenium.remote.ElementLocation$ElementFinder$2.findElement(ElementLocation.java:165)
	at org.openqa.selenium.remote.ElementLocation.findElement(ElementLocation.java:59)
	at org.openqa.selenium.remote.RemoteWebDriver.findElement(RemoteWebDriver.java:364)
	at org.openqa.selenium.remote.RemoteWebDriver.findElement(RemoteWebDriver.java:358)
	at com.pages.TryHerePage.tryhere(TryHerePage.java:69)
	at StepDefinition.TryHereSD.the_user_navigates_to_try_editor_page(TryHereSD.java:17)
	at ✽.The User navigates to Try EditorPage(file:///C:/Users/saran/eclipse-workspace/DS-ALGO5/src/test/resources/Features/05_Arrays.feature:81)
</pre></div><a href='#' onClick='toggleBox("stack-trace36635755", this, "Click to show all stack frames", "Click to hide stack frames")'>Click to show all stack frames</a>
<div class='stack-trace' id='stack-trace36635755'><pre>org.openqa.selenium.NoSuchElementException: no such element: Unable to locate element: {&quot;method&quot;:&quot;link text&quot;,&quot;selector&quot;:&quot;Try here&gt;&gt;&gt;&quot;}
  (Session info: chrome=120.0.6099.71)
For documentation on this error, please visit: https://www.selenium.dev/documentation/webdriver/troubleshooting/errors#no-such-element-exception
Build info: version: &apos;4.15.0&apos;, revision: &apos;1d14b5521b&apos;
System info: os.name: &apos;Windows 11&apos;, os.arch: &apos;amd64&apos;, os.version: &apos;10.0&apos;, java.version: &apos;21&apos;
Driver info: org.openqa.selenium.chrome.ChromeDriver
Command: [7e515bcc7db61ba7c8620d19aa478293, findElement {using=link text, value=Try here&gt;&gt;&gt;}]
Capabilities {acceptInsecureCerts: false, browserName: chrome, browserVersion: 120.0.6099.71, chrome: {chromedriverVersion: 120.0.6099.109 (3419140ab66..., userDataDir: C:\Users\saran\AppData\Loca...}, fedcm:accounts: true, goog:chromeOptions: {debuggerAddress: localhost:51595}, networkConnectionEnabled: false, pageLoadStrategy: normal, platformName: windows, proxy: Proxy(), se:cdp: ws://localhost:51595/devtoo..., se:cdpVersion: 120.0.6099.71, setWindowRect: true, strictFileInteractability: false, timeouts: {implicit: 0, pageLoad: 300000, script: 30000}, unhandledPromptBehavior: dismiss and notify, webauthn:extension:credBlob: true, webauthn:extension:largeBlob: true, webauthn:extension:minPinLength: true, webauthn:extension:prf: true, webauthn:virtualAuthenticators: true}
Session ID: 7e515bcc7db61ba7c8620d19aa478293
	at java.base/jdk.internal.reflect.DirectConstructorHandleAccessor.newInstance(DirectConstructorHandleAccessor.java:62)
	at java.base/java.lang.reflect.Constructor.newInstanceWithCaller(Constructor.java:502)
	at java.base/java.lang.reflect.Constructor.newInstance(Constructor.java:486)
	at org.openqa.selenium.remote.codec.w3c.W3CHttpResponseCodec.createException(W3CHttpResponseCodec.java:200)
	at org.openqa.selenium.remote.codec.w3c.W3CHttpResponseCodec.decode(W3CHttpResponseCodec.java:133)
	at org.openqa.selenium.remote.codec.w3c.W3CHttpResponseCodec.decode(W3CHttpResponseCodec.java:52)
	at org.openqa.selenium.remote.HttpCommandExecutor.execute(HttpCommandExecutor.java:191)
	at org.openqa.selenium.remote.service.DriverCommandExecutor.invokeExecute(DriverCommandExecutor.java:200)
	at org.openqa.selenium.remote.service.DriverCommandExecutor.execute(DriverCommandExecutor.java:175)
	at org.openqa.selenium.remote.RemoteWebDriver.execute(RemoteWebDriver.java:607)
	at org.openqa.selenium.remote.ElementLocation$ElementFinder$2.findElement(ElementLocation.java:165)
	at org.openqa.selenium.remote.ElementLocation.findElement(ElementLocation.java:59)
	at org.openqa.selenium.remote.RemoteWebDriver.findElement(RemoteWebDriver.java:364)
	at org.openqa.selenium.remote.RemoteWebDriver.findElement(RemoteWebDriver.java:358)
	at com.pages.TryHerePage.tryhere(TryHerePage.java:69)
	at StepDefinition.TryHereSD.the_user_navigates_to_try_editor_page(TryHereSD.java:17)
	at ✽.The User navigates to Try EditorPage(file:///C:/Users/saran/eclipse-workspace/DS-ALGO5/src/test/resources/Features/05_Arrays.feature:81)
</pre></div></td>
<td>20</td>
<td>TestRunner.TestRunnerTestng@388ba540</td></tr>
<tr>
<td title='TestRunner.TestRunnerTestng.runScenario()'><b>runScenario</b><br>Test class: TestRunner.TestRunnerTestng<br>Test method: Runs Cucumber Scenarios<br>Parameters: "The user clicks TryHere button with Ivalid Text and Error message", "Arrays Homepage"</td>
<td><div><pre>org.openqa.selenium.NoSuchElementException: no such element: Unable to locate element: {&quot;method&quot;:&quot;link text&quot;,&quot;selector&quot;:&quot;Try here&gt;&gt;&gt;&quot;}
  (Session info: chrome=120.0.6099.71)
For documentation on this error, please visit: https://www.selenium.dev/documentation/webdriver/troubleshooting/errors#no-such-element-exception
Build info: version: &apos;4.15.0&apos;, revision: &apos;1d14b5521b&apos;
System info: os.name: &apos;Windows 11&apos;, os.arch: &apos;amd64&apos;, os.version: &apos;10.0&apos;, java.version: &apos;21&apos;
Driver info: org.openqa.selenium.chrome.ChromeDriver
Command: [7e515bcc7db61ba7c8620d19aa478293, findElement {using=link text, value=Try here&gt;&gt;&gt;}]
Capabilities {acceptInsecureCerts: false, browserName: chrome, browserVersion: 120.0.6099.71, chrome: {chromedriverVersion: 120.0.6099.109 (3419140ab66..., userDataDir: C:\Users\saran\AppData\Loca...}, fedcm:accounts: true, goog:chromeOptions: {debuggerAddress: localhost:51595}, networkConnectionEnabled: false, pageLoadStrategy: normal, platformName: windows, proxy: Proxy(), se:cdp: ws://localhost:51595/devtoo..., se:cdpVersion: 120.0.6099.71, setWindowRect: true, strictFileInteractability: false, timeouts: {implicit: 0, pageLoad: 300000, script: 30000}, unhandledPromptBehavior: dismiss and notify, webauthn:extension:credBlob: true, webauthn:extension:largeBlob: true, webauthn:extension:minPinLength: true, webauthn:extension:prf: true, webauthn:virtualAuthenticators: true}
Session ID: 7e515bcc7db61ba7c8620d19aa478293
	at java.base/jdk.internal.reflect.DirectConstructorHandleAccessor.newInstance(DirectConstructorHandleAccessor.java:62)
	at java.base/java.lang.reflect.Constructor.newInstanceWithCaller(Constructor.java:502)
	at java.base/java.lang.reflect.Constructor.newInstance(Constructor.java:486)
	at org.openqa.selenium.remote.codec.w3c.W3CHttpResponseCodec.createException(W3CHttpResponseCodec.java:200)
	at org.openqa.selenium.remote.codec.w3c.W3CHttpResponseCodec.decode(W3CHttpResponseCodec.java:133)
	at org.openqa.selenium.remote.codec.w3c.W3CHttpResponseCodec.decode(W3CHttpResponseCodec.java:52)
	at org.openqa.selenium.remote.HttpCommandExecutor.execute(HttpCommandExecutor.java:191)
	at org.openqa.selenium.remote.service.DriverCommandExecutor.invokeExecute(DriverCommandExecutor.java:200)
	at org.openqa.selenium.remote.service.DriverCommandExecutor.execute(DriverCommandExecutor.java:175)
	at org.openqa.selenium.remote.RemoteWebDriver.execute(RemoteWebDriver.java:607)
	at org.openqa.selenium.remote.ElementLocation$ElementFinder$2.findElement(ElementLocation.java:165)
	at org.openqa.selenium.remote.ElementLocation.findElement(ElementLocation.java:59)
	at org.openqa.selenium.remote.RemoteWebDriver.findElement(RemoteWebDriver.java:364)
	at org.openqa.selenium.remote.RemoteWebDriver.findElement(RemoteWebDriver.java:358)
	at com.pages.TryHerePage.tryhere(TryHerePage.java:69)
	at StepDefinition.TryHereSD.the_user_navigates_to_try_editor_page(TryHereSD.java:17)
	at ✽.The User navigates to Try EditorPage(file:///C:/Users/saran/eclipse-workspace/DS-ALGO5/src/test/resources/Features/05_Arrays.feature:45)
</pre></div><a href='#' onClick='toggleBox("stack-trace1749286340", this, "Click to show all stack frames", "Click to hide stack frames")'>Click to show all stack frames</a>
<div class='stack-trace' id='stack-trace1749286340'><pre>org.openqa.selenium.NoSuchElementException: no such element: Unable to locate element: {&quot;method&quot;:&quot;link text&quot;,&quot;selector&quot;:&quot;Try here&gt;&gt;&gt;&quot;}
  (Session info: chrome=120.0.6099.71)
For documentation on this error, please visit: https://www.selenium.dev/documentation/webdriver/troubleshooting/errors#no-such-element-exception
Build info: version: &apos;4.15.0&apos;, revision: &apos;1d14b5521b&apos;
System info: os.name: &apos;Windows 11&apos;, os.arch: &apos;amd64&apos;, os.version: &apos;10.0&apos;, java.version: &apos;21&apos;
Driver info: org.openqa.selenium.chrome.ChromeDriver
Command: [7e515bcc7db61ba7c8620d19aa478293, findElement {using=link text, value=Try here&gt;&gt;&gt;}]
Capabilities {acceptInsecureCerts: false, browserName: chrome, browserVersion: 120.0.6099.71, chrome: {chromedriverVersion: 120.0.6099.109 (3419140ab66..., userDataDir: C:\Users\saran\AppData\Loca...}, fedcm:accounts: true, goog:chromeOptions: {debuggerAddress: localhost:51595}, networkConnectionEnabled: false, pageLoadStrategy: normal, platformName: windows, proxy: Proxy(), se:cdp: ws://localhost:51595/devtoo..., se:cdpVersion: 120.0.6099.71, setWindowRect: true, strictFileInteractability: false, timeouts: {implicit: 0, pageLoad: 300000, script: 30000}, unhandledPromptBehavior: dismiss and notify, webauthn:extension:credBlob: true, webauthn:extension:largeBlob: true, webauthn:extension:minPinLength: true, webauthn:extension:prf: true, webauthn:virtualAuthenticators: true}
Session ID: 7e515bcc7db61ba7c8620d19aa478293
	at java.base/jdk.internal.reflect.DirectConstructorHandleAccessor.newInstance(DirectConstructorHandleAccessor.java:62)
	at java.base/java.lang.reflect.Constructor.newInstanceWithCaller(Constructor.java:502)
	at java.base/java.lang.reflect.Constructor.newInstance(Constructor.java:486)
	at org.openqa.selenium.remote.codec.w3c.W3CHttpResponseCodec.createException(W3CHttpResponseCodec.java:200)
	at org.openqa.selenium.remote.codec.w3c.W3CHttpResponseCodec.decode(W3CHttpResponseCodec.java:133)
	at org.openqa.selenium.remote.codec.w3c.W3CHttpResponseCodec.decode(W3CHttpResponseCodec.java:52)
	at org.openqa.selenium.remote.HttpCommandExecutor.execute(HttpCommandExecutor.java:191)
	at org.openqa.selenium.remote.service.DriverCommandExecutor.invokeExecute(DriverCommandExecutor.java:200)
	at org.openqa.selenium.remote.service.DriverCommandExecutor.execute(DriverCommandExecutor.java:175)
	at org.openqa.selenium.remote.RemoteWebDriver.execute(RemoteWebDriver.java:607)
	at org.openqa.selenium.remote.ElementLocation$ElementFinder$2.findElement(ElementLocation.java:165)
	at org.openqa.selenium.remote.ElementLocation.findElement(ElementLocation.java:59)
	at org.openqa.selenium.remote.RemoteWebDriver.findElement(RemoteWebDriver.java:364)
	at org.openqa.selenium.remote.RemoteWebDriver.findElement(RemoteWebDriver.java:358)
	at com.pages.TryHerePage.tryhere(TryHerePage.java:69)
	at StepDefinition.TryHereSD.the_user_navigates_to_try_editor_page(TryHereSD.java:17)
	at ✽.The User navigates to Try EditorPage(file:///C:/Users/saran/eclipse-workspace/DS-ALGO5/src/test/resources/Features/05_Arrays.feature:45)
</pre></div></td>
<td>20</td>
<td>TestRunner.TestRunnerTestng@388ba540</td></tr>
<tr>
<td title='TestRunner.TestRunnerTestng.runScenario()'><b>runScenario</b><br>Test class: TestRunner.TestRunnerTestng<br>Test method: Runs Cucumber Scenarios<br>Parameters: "The user enters Array Page", "Arrays Homepage"</td>
<td><div><pre>org.openqa.selenium.NoSuchElementException: no such element: Unable to locate element: {&quot;method&quot;:&quot;xpath&quot;,&quot;selector&quot;:&quot;//h5[contains(text(),&apos;Array&apos;)]/..//a&quot;}
  (Session info: chrome=120.0.6099.71)
For documentation on this error, please visit: https://www.selenium.dev/documentation/webdriver/troubleshooting/errors#no-such-element-exception
Build info: version: &apos;4.15.0&apos;, revision: &apos;1d14b5521b&apos;
System info: os.name: &apos;Windows 11&apos;, os.arch: &apos;amd64&apos;, os.version: &apos;10.0&apos;, java.version: &apos;21&apos;
Driver info: org.openqa.selenium.chrome.ChromeDriver
Command: [7e515bcc7db61ba7c8620d19aa478293, findElement {using=xpath, value=//h5[contains(text(),&apos;Array&apos;)]/..//a}]
Capabilities {acceptInsecureCerts: false, browserName: chrome, browserVersion: 120.0.6099.71, chrome: {chromedriverVersion: 120.0.6099.109 (3419140ab66..., userDataDir: C:\Users\saran\AppData\Loca...}, fedcm:accounts: true, goog:chromeOptions: {debuggerAddress: localhost:51595}, networkConnectionEnabled: false, pageLoadStrategy: normal, platformName: windows, proxy: Proxy(), se:cdp: ws://localhost:51595/devtoo..., se:cdpVersion: 120.0.6099.71, setWindowRect: true, strictFileInteractability: false, timeouts: {implicit: 0, pageLoad: 300000, script: 30000}, unhandledPromptBehavior: dismiss and notify, webauthn:extension:credBlob: true, webauthn:extension:largeBlob: true, webauthn:extension:minPinLength: true, webauthn:extension:prf: true, webauthn:virtualAuthenticators: true}
Session ID: 7e515bcc7db61ba7c8620d19aa478293
	at java.base/jdk.internal.reflect.DirectConstructorHandleAccessor.newInstance(DirectConstructorHandleAccessor.java:62)
	at java.base/java.lang.reflect.Constructor.newInstanceWithCaller(Constructor.java:502)
	at java.base/java.lang.reflect.Constructor.newInstance(Constructor.java:486)
	at org.openqa.selenium.remote.codec.w3c.W3CHttpResponseCodec.createException(W3CHttpResponseCodec.java:200)
	at org.openqa.selenium.remote.codec.w3c.W3CHttpResponseCodec.decode(W3CHttpResponseCodec.java:133)
	at org.openqa.selenium.remote.codec.w3c.W3CHttpResponseCodec.decode(W3CHttpResponseCodec.java:52)
	at org.openqa.selenium.remote.HttpCommandExecutor.execute(HttpCommandExecutor.java:191)
	at org.openqa.selenium.remote.service.DriverCommandExecutor.invokeExecute(DriverCommandExecutor.java:200)
	at org.openqa.selenium.remote.service.DriverCommandExecutor.execute(DriverCommandExecutor.java:175)
	at org.openqa.selenium.remote.RemoteWebDriver.execute(RemoteWebDriver.java:607)
	at org.openqa.selenium.remote.ElementLocation$ElementFinder$2.findElement(ElementLocation.java:165)
	at org.openqa.selenium.remote.ElementLocation.findElement(ElementLocation.java:59)
	at org.openqa.selenium.remote.RemoteWebDriver.findElement(RemoteWebDriver.java:364)
	at org.openqa.selenium.remote.RemoteWebDriver.findElement(RemoteWebDriver.java:358)
	at com.pages.ArrayPage.getStarted(ArrayPage.java:42)
	at StepDefinition.ArraysSD.user_click_the_get_stared_button_under_array_subtitle(ArraysSD.java:21)
	at ✽.User click the GetStared button under Array subtitle(file:///C:/Users/saran/eclipse-workspace/DS-ALGO5/src/test/resources/Features/05_Arrays.feature:14)
</pre></div><a href='#' onClick='toggleBox("stack-trace1225628737", this, "Click to show all stack frames", "Click to hide stack frames")'>Click to show all stack frames</a>
<div class='stack-trace' id='stack-trace1225628737'><pre>org.openqa.selenium.NoSuchElementException: no such element: Unable to locate element: {&quot;method&quot;:&quot;xpath&quot;,&quot;selector&quot;:&quot;//h5[contains(text(),&apos;Array&apos;)]/..//a&quot;}
  (Session info: chrome=120.0.6099.71)
For documentation on this error, please visit: https://www.selenium.dev/documentation/webdriver/troubleshooting/errors#no-such-element-exception
Build info: version: &apos;4.15.0&apos;, revision: &apos;1d14b5521b&apos;
System info: os.name: &apos;Windows 11&apos;, os.arch: &apos;amd64&apos;, os.version: &apos;10.0&apos;, java.version: &apos;21&apos;
Driver info: org.openqa.selenium.chrome.ChromeDriver
Command: [7e515bcc7db61ba7c8620d19aa478293, findElement {using=xpath, value=//h5[contains(text(),&apos;Array&apos;)]/..//a}]
Capabilities {acceptInsecureCerts: false, browserName: chrome, browserVersion: 120.0.6099.71, chrome: {chromedriverVersion: 120.0.6099.109 (3419140ab66..., userDataDir: C:\Users\saran\AppData\Loca...}, fedcm:accounts: true, goog:chromeOptions: {debuggerAddress: localhost:51595}, networkConnectionEnabled: false, pageLoadStrategy: normal, platformName: windows, proxy: Proxy(), se:cdp: ws://localhost:51595/devtoo..., se:cdpVersion: 120.0.6099.71, setWindowRect: true, strictFileInteractability: false, timeouts: {implicit: 0, pageLoad: 300000, script: 30000}, unhandledPromptBehavior: dismiss and notify, webauthn:extension:credBlob: true, webauthn:extension:largeBlob: true, webauthn:extension:minPinLength: true, webauthn:extension:prf: true, webauthn:virtualAuthenticators: true}
Session ID: 7e515bcc7db61ba7c8620d19aa478293
	at java.base/jdk.internal.reflect.DirectConstructorHandleAccessor.newInstance(DirectConstructorHandleAccessor.java:62)
	at java.base/java.lang.reflect.Constructor.newInstanceWithCaller(Constructor.java:502)
	at java.base/java.lang.reflect.Constructor.newInstance(Constructor.java:486)
	at org.openqa.selenium.remote.codec.w3c.W3CHttpResponseCodec.createException(W3CHttpResponseCodec.java:200)
	at org.openqa.selenium.remote.codec.w3c.W3CHttpResponseCodec.decode(W3CHttpResponseCodec.java:133)
	at org.openqa.selenium.remote.codec.w3c.W3CHttpResponseCodec.decode(W3CHttpResponseCodec.java:52)
	at org.openqa.selenium.remote.HttpCommandExecutor.execute(HttpCommandExecutor.java:191)
	at org.openqa.selenium.remote.service.DriverCommandExecutor.invokeExecute(DriverCommandExecutor.java:200)
	at org.openqa.selenium.remote.service.DriverCommandExecutor.execute(DriverCommandExecutor.java:175)
	at org.openqa.selenium.remote.RemoteWebDriver.execute(RemoteWebDriver.java:607)
	at org.openqa.selenium.remote.ElementLocation$ElementFinder$2.findElement(ElementLocation.java:165)
	at org.openqa.selenium.remote.ElementLocation.findElement(ElementLocation.java:59)
	at org.openqa.selenium.remote.RemoteWebDriver.findElement(RemoteWebDriver.java:364)
	at org.openqa.selenium.remote.RemoteWebDriver.findElement(RemoteWebDriver.java:358)
	at com.pages.ArrayPage.getStarted(ArrayPage.java:42)
	at StepDefinition.ArraysSD.user_click_the_get_stared_button_under_array_subtitle(ArraysSD.java:21)
	at ✽.User click the GetStared button under Array subtitle(file:///C:/Users/saran/eclipse-workspace/DS-ALGO5/src/test/resources/Features/05_Arrays.feature:14)
</pre></div></td>
<td>20</td>
<td>TestRunner.TestRunnerTestng@388ba540</td></tr>
<tr>
<td title='TestRunner.TestRunnerTestng.runScenario()'><b>runScenario</b><br>Test class: TestRunner.TestRunnerTestng<br>Test method: Runs Cucumber Scenarios<br>Parameters: "The user  Applications of Array in Arrays", "Arrays Homepage"</td>
<td><div><pre>org.openqa.selenium.NoSuchElementException: no such element: Unable to locate element: {&quot;method&quot;:&quot;link text&quot;,&quot;selector&quot;:&quot;Applications of Array&quot;}
  (Session info: chrome=120.0.6099.71)
For documentation on this error, please visit: https://www.selenium.dev/documentation/webdriver/troubleshooting/errors#no-such-element-exception
Build info: version: &apos;4.15.0&apos;, revision: &apos;1d14b5521b&apos;
System info: os.name: &apos;Windows 11&apos;, os.arch: &apos;amd64&apos;, os.version: &apos;10.0&apos;, java.version: &apos;21&apos;
Driver info: org.openqa.selenium.chrome.ChromeDriver
Command: [7e515bcc7db61ba7c8620d19aa478293, findElement {using=link text, value=Applications of Array}]
Capabilities {acceptInsecureCerts: false, browserName: chrome, browserVersion: 120.0.6099.71, chrome: {chromedriverVersion: 120.0.6099.109 (3419140ab66..., userDataDir: C:\Users\saran\AppData\Loca...}, fedcm:accounts: true, goog:chromeOptions: {debuggerAddress: localhost:51595}, networkConnectionEnabled: false, pageLoadStrategy: normal, platformName: windows, proxy: Proxy(), se:cdp: ws://localhost:51595/devtoo..., se:cdpVersion: 120.0.6099.71, setWindowRect: true, strictFileInteractability: false, timeouts: {implicit: 0, pageLoad: 300000, script: 30000}, unhandledPromptBehavior: dismiss and notify, webauthn:extension:credBlob: true, webauthn:extension:largeBlob: true, webauthn:extension:minPinLength: true, webauthn:extension:prf: true, webauthn:virtualAuthenticators: true}
Session ID: 7e515bcc7db61ba7c8620d19aa478293
	at java.base/jdk.internal.reflect.DirectConstructorHandleAccessor.newInstance(DirectConstructorHandleAccessor.java:62)
	at java.base/java.lang.reflect.Constructor.newInstanceWithCaller(Constructor.java:502)
	at java.base/java.lang.reflect.Constructor.newInstance(Constructor.java:486)
	at org.openqa.selenium.remote.codec.w3c.W3CHttpResponseCodec.createException(W3CHttpResponseCodec.java:200)
	at org.openqa.selenium.remote.codec.w3c.W3CHttpResponseCodec.decode(W3CHttpResponseCodec.java:133)
	at org.openqa.selenium.remote.codec.w3c.W3CHttpResponseCodec.decode(W3CHttpResponseCodec.java:52)
	at org.openqa.selenium.remote.HttpCommandExecutor.execute(HttpCommandExecutor.java:191)
	at org.openqa.selenium.remote.service.DriverCommandExecutor.invokeExecute(DriverCommandExecutor.java:200)
	at org.openqa.selenium.remote.service.DriverCommandExecutor.execute(DriverCommandExecutor.java:175)
	at org.openqa.selenium.remote.RemoteWebDriver.execute(RemoteWebDriver.java:607)
	at org.openqa.selenium.remote.ElementLocation$ElementFinder$2.findElement(ElementLocation.java:165)
	at org.openqa.selenium.remote.ElementLocation.findElement(ElementLocation.java:59)
	at org.openqa.selenium.remote.RemoteWebDriver.findElement(RemoteWebDriver.java:364)
	at org.openqa.selenium.remote.RemoteWebDriver.findElement(RemoteWebDriver.java:358)
	at com.pages.ArrayPage.ClickonApplication(ArrayPage.java:58)
	at StepDefinition.ArraysSD.userClickOnApplicationsOfArray(ArraysSD.java:63)
	at ✽.User click on Applications of Array(file:///C:/Users/saran/eclipse-workspace/DS-ALGO5/src/test/resources/Features/05_Arrays.feature:70)
</pre></div><a href='#' onClick='toggleBox("stack-trace922786124", this, "Click to show all stack frames", "Click to hide stack frames")'>Click to show all stack frames</a>
<div class='stack-trace' id='stack-trace922786124'><pre>org.openqa.selenium.NoSuchElementException: no such element: Unable to locate element: {&quot;method&quot;:&quot;link text&quot;,&quot;selector&quot;:&quot;Applications of Array&quot;}
  (Session info: chrome=120.0.6099.71)
For documentation on this error, please visit: https://www.selenium.dev/documentation/webdriver/troubleshooting/errors#no-such-element-exception
Build info: version: &apos;4.15.0&apos;, revision: &apos;1d14b5521b&apos;
System info: os.name: &apos;Windows 11&apos;, os.arch: &apos;amd64&apos;, os.version: &apos;10.0&apos;, java.version: &apos;21&apos;
Driver info: org.openqa.selenium.chrome.ChromeDriver
Command: [7e515bcc7db61ba7c8620d19aa478293, findElement {using=link text, value=Applications of Array}]
Capabilities {acceptInsecureCerts: false, browserName: chrome, browserVersion: 120.0.6099.71, chrome: {chromedriverVersion: 120.0.6099.109 (3419140ab66..., userDataDir: C:\Users\saran\AppData\Loca...}, fedcm:accounts: true, goog:chromeOptions: {debuggerAddress: localhost:51595}, networkConnectionEnabled: false, pageLoadStrategy: normal, platformName: windows, proxy: Proxy(), se:cdp: ws://localhost:51595/devtoo..., se:cdpVersion: 120.0.6099.71, setWindowRect: true, strictFileInteractability: false, timeouts: {implicit: 0, pageLoad: 300000, script: 30000}, unhandledPromptBehavior: dismiss and notify, webauthn:extension:credBlob: true, webauthn:extension:largeBlob: true, webauthn:extension:minPinLength: true, webauthn:extension:prf: true, webauthn:virtualAuthenticators: true}
Session ID: 7e515bcc7db61ba7c8620d19aa478293
	at java.base/jdk.internal.reflect.DirectConstructorHandleAccessor.newInstance(DirectConstructorHandleAccessor.java:62)
	at java.base/java.lang.reflect.Constructor.newInstanceWithCaller(Constructor.java:502)
	at java.base/java.lang.reflect.Constructor.newInstance(Constructor.java:486)
	at org.openqa.selenium.remote.codec.w3c.W3CHttpResponseCodec.createException(W3CHttpResponseCodec.java:200)
	at org.openqa.selenium.remote.codec.w3c.W3CHttpResponseCodec.decode(W3CHttpResponseCodec.java:133)
	at org.openqa.selenium.remote.codec.w3c.W3CHttpResponseCodec.decode(W3CHttpResponseCodec.java:52)
	at org.openqa.selenium.remote.HttpCommandExecutor.execute(HttpCommandExecutor.java:191)
	at org.openqa.selenium.remote.service.DriverCommandExecutor.invokeExecute(DriverCommandExecutor.java:200)
	at org.openqa.selenium.remote.service.DriverCommandExecutor.execute(DriverCommandExecutor.java:175)
	at org.openqa.selenium.remote.RemoteWebDriver.execute(RemoteWebDriver.java:607)
	at org.openqa.selenium.remote.ElementLocation$ElementFinder$2.findElement(ElementLocation.java:165)
	at org.openqa.selenium.remote.ElementLocation.findElement(ElementLocation.java:59)
	at org.openqa.selenium.remote.RemoteWebDriver.findElement(RemoteWebDriver.java:364)
	at org.openqa.selenium.remote.RemoteWebDriver.findElement(RemoteWebDriver.java:358)
	at com.pages.ArrayPage.ClickonApplication(ArrayPage.java:58)
	at StepDefinition.ArraysSD.userClickOnApplicationsOfArray(ArraysSD.java:63)
	at ✽.User click on Applications of Array(file:///C:/Users/saran/eclipse-workspace/DS-ALGO5/src/test/resources/Features/05_Arrays.feature:70)
</pre></div></td>
<td>20</td>
<td>TestRunner.TestRunnerTestng@388ba540</td></tr>
<tr>
<td title='TestRunner.TestRunnerTestng.runScenario()'><b>runScenario</b><br>Test class: TestRunner.TestRunnerTestng<br>Test method: Runs Cucumber Scenarios<br>Parameters: "Registration scenario", "Title of your feature   I want to use this template for my feature file"</td>
<td><div><pre>org.junit.ComparisonFailure: expected:&lt;...alapp.herokuapp.com/[register]&gt; but was:&lt;...alapp.herokuapp.com/[home]&gt;
	at org.junit.Assert.assertEquals(Assert.java:117)
	at org.junit.Assert.assertEquals(Assert.java:146)
	at com.pages.RegisterPage.HomeURL(RegisterPage.java:152)
	at StepDefinition.RegisterSD.the_user_should_be_redirected_to_homepage_with_the_message_new_account_created_you_are_logged_in_as_username(RegisterSD.java:210)
	at ✽.The user should be redirected to Homepage with the message -New Account Created. You are logged in as &lt;username&gt;(file:///C:/Users/saran/eclipse-workspace/DS-ALGO5/src/test/resources/Features/02_Register.feature:29)
</pre></div><a href='#' onClick='toggleBox("stack-trace266374831", this, "Click to show all stack frames", "Click to hide stack frames")'>Click to show all stack frames</a>
<div class='stack-trace' id='stack-trace266374831'><pre>org.junit.ComparisonFailure: expected:&lt;...alapp.herokuapp.com/[register]&gt; but was:&lt;...alapp.herokuapp.com/[home]&gt;
	at org.junit.Assert.assertEquals(Assert.java:117)
	at org.junit.Assert.assertEquals(Assert.java:146)
	at com.pages.RegisterPage.HomeURL(RegisterPage.java:152)
	at StepDefinition.RegisterSD.the_user_should_be_redirected_to_homepage_with_the_message_new_account_created_you_are_logged_in_as_username(RegisterSD.java:210)
	at ✽.The user should be redirected to Homepage with the message -New Account Created. You are logged in as &lt;username&gt;(file:///C:/Users/saran/eclipse-workspace/DS-ALGO5/src/test/resources/Features/02_Register.feature:29)
</pre></div></td>
<td>4</td>
<td>TestRunner.TestRunnerTestng@388ba540</td></tr>
<tr>
<td title='TestRunner.TestRunnerTestng.runScenario()'><b>runScenario</b><br>Test class: TestRunner.TestRunnerTestng<br>Test method: Runs Cucumber Scenarios<br>Parameters: "User click on Signout", "Data Structures-Introduction Homepage"</td>
<td><div><pre>org.openqa.selenium.NoSuchElementException: no such element: Unable to locate element: {&quot;method&quot;:&quot;partial link text&quot;,&quot;selector&quot;:&quot;Sign out&quot;}
  (Session info: chrome=120.0.6099.71)
For documentation on this error, please visit: https://www.selenium.dev/documentation/webdriver/troubleshooting/errors#no-such-element-exception
Build info: version: &apos;4.15.0&apos;, revision: &apos;1d14b5521b&apos;
System info: os.name: &apos;Windows 11&apos;, os.arch: &apos;amd64&apos;, os.version: &apos;10.0&apos;, java.version: &apos;21&apos;
Driver info: org.openqa.selenium.chrome.ChromeDriver
Command: [7e515bcc7db61ba7c8620d19aa478293, findElement {using=partial link text, value=Sign out}]
Capabilities {acceptInsecureCerts: false, browserName: chrome, browserVersion: 120.0.6099.71, chrome: {chromedriverVersion: 120.0.6099.109 (3419140ab66..., userDataDir: C:\Users\saran\AppData\Loca...}, fedcm:accounts: true, goog:chromeOptions: {debuggerAddress: localhost:51595}, networkConnectionEnabled: false, pageLoadStrategy: normal, platformName: windows, proxy: Proxy(), se:cdp: ws://localhost:51595/devtoo..., se:cdpVersion: 120.0.6099.71, setWindowRect: true, strictFileInteractability: false, timeouts: {implicit: 0, pageLoad: 300000, script: 30000}, unhandledPromptBehavior: dismiss and notify, webauthn:extension:credBlob: true, webauthn:extension:largeBlob: true, webauthn:extension:minPinLength: true, webauthn:extension:prf: true, webauthn:virtualAuthenticators: true}
Session ID: 7e515bcc7db61ba7c8620d19aa478293
	at java.base/jdk.internal.reflect.DirectConstructorHandleAccessor.newInstance(DirectConstructorHandleAccessor.java:62)
	at java.base/java.lang.reflect.Constructor.newInstanceWithCaller(Constructor.java:502)
	at java.base/java.lang.reflect.Constructor.newInstance(Constructor.java:486)
	at org.openqa.selenium.remote.codec.w3c.W3CHttpResponseCodec.createException(W3CHttpResponseCodec.java:200)
	at org.openqa.selenium.remote.codec.w3c.W3CHttpResponseCodec.decode(W3CHttpResponseCodec.java:133)
	at org.openqa.selenium.remote.codec.w3c.W3CHttpResponseCodec.decode(W3CHttpResponseCodec.java:52)
	at org.openqa.selenium.remote.HttpCommandExecutor.execute(HttpCommandExecutor.java:191)
	at org.openqa.selenium.remote.service.DriverCommandExecutor.invokeExecute(DriverCommandExecutor.java:200)
	at org.openqa.selenium.remote.service.DriverCommandExecutor.execute(DriverCommandExecutor.java:175)
	at org.openqa.selenium.remote.RemoteWebDriver.execute(RemoteWebDriver.java:607)
	at org.openqa.selenium.remote.ElementLocation$ElementFinder$2.findElement(ElementLocation.java:165)
	at org.openqa.selenium.remote.ElementLocation.findElement(ElementLocation.java:59)
	at org.openqa.selenium.remote.RemoteWebDriver.findElement(RemoteWebDriver.java:364)
	at org.openqa.selenium.remote.RemoteWebDriver.findElement(RemoteWebDriver.java:358)
	at com.pages.SignInPage.clickSignOut(SignInPage.java:77)
	at StepDefinition.SignInSD.user_click_on_signout(SignInSD.java:92)
	at ✽.User click on Signout(file:///C:/Users/saran/eclipse-workspace/DS-ALGO5/src/test/resources/Features/04_DataStucture.feature:37)
</pre></div><a href='#' onClick='toggleBox("stack-trace433545478", this, "Click to show all stack frames", "Click to hide stack frames")'>Click to show all stack frames</a>
<div class='stack-trace' id='stack-trace433545478'><pre>org.openqa.selenium.NoSuchElementException: no such element: Unable to locate element: {&quot;method&quot;:&quot;partial link text&quot;,&quot;selector&quot;:&quot;Sign out&quot;}
  (Session info: chrome=120.0.6099.71)
For documentation on this error, please visit: https://www.selenium.dev/documentation/webdriver/troubleshooting/errors#no-such-element-exception
Build info: version: &apos;4.15.0&apos;, revision: &apos;1d14b5521b&apos;
System info: os.name: &apos;Windows 11&apos;, os.arch: &apos;amd64&apos;, os.version: &apos;10.0&apos;, java.version: &apos;21&apos;
Driver info: org.openqa.selenium.chrome.ChromeDriver
Command: [7e515bcc7db61ba7c8620d19aa478293, findElement {using=partial link text, value=Sign out}]
Capabilities {acceptInsecureCerts: false, browserName: chrome, browserVersion: 120.0.6099.71, chrome: {chromedriverVersion: 120.0.6099.109 (3419140ab66..., userDataDir: C:\Users\saran\AppData\Loca...}, fedcm:accounts: true, goog:chromeOptions: {debuggerAddress: localhost:51595}, networkConnectionEnabled: false, pageLoadStrategy: normal, platformName: windows, proxy: Proxy(), se:cdp: ws://localhost:51595/devtoo..., se:cdpVersion: 120.0.6099.71, setWindowRect: true, strictFileInteractability: false, timeouts: {implicit: 0, pageLoad: 300000, script: 30000}, unhandledPromptBehavior: dismiss and notify, webauthn:extension:credBlob: true, webauthn:extension:largeBlob: true, webauthn:extension:minPinLength: true, webauthn:extension:prf: true, webauthn:virtualAuthenticators: true}
Session ID: 7e515bcc7db61ba7c8620d19aa478293
	at java.base/jdk.internal.reflect.DirectConstructorHandleAccessor.newInstance(DirectConstructorHandleAccessor.java:62)
	at java.base/java.lang.reflect.Constructor.newInstanceWithCaller(Constructor.java:502)
	at java.base/java.lang.reflect.Constructor.newInstance(Constructor.java:486)
	at org.openqa.selenium.remote.codec.w3c.W3CHttpResponseCodec.createException(W3CHttpResponseCodec.java:200)
	at org.openqa.selenium.remote.codec.w3c.W3CHttpResponseCodec.decode(W3CHttpResponseCodec.java:133)
	at org.openqa.selenium.remote.codec.w3c.W3CHttpResponseCodec.decode(W3CHttpResponseCodec.java:52)
	at org.openqa.selenium.remote.HttpCommandExecutor.execute(HttpCommandExecutor.java:191)
	at org.openqa.selenium.remote.service.DriverCommandExecutor.invokeExecute(DriverCommandExecutor.java:200)
	at org.openqa.selenium.remote.service.DriverCommandExecutor.execute(DriverCommandExecutor.java:175)
	at org.openqa.selenium.remote.RemoteWebDriver.execute(RemoteWebDriver.java:607)
	at org.openqa.selenium.remote.ElementLocation$ElementFinder$2.findElement(ElementLocation.java:165)
	at org.openqa.selenium.remote.ElementLocation.findElement(ElementLocation.java:59)
	at org.openqa.selenium.remote.RemoteWebDriver.findElement(RemoteWebDriver.java:364)
	at org.openqa.selenium.remote.RemoteWebDriver.findElement(RemoteWebDriver.java:358)
	at com.pages.SignInPage.clickSignOut(SignInPage.java:77)
	at StepDefinition.SignInSD.user_click_on_signout(SignInSD.java:92)
	at ✽.User click on Signout(file:///C:/Users/saran/eclipse-workspace/DS-ALGO5/src/test/resources/Features/04_DataStucture.feature:37)
</pre></div></td>
<td>20</td>
<td>TestRunner.TestRunnerTestng@388ba540</td></tr>
<tr>
<td title='TestRunner.TestRunnerTestng.runScenario()'><b>runScenario</b><br>Test class: TestRunner.TestRunnerTestng<br>Test method: Runs Cucumber Scenarios<br>Parameters: "Enter user name and password to sign in", "Sign in"</td>
<td><div><pre>java.io.FileNotFoundException: C:\Users\saran\eclipse-workspace\DS-ALGO5\src\test\resources\ExcelData\signInTestData.xlsx (The process cannot access the file because it is being used by another process)
	at java.base/java.io.FileOutputStream.open0(Native Method)
	at java.base/java.io.FileOutputStream.open(FileOutputStream.java:289)
	at java.base/java.io.FileOutputStream.&lt;init&gt;(FileOutputStream.java:230)
	at java.base/java.io.FileOutputStream.&lt;init&gt;(FileOutputStream.java:179)
	at org.apache.poi.openxml4j.opc.internal.FileHelper.copyFile(FileHelper.java:65)
	at org.apache.poi.openxml4j.opc.ZipPackage.closeImpl(ZipPackage.java:488)
	at org.apache.poi.openxml4j.opc.OPCPackage.close(OPCPackage.java:470)
	at org.apache.poi.ooxml.POIXMLDocument.close(POIXMLDocument.java:189)
	at org.apache.poi.xssf.usermodel.XSSFWorkbook.close(XSSFWorkbook.java:617)
	at com.qa.util.ExcelReader.getData(ExcelReader.java:22)
	at com.pages.SignInPage.readDataFromSheet(SignInPage.java:48)
	at StepDefinition.SignInSD.user_enters_sheetname_and_rownumber(SignInSD.java:58)
	at ✽.User enters sheetname &quot;signIn&quot; and rownumber 0(file:///C:/Users/saran/eclipse-workspace/DS-ALGO5/src/test/resources/Features/03_SigIn.feature:21)
</pre></div><a href='#' onClick='toggleBox("stack-trace1563321789", this, "Click to show all stack frames", "Click to hide stack frames")'>Click to show all stack frames</a>
<div class='stack-trace' id='stack-trace1563321789'><pre>java.io.FileNotFoundException: C:\Users\saran\eclipse-workspace\DS-ALGO5\src\test\resources\ExcelData\signInTestData.xlsx (The process cannot access the file because it is being used by another process)
	at java.base/java.io.FileOutputStream.open0(Native Method)
	at java.base/java.io.FileOutputStream.open(FileOutputStream.java:289)
	at java.base/java.io.FileOutputStream.&lt;init&gt;(FileOutputStream.java:230)
	at java.base/java.io.FileOutputStream.&lt;init&gt;(FileOutputStream.java:179)
	at org.apache.poi.openxml4j.opc.internal.FileHelper.copyFile(FileHelper.java:65)
	at org.apache.poi.openxml4j.opc.ZipPackage.closeImpl(ZipPackage.java:488)
	at org.apache.poi.openxml4j.opc.OPCPackage.close(OPCPackage.java:470)
	at org.apache.poi.ooxml.POIXMLDocument.close(POIXMLDocument.java:189)
	at org.apache.poi.xssf.usermodel.XSSFWorkbook.close(XSSFWorkbook.java:617)
	at com.qa.util.ExcelReader.getData(ExcelReader.java:22)
	at com.pages.SignInPage.readDataFromSheet(SignInPage.java:48)
	at StepDefinition.SignInSD.user_enters_sheetname_and_rownumber(SignInSD.java:58)
	at ✽.User enters sheetname &quot;signIn&quot; and rownumber 0(file:///C:/Users/saran/eclipse-workspace/DS-ALGO5/src/test/resources/Features/03_SigIn.feature:21)
</pre></div></td>
<td>0</td>
<td>TestRunner.TestRunnerTestng@388ba540</td></tr>
<tr>
<td title='TestRunner.TestRunnerTestng.runScenario()'><b>runScenario</b><br>Test class: TestRunner.TestRunnerTestng<br>Test method: Runs Cucumber Scenarios<br>Parameters: "Enter invalid user name and password to sign in", "Sign in"</td>
<td><div><pre>java.io.FileNotFoundException: C:\Users\saran\eclipse-workspace\DS-ALGO5\src\test\resources\ExcelData\signInTestData.xlsx (The process cannot access the file because it is being used by another process)
	at java.base/java.io.FileOutputStream.open0(Native Method)
	at java.base/java.io.FileOutputStream.open(FileOutputStream.java:289)
	at java.base/java.io.FileOutputStream.&lt;init&gt;(FileOutputStream.java:230)
	at java.base/java.io.FileOutputStream.&lt;init&gt;(FileOutputStream.java:179)
	at org.apache.poi.openxml4j.opc.internal.FileHelper.copyFile(FileHelper.java:65)
	at org.apache.poi.openxml4j.opc.ZipPackage.closeImpl(ZipPackage.java:488)
	at org.apache.poi.openxml4j.opc.OPCPackage.close(OPCPackage.java:470)
	at org.apache.poi.ooxml.POIXMLDocument.close(POIXMLDocument.java:189)
	at org.apache.poi.xssf.usermodel.XSSFWorkbook.close(XSSFWorkbook.java:617)
	at com.qa.util.ExcelReader.getData(ExcelReader.java:22)
	at com.pages.SignInPage.readDataFromSheet(SignInPage.java:48)
	at StepDefinition.SignInSD.user_enters_sheetname_and_rownumber(SignInSD.java:58)
	at ✽.User enters sheetname &quot;signIn&quot; and rownumber 3(file:///C:/Users/saran/eclipse-workspace/DS-ALGO5/src/test/resources/Features/03_SigIn.feature:8)
</pre></div><a href='#' onClick='toggleBox("stack-trace198347910", this, "Click to show all stack frames", "Click to hide stack frames")'>Click to show all stack frames</a>
<div class='stack-trace' id='stack-trace198347910'><pre>java.io.FileNotFoundException: C:\Users\saran\eclipse-workspace\DS-ALGO5\src\test\resources\ExcelData\signInTestData.xlsx (The process cannot access the file because it is being used by another process)
	at java.base/java.io.FileOutputStream.open0(Native Method)
	at java.base/java.io.FileOutputStream.open(FileOutputStream.java:289)
	at java.base/java.io.FileOutputStream.&lt;init&gt;(FileOutputStream.java:230)
	at java.base/java.io.FileOutputStream.&lt;init&gt;(FileOutputStream.java:179)
	at org.apache.poi.openxml4j.opc.internal.FileHelper.copyFile(FileHelper.java:65)
	at org.apache.poi.openxml4j.opc.ZipPackage.closeImpl(ZipPackage.java:488)
	at org.apache.poi.openxml4j.opc.OPCPackage.close(OPCPackage.java:470)
	at org.apache.poi.ooxml.POIXMLDocument.close(POIXMLDocument.java:189)
	at org.apache.poi.xssf.usermodel.XSSFWorkbook.close(XSSFWorkbook.java:617)
	at com.qa.util.ExcelReader.getData(ExcelReader.java:22)
	at com.pages.SignInPage.readDataFromSheet(SignInPage.java:48)
	at StepDefinition.SignInSD.user_enters_sheetname_and_rownumber(SignInSD.java:58)
	at ✽.User enters sheetname &quot;signIn&quot; and rownumber 3(file:///C:/Users/saran/eclipse-workspace/DS-ALGO5/src/test/resources/Features/03_SigIn.feature:8)
</pre></div></td>
<td>0</td>
<td>TestRunner.TestRunnerTestng@388ba540</td></tr>
<tr>
<td title='TestRunner.TestRunnerTestng.runScenario()'><b>runScenario</b><br>Test class: TestRunner.TestRunnerTestng<br>Test method: Runs Cucumber Scenarios<br>Parameters: "Try here valid Data", "Data Structures-Introduction Homepage"</td>
<td><div><pre>org.openqa.selenium.NoSuchElementException: no such element: Unable to locate element: {&quot;method&quot;:&quot;link text&quot;,&quot;selector&quot;:&quot;Try here&gt;&gt;&gt;&quot;}
  (Session info: chrome=120.0.6099.71)
For documentation on this error, please visit: https://www.selenium.dev/documentation/webdriver/troubleshooting/errors#no-such-element-exception
Build info: version: &apos;4.15.0&apos;, revision: &apos;1d14b5521b&apos;
System info: os.name: &apos;Windows 11&apos;, os.arch: &apos;amd64&apos;, os.version: &apos;10.0&apos;, java.version: &apos;21&apos;
Driver info: org.openqa.selenium.chrome.ChromeDriver
Command: [7e515bcc7db61ba7c8620d19aa478293, findElement {using=link text, value=Try here&gt;&gt;&gt;}]
Capabilities {acceptInsecureCerts: false, browserName: chrome, browserVersion: 120.0.6099.71, chrome: {chromedriverVersion: 120.0.6099.109 (3419140ab66..., userDataDir: C:\Users\saran\AppData\Loca...}, fedcm:accounts: true, goog:chromeOptions: {debuggerAddress: localhost:51595}, networkConnectionEnabled: false, pageLoadStrategy: normal, platformName: windows, proxy: Proxy(), se:cdp: ws://localhost:51595/devtoo..., se:cdpVersion: 120.0.6099.71, setWindowRect: true, strictFileInteractability: false, timeouts: {implicit: 0, pageLoad: 300000, script: 30000}, unhandledPromptBehavior: dismiss and notify, webauthn:extension:credBlob: true, webauthn:extension:largeBlob: true, webauthn:extension:minPinLength: true, webauthn:extension:prf: true, webauthn:virtualAuthenticators: true}
Session ID: 7e515bcc7db61ba7c8620d19aa478293
	at java.base/jdk.internal.reflect.DirectConstructorHandleAccessor.newInstance(DirectConstructorHandleAccessor.java:62)
	at java.base/java.lang.reflect.Constructor.newInstanceWithCaller(Constructor.java:502)
	at java.base/java.lang.reflect.Constructor.newInstance(Constructor.java:486)
	at org.openqa.selenium.remote.codec.w3c.W3CHttpResponseCodec.createException(W3CHttpResponseCodec.java:200)
	at org.openqa.selenium.remote.codec.w3c.W3CHttpResponseCodec.decode(W3CHttpResponseCodec.java:133)
	at org.openqa.selenium.remote.codec.w3c.W3CHttpResponseCodec.decode(W3CHttpResponseCodec.java:52)
	at org.openqa.selenium.remote.HttpCommandExecutor.execute(HttpCommandExecutor.java:191)
	at org.openqa.selenium.remote.service.DriverCommandExecutor.invokeExecute(DriverCommandExecutor.java:200)
	at org.openqa.selenium.remote.service.DriverCommandExecutor.execute(DriverCommandExecutor.java:175)
	at org.openqa.selenium.remote.RemoteWebDriver.execute(RemoteWebDriver.java:607)
	at org.openqa.selenium.remote.ElementLocation$ElementFinder$2.findElement(ElementLocation.java:165)
	at org.openqa.selenium.remote.ElementLocation.findElement(ElementLocation.java:59)
	at org.openqa.selenium.remote.RemoteWebDriver.findElement(RemoteWebDriver.java:364)
	at org.openqa.selenium.remote.RemoteWebDriver.findElement(RemoteWebDriver.java:358)
	at com.pages.TryHerePage.tryhere(TryHerePage.java:69)
	at StepDefinition.TryHereSD.the_user_navigates_to_try_editor_page(TryHereSD.java:17)
	at ✽.The User navigates to Try EditorPage(file:///C:/Users/saran/eclipse-workspace/DS-ALGO5/src/test/resources/Features/04_DataStucture.feature:21)
</pre></div><a href='#' onClick='toggleBox("stack-trace1026233265", this, "Click to show all stack frames", "Click to hide stack frames")'>Click to show all stack frames</a>
<div class='stack-trace' id='stack-trace1026233265'><pre>org.openqa.selenium.NoSuchElementException: no such element: Unable to locate element: {&quot;method&quot;:&quot;link text&quot;,&quot;selector&quot;:&quot;Try here&gt;&gt;&gt;&quot;}
  (Session info: chrome=120.0.6099.71)
For documentation on this error, please visit: https://www.selenium.dev/documentation/webdriver/troubleshooting/errors#no-such-element-exception
Build info: version: &apos;4.15.0&apos;, revision: &apos;1d14b5521b&apos;
System info: os.name: &apos;Windows 11&apos;, os.arch: &apos;amd64&apos;, os.version: &apos;10.0&apos;, java.version: &apos;21&apos;
Driver info: org.openqa.selenium.chrome.ChromeDriver
Command: [7e515bcc7db61ba7c8620d19aa478293, findElement {using=link text, value=Try here&gt;&gt;&gt;}]
Capabilities {acceptInsecureCerts: false, browserName: chrome, browserVersion: 120.0.6099.71, chrome: {chromedriverVersion: 120.0.6099.109 (3419140ab66..., userDataDir: C:\Users\saran\AppData\Loca...}, fedcm:accounts: true, goog:chromeOptions: {debuggerAddress: localhost:51595}, networkConnectionEnabled: false, pageLoadStrategy: normal, platformName: windows, proxy: Proxy(), se:cdp: ws://localhost:51595/devtoo..., se:cdpVersion: 120.0.6099.71, setWindowRect: true, strictFileInteractability: false, timeouts: {implicit: 0, pageLoad: 300000, script: 30000}, unhandledPromptBehavior: dismiss and notify, webauthn:extension:credBlob: true, webauthn:extension:largeBlob: true, webauthn:extension:minPinLength: true, webauthn:extension:prf: true, webauthn:virtualAuthenticators: true}
Session ID: 7e515bcc7db61ba7c8620d19aa478293
	at java.base/jdk.internal.reflect.DirectConstructorHandleAccessor.newInstance(DirectConstructorHandleAccessor.java:62)
	at java.base/java.lang.reflect.Constructor.newInstanceWithCaller(Constructor.java:502)
	at java.base/java.lang.reflect.Constructor.newInstance(Constructor.java:486)
	at org.openqa.selenium.remote.codec.w3c.W3CHttpResponseCodec.createException(W3CHttpResponseCodec.java:200)
	at org.openqa.selenium.remote.codec.w3c.W3CHttpResponseCodec.decode(W3CHttpResponseCodec.java:133)
	at org.openqa.selenium.remote.codec.w3c.W3CHttpResponseCodec.decode(W3CHttpResponseCodec.java:52)
	at org.openqa.selenium.remote.HttpCommandExecutor.execute(HttpCommandExecutor.java:191)
	at org.openqa.selenium.remote.service.DriverCommandExecutor.invokeExecute(DriverCommandExecutor.java:200)
	at org.openqa.selenium.remote.service.DriverCommandExecutor.execute(DriverCommandExecutor.java:175)
	at org.openqa.selenium.remote.RemoteWebDriver.execute(RemoteWebDriver.java:607)
	at org.openqa.selenium.remote.ElementLocation$ElementFinder$2.findElement(ElementLocation.java:165)
	at org.openqa.selenium.remote.ElementLocation.findElement(ElementLocation.java:59)
	at org.openqa.selenium.remote.RemoteWebDriver.findElement(RemoteWebDriver.java:364)
	at org.openqa.selenium.remote.RemoteWebDriver.findElement(RemoteWebDriver.java:358)
	at com.pages.TryHerePage.tryhere(TryHerePage.java:69)
	at StepDefinition.TryHereSD.the_user_navigates_to_try_editor_page(TryHereSD.java:17)
	at ✽.The User navigates to Try EditorPage(file:///C:/Users/saran/eclipse-workspace/DS-ALGO5/src/test/resources/Features/04_DataStucture.feature:21)
</pre></div></td>
<td>20</td>
<td>TestRunner.TestRunnerTestng@388ba540</td></tr>
<tr>
<td title='TestRunner.TestRunnerTestng.runScenario()'><b>runScenario</b><br>Test class: TestRunner.TestRunnerTestng<br>Test method: Runs Cucumber Scenarios<br>Parameters: "The user clicks TryHere button with valid Text", "Arrays Homepage"</td>
<td><div><pre>org.openqa.selenium.NoSuchElementException: no such element: Unable to locate element: {&quot;method&quot;:&quot;link text&quot;,&quot;selector&quot;:&quot;Try here&gt;&gt;&gt;&quot;}
  (Session info: chrome=120.0.6099.71)
For documentation on this error, please visit: https://www.selenium.dev/documentation/webdriver/troubleshooting/errors#no-such-element-exception
Build info: version: &apos;4.15.0&apos;, revision: &apos;1d14b5521b&apos;
System info: os.name: &apos;Windows 11&apos;, os.arch: &apos;amd64&apos;, os.version: &apos;10.0&apos;, java.version: &apos;21&apos;
Driver info: org.openqa.selenium.chrome.ChromeDriver
Command: [7e515bcc7db61ba7c8620d19aa478293, findElement {using=link text, value=Try here&gt;&gt;&gt;}]
Capabilities {acceptInsecureCerts: false, browserName: chrome, browserVersion: 120.0.6099.71, chrome: {chromedriverVersion: 120.0.6099.109 (3419140ab66..., userDataDir: C:\Users\saran\AppData\Loca...}, fedcm:accounts: true, goog:chromeOptions: {debuggerAddress: localhost:51595}, networkConnectionEnabled: false, pageLoadStrategy: normal, platformName: windows, proxy: Proxy(), se:cdp: ws://localhost:51595/devtoo..., se:cdpVersion: 120.0.6099.71, setWindowRect: true, strictFileInteractability: false, timeouts: {implicit: 0, pageLoad: 300000, script: 30000}, unhandledPromptBehavior: dismiss and notify, webauthn:extension:credBlob: true, webauthn:extension:largeBlob: true, webauthn:extension:minPinLength: true, webauthn:extension:prf: true, webauthn:virtualAuthenticators: true}
Session ID: 7e515bcc7db61ba7c8620d19aa478293
	at java.base/jdk.internal.reflect.DirectConstructorHandleAccessor.newInstance(DirectConstructorHandleAccessor.java:62)
	at java.base/java.lang.reflect.Constructor.newInstanceWithCaller(Constructor.java:502)
	at java.base/java.lang.reflect.Constructor.newInstance(Constructor.java:486)
	at org.openqa.selenium.remote.codec.w3c.W3CHttpResponseCodec.createException(W3CHttpResponseCodec.java:200)
	at org.openqa.selenium.remote.codec.w3c.W3CHttpResponseCodec.decode(W3CHttpResponseCodec.java:133)
	at org.openqa.selenium.remote.codec.w3c.W3CHttpResponseCodec.decode(W3CHttpResponseCodec.java:52)
	at org.openqa.selenium.remote.HttpCommandExecutor.execute(HttpCommandExecutor.java:191)
	at org.openqa.selenium.remote.service.DriverCommandExecutor.invokeExecute(DriverCommandExecutor.java:200)
	at org.openqa.selenium.remote.service.DriverCommandExecutor.execute(DriverCommandExecutor.java:175)
	at org.openqa.selenium.remote.RemoteWebDriver.execute(RemoteWebDriver.java:607)
	at org.openqa.selenium.remote.ElementLocation$ElementFinder$2.findElement(ElementLocation.java:165)
	at org.openqa.selenium.remote.ElementLocation.findElement(ElementLocation.java:59)
	at org.openqa.selenium.remote.RemoteWebDriver.findElement(RemoteWebDriver.java:364)
	at org.openqa.selenium.remote.RemoteWebDriver.findElement(RemoteWebDriver.java:358)
	at com.pages.TryHerePage.tryhere(TryHerePage.java:69)
	at StepDefinition.TryHereSD.the_user_navigates_to_try_editor_page(TryHereSD.java:17)
	at ✽.The User navigates to Try EditorPage(file:///C:/Users/saran/eclipse-workspace/DS-ALGO5/src/test/resources/Features/05_Arrays.feature:74)
</pre></div><a href='#' onClick='toggleBox("stack-trace1556116954", this, "Click to show all stack frames", "Click to hide stack frames")'>Click to show all stack frames</a>
<div class='stack-trace' id='stack-trace1556116954'><pre>org.openqa.selenium.NoSuchElementException: no such element: Unable to locate element: {&quot;method&quot;:&quot;link text&quot;,&quot;selector&quot;:&quot;Try here&gt;&gt;&gt;&quot;}
  (Session info: chrome=120.0.6099.71)
For documentation on this error, please visit: https://www.selenium.dev/documentation/webdriver/troubleshooting/errors#no-such-element-exception
Build info: version: &apos;4.15.0&apos;, revision: &apos;1d14b5521b&apos;
System info: os.name: &apos;Windows 11&apos;, os.arch: &apos;amd64&apos;, os.version: &apos;10.0&apos;, java.version: &apos;21&apos;
Driver info: org.openqa.selenium.chrome.ChromeDriver
Command: [7e515bcc7db61ba7c8620d19aa478293, findElement {using=link text, value=Try here&gt;&gt;&gt;}]
Capabilities {acceptInsecureCerts: false, browserName: chrome, browserVersion: 120.0.6099.71, chrome: {chromedriverVersion: 120.0.6099.109 (3419140ab66..., userDataDir: C:\Users\saran\AppData\Loca...}, fedcm:accounts: true, goog:chromeOptions: {debuggerAddress: localhost:51595}, networkConnectionEnabled: false, pageLoadStrategy: normal, platformName: windows, proxy: Proxy(), se:cdp: ws://localhost:51595/devtoo..., se:cdpVersion: 120.0.6099.71, setWindowRect: true, strictFileInteractability: false, timeouts: {implicit: 0, pageLoad: 300000, script: 30000}, unhandledPromptBehavior: dismiss and notify, webauthn:extension:credBlob: true, webauthn:extension:largeBlob: true, webauthn:extension:minPinLength: true, webauthn:extension:prf: true, webauthn:virtualAuthenticators: true}
Session ID: 7e515bcc7db61ba7c8620d19aa478293
	at java.base/jdk.internal.reflect.DirectConstructorHandleAccessor.newInstance(DirectConstructorHandleAccessor.java:62)
	at java.base/java.lang.reflect.Constructor.newInstanceWithCaller(Constructor.java:502)
	at java.base/java.lang.reflect.Constructor.newInstance(Constructor.java:486)
	at org.openqa.selenium.remote.codec.w3c.W3CHttpResponseCodec.createException(W3CHttpResponseCodec.java:200)
	at org.openqa.selenium.remote.codec.w3c.W3CHttpResponseCodec.decode(W3CHttpResponseCodec.java:133)
	at org.openqa.selenium.remote.codec.w3c.W3CHttpResponseCodec.decode(W3CHttpResponseCodec.java:52)
	at org.openqa.selenium.remote.HttpCommandExecutor.execute(HttpCommandExecutor.java:191)
	at org.openqa.selenium.remote.service.DriverCommandExecutor.invokeExecute(DriverCommandExecutor.java:200)
	at org.openqa.selenium.remote.service.DriverCommandExecutor.execute(DriverCommandExecutor.java:175)
	at org.openqa.selenium.remote.RemoteWebDriver.execute(RemoteWebDriver.java:607)
	at org.openqa.selenium.remote.ElementLocation$ElementFinder$2.findElement(ElementLocation.java:165)
	at org.openqa.selenium.remote.ElementLocation.findElement(ElementLocation.java:59)
	at org.openqa.selenium.remote.RemoteWebDriver.findElement(RemoteWebDriver.java:364)
	at org.openqa.selenium.remote.RemoteWebDriver.findElement(RemoteWebDriver.java:358)
	at com.pages.TryHerePage.tryhere(TryHerePage.java:69)
	at StepDefinition.TryHereSD.the_user_navigates_to_try_editor_page(TryHereSD.java:17)
	at ✽.The User navigates to Try EditorPage(file:///C:/Users/saran/eclipse-workspace/DS-ALGO5/src/test/resources/Features/05_Arrays.feature:74)
</pre></div></td>
<td>20</td>
<td>TestRunner.TestRunnerTestng@388ba540</td></tr>
<tr>
<td title='TestRunner.TestRunnerTestng.runScenario()'><b>runScenario</b><br>Test class: TestRunner.TestRunnerTestng<br>Test method: Runs Cucumber Scenarios<br>Parameters: "User click on Signout", "Sign in"</td>
<td><div><pre>org.openqa.selenium.NoSuchElementException: no such element: Unable to locate element: {&quot;method&quot;:&quot;partial link text&quot;,&quot;selector&quot;:&quot;Sign out&quot;}
  (Session info: chrome=120.0.6099.71)
For documentation on this error, please visit: https://www.selenium.dev/documentation/webdriver/troubleshooting/errors#no-such-element-exception
Build info: version: &apos;4.15.0&apos;, revision: &apos;1d14b5521b&apos;
System info: os.name: &apos;Windows 11&apos;, os.arch: &apos;amd64&apos;, os.version: &apos;10.0&apos;, java.version: &apos;21&apos;
Driver info: org.openqa.selenium.chrome.ChromeDriver
Command: [7e515bcc7db61ba7c8620d19aa478293, findElement {using=partial link text, value=Sign out}]
Capabilities {acceptInsecureCerts: false, browserName: chrome, browserVersion: 120.0.6099.71, chrome: {chromedriverVersion: 120.0.6099.109 (3419140ab66..., userDataDir: C:\Users\saran\AppData\Loca...}, fedcm:accounts: true, goog:chromeOptions: {debuggerAddress: localhost:51595}, networkConnectionEnabled: false, pageLoadStrategy: normal, platformName: windows, proxy: Proxy(), se:cdp: ws://localhost:51595/devtoo..., se:cdpVersion: 120.0.6099.71, setWindowRect: true, strictFileInteractability: false, timeouts: {implicit: 0, pageLoad: 300000, script: 30000}, unhandledPromptBehavior: dismiss and notify, webauthn:extension:credBlob: true, webauthn:extension:largeBlob: true, webauthn:extension:minPinLength: true, webauthn:extension:prf: true, webauthn:virtualAuthenticators: true}
Session ID: 7e515bcc7db61ba7c8620d19aa478293
	at java.base/jdk.internal.reflect.DirectConstructorHandleAccessor.newInstance(DirectConstructorHandleAccessor.java:62)
	at java.base/java.lang.reflect.Constructor.newInstanceWithCaller(Constructor.java:502)
	at java.base/java.lang.reflect.Constructor.newInstance(Constructor.java:486)
	at org.openqa.selenium.remote.codec.w3c.W3CHttpResponseCodec.createException(W3CHttpResponseCodec.java:200)
	at org.openqa.selenium.remote.codec.w3c.W3CHttpResponseCodec.decode(W3CHttpResponseCodec.java:133)
	at org.openqa.selenium.remote.codec.w3c.W3CHttpResponseCodec.decode(W3CHttpResponseCodec.java:52)
	at org.openqa.selenium.remote.HttpCommandExecutor.execute(HttpCommandExecutor.java:191)
	at org.openqa.selenium.remote.service.DriverCommandExecutor.invokeExecute(DriverCommandExecutor.java:200)
	at org.openqa.selenium.remote.service.DriverCommandExecutor.execute(DriverCommandExecutor.java:175)
	at org.openqa.selenium.remote.RemoteWebDriver.execute(RemoteWebDriver.java:607)
	at org.openqa.selenium.remote.ElementLocation$ElementFinder$2.findElement(ElementLocation.java:165)
	at org.openqa.selenium.remote.ElementLocation.findElement(ElementLocation.java:59)
	at org.openqa.selenium.remote.RemoteWebDriver.findElement(RemoteWebDriver.java:364)
	at org.openqa.selenium.remote.RemoteWebDriver.findElement(RemoteWebDriver.java:358)
	at com.pages.SignInPage.clickSignOut(SignInPage.java:77)
	at StepDefinition.SignInSD.user_click_on_signout(SignInSD.java:92)
	at ✽.User click on Signout(file:///C:/Users/saran/eclipse-workspace/DS-ALGO5/src/test/resources/Features/03_SigIn.feature:31)
</pre></div><a href='#' onClick='toggleBox("stack-trace2012689706", this, "Click to show all stack frames", "Click to hide stack frames")'>Click to show all stack frames</a>
<div class='stack-trace' id='stack-trace2012689706'><pre>org.openqa.selenium.NoSuchElementException: no such element: Unable to locate element: {&quot;method&quot;:&quot;partial link text&quot;,&quot;selector&quot;:&quot;Sign out&quot;}
  (Session info: chrome=120.0.6099.71)
For documentation on this error, please visit: https://www.selenium.dev/documentation/webdriver/troubleshooting/errors#no-such-element-exception
Build info: version: &apos;4.15.0&apos;, revision: &apos;1d14b5521b&apos;
System info: os.name: &apos;Windows 11&apos;, os.arch: &apos;amd64&apos;, os.version: &apos;10.0&apos;, java.version: &apos;21&apos;
Driver info: org.openqa.selenium.chrome.ChromeDriver
Command: [7e515bcc7db61ba7c8620d19aa478293, findElement {using=partial link text, value=Sign out}]
Capabilities {acceptInsecureCerts: false, browserName: chrome, browserVersion: 120.0.6099.71, chrome: {chromedriverVersion: 120.0.6099.109 (3419140ab66..., userDataDir: C:\Users\saran\AppData\Loca...}, fedcm:accounts: true, goog:chromeOptions: {debuggerAddress: localhost:51595}, networkConnectionEnabled: false, pageLoadStrategy: normal, platformName: windows, proxy: Proxy(), se:cdp: ws://localhost:51595/devtoo..., se:cdpVersion: 120.0.6099.71, setWindowRect: true, strictFileInteractability: false, timeouts: {implicit: 0, pageLoad: 300000, script: 30000}, unhandledPromptBehavior: dismiss and notify, webauthn:extension:credBlob: true, webauthn:extension:largeBlob: true, webauthn:extension:minPinLength: true, webauthn:extension:prf: true, webauthn:virtualAuthenticators: true}
Session ID: 7e515bcc7db61ba7c8620d19aa478293
	at java.base/jdk.internal.reflect.DirectConstructorHandleAccessor.newInstance(DirectConstructorHandleAccessor.java:62)
	at java.base/java.lang.reflect.Constructor.newInstanceWithCaller(Constructor.java:502)
	at java.base/java.lang.reflect.Constructor.newInstance(Constructor.java:486)
	at org.openqa.selenium.remote.codec.w3c.W3CHttpResponseCodec.createException(W3CHttpResponseCodec.java:200)
	at org.openqa.selenium.remote.codec.w3c.W3CHttpResponseCodec.decode(W3CHttpResponseCodec.java:133)
	at org.openqa.selenium.remote.codec.w3c.W3CHttpResponseCodec.decode(W3CHttpResponseCodec.java:52)
	at org.openqa.selenium.remote.HttpCommandExecutor.execute(HttpCommandExecutor.java:191)
	at org.openqa.selenium.remote.service.DriverCommandExecutor.invokeExecute(DriverCommandExecutor.java:200)
	at org.openqa.selenium.remote.service.DriverCommandExecutor.execute(DriverCommandExecutor.java:175)
	at org.openqa.selenium.remote.RemoteWebDriver.execute(RemoteWebDriver.java:607)
	at org.openqa.selenium.remote.ElementLocation$ElementFinder$2.findElement(ElementLocation.java:165)
	at org.openqa.selenium.remote.ElementLocation.findElement(ElementLocation.java:59)
	at org.openqa.selenium.remote.RemoteWebDriver.findElement(RemoteWebDriver.java:364)
	at org.openqa.selenium.remote.RemoteWebDriver.findElement(RemoteWebDriver.java:358)
	at com.pages.SignInPage.clickSignOut(SignInPage.java:77)
	at StepDefinition.SignInSD.user_click_on_signout(SignInSD.java:92)
	at ✽.User click on Signout(file:///C:/Users/saran/eclipse-workspace/DS-ALGO5/src/test/resources/Features/03_SigIn.feature:31)
</pre></div></td>
<td>21</td>
<td>TestRunner.TestRunnerTestng@388ba540</td></tr>
<tr>
<td title='TestRunner.TestRunnerTestng.runScenario()'><b>runScenario</b><br>Test class: TestRunner.TestRunnerTestng<br>Test method: Runs Cucumber Scenarios<br>Parameters: "The user enters Array Using List", "Arrays Homepage"</td>
<td><div><pre>org.openqa.selenium.NoSuchElementException: no such element: Unable to locate element: {&quot;method&quot;:&quot;link text&quot;,&quot;selector&quot;:&quot;Arrays Using List&quot;}
  (Session info: chrome=120.0.6099.71)
For documentation on this error, please visit: https://www.selenium.dev/documentation/webdriver/troubleshooting/errors#no-such-element-exception
Build info: version: &apos;4.15.0&apos;, revision: &apos;1d14b5521b&apos;
System info: os.name: &apos;Windows 11&apos;, os.arch: &apos;amd64&apos;, os.version: &apos;10.0&apos;, java.version: &apos;21&apos;
Driver info: org.openqa.selenium.chrome.ChromeDriver
Command: [7e515bcc7db61ba7c8620d19aa478293, findElement {using=link text, value=Arrays Using List}]
Capabilities {acceptInsecureCerts: false, browserName: chrome, browserVersion: 120.0.6099.71, chrome: {chromedriverVersion: 120.0.6099.109 (3419140ab66..., userDataDir: C:\Users\saran\AppData\Loca...}, fedcm:accounts: true, goog:chromeOptions: {debuggerAddress: localhost:51595}, networkConnectionEnabled: false, pageLoadStrategy: normal, platformName: windows, proxy: Proxy(), se:cdp: ws://localhost:51595/devtoo..., se:cdpVersion: 120.0.6099.71, setWindowRect: true, strictFileInteractability: false, timeouts: {implicit: 0, pageLoad: 300000, script: 30000}, unhandledPromptBehavior: dismiss and notify, webauthn:extension:credBlob: true, webauthn:extension:largeBlob: true, webauthn:extension:minPinLength: true, webauthn:extension:prf: true, webauthn:virtualAuthenticators: true}
Session ID: 7e515bcc7db61ba7c8620d19aa478293
	at java.base/jdk.internal.reflect.DirectConstructorHandleAccessor.newInstance(DirectConstructorHandleAccessor.java:62)
	at java.base/java.lang.reflect.Constructor.newInstanceWithCaller(Constructor.java:502)
	at java.base/java.lang.reflect.Constructor.newInstance(Constructor.java:486)
	at org.openqa.selenium.remote.codec.w3c.W3CHttpResponseCodec.createException(W3CHttpResponseCodec.java:200)
	at org.openqa.selenium.remote.codec.w3c.W3CHttpResponseCodec.decode(W3CHttpResponseCodec.java:133)
	at org.openqa.selenium.remote.codec.w3c.W3CHttpResponseCodec.decode(W3CHttpResponseCodec.java:52)
	at org.openqa.selenium.remote.HttpCommandExecutor.execute(HttpCommandExecutor.java:191)
	at org.openqa.selenium.remote.service.DriverCommandExecutor.invokeExecute(DriverCommandExecutor.java:200)
	at org.openqa.selenium.remote.service.DriverCommandExecutor.execute(DriverCommandExecutor.java:175)
	at org.openqa.selenium.remote.RemoteWebDriver.execute(RemoteWebDriver.java:607)
	at org.openqa.selenium.remote.ElementLocation$ElementFinder$2.findElement(ElementLocation.java:165)
	at org.openqa.selenium.remote.ElementLocation.findElement(ElementLocation.java:59)
	at org.openqa.selenium.remote.RemoteWebDriver.findElement(RemoteWebDriver.java:364)
	at org.openqa.selenium.remote.RemoteWebDriver.findElement(RemoteWebDriver.java:358)
	at com.pages.ArrayPage.ClickonArrayusingList(ArrayPage.java:50)
	at StepDefinition.ArraysSD.userClickOnArraysUsingList(ArraysSD.java:41)
	at ✽.User click on Arrays Using List(file:///C:/Users/saran/eclipse-workspace/DS-ALGO5/src/test/resources/Features/05_Arrays.feature:34)
</pre></div><a href='#' onClick='toggleBox("stack-trace617347220", this, "Click to show all stack frames", "Click to hide stack frames")'>Click to show all stack frames</a>
<div class='stack-trace' id='stack-trace617347220'><pre>org.openqa.selenium.NoSuchElementException: no such element: Unable to locate element: {&quot;method&quot;:&quot;link text&quot;,&quot;selector&quot;:&quot;Arrays Using List&quot;}
  (Session info: chrome=120.0.6099.71)
For documentation on this error, please visit: https://www.selenium.dev/documentation/webdriver/troubleshooting/errors#no-such-element-exception
Build info: version: &apos;4.15.0&apos;, revision: &apos;1d14b5521b&apos;
System info: os.name: &apos;Windows 11&apos;, os.arch: &apos;amd64&apos;, os.version: &apos;10.0&apos;, java.version: &apos;21&apos;
Driver info: org.openqa.selenium.chrome.ChromeDriver
Command: [7e515bcc7db61ba7c8620d19aa478293, findElement {using=link text, value=Arrays Using List}]
Capabilities {acceptInsecureCerts: false, browserName: chrome, browserVersion: 120.0.6099.71, chrome: {chromedriverVersion: 120.0.6099.109 (3419140ab66..., userDataDir: C:\Users\saran\AppData\Loca...}, fedcm:accounts: true, goog:chromeOptions: {debuggerAddress: localhost:51595}, networkConnectionEnabled: false, pageLoadStrategy: normal, platformName: windows, proxy: Proxy(), se:cdp: ws://localhost:51595/devtoo..., se:cdpVersion: 120.0.6099.71, setWindowRect: true, strictFileInteractability: false, timeouts: {implicit: 0, pageLoad: 300000, script: 30000}, unhandledPromptBehavior: dismiss and notify, webauthn:extension:credBlob: true, webauthn:extension:largeBlob: true, webauthn:extension:minPinLength: true, webauthn:extension:prf: true, webauthn:virtualAuthenticators: true}
Session ID: 7e515bcc7db61ba7c8620d19aa478293
	at java.base/jdk.internal.reflect.DirectConstructorHandleAccessor.newInstance(DirectConstructorHandleAccessor.java:62)
	at java.base/java.lang.reflect.Constructor.newInstanceWithCaller(Constructor.java:502)
	at java.base/java.lang.reflect.Constructor.newInstance(Constructor.java:486)
	at org.openqa.selenium.remote.codec.w3c.W3CHttpResponseCodec.createException(W3CHttpResponseCodec.java:200)
	at org.openqa.selenium.remote.codec.w3c.W3CHttpResponseCodec.decode(W3CHttpResponseCodec.java:133)
	at org.openqa.selenium.remote.codec.w3c.W3CHttpResponseCodec.decode(W3CHttpResponseCodec.java:52)
	at org.openqa.selenium.remote.HttpCommandExecutor.execute(HttpCommandExecutor.java:191)
	at org.openqa.selenium.remote.service.DriverCommandExecutor.invokeExecute(DriverCommandExecutor.java:200)
	at org.openqa.selenium.remote.service.DriverCommandExecutor.execute(DriverCommandExecutor.java:175)
	at org.openqa.selenium.remote.RemoteWebDriver.execute(RemoteWebDriver.java:607)
	at org.openqa.selenium.remote.ElementLocation$ElementFinder$2.findElement(ElementLocation.java:165)
	at org.openqa.selenium.remote.ElementLocation.findElement(ElementLocation.java:59)
	at org.openqa.selenium.remote.RemoteWebDriver.findElement(RemoteWebDriver.java:364)
	at org.openqa.selenium.remote.RemoteWebDriver.findElement(RemoteWebDriver.java:358)
	at com.pages.ArrayPage.ClickonArrayusingList(ArrayPage.java:50)
	at StepDefinition.ArraysSD.userClickOnArraysUsingList(ArraysSD.java:41)
	at ✽.User click on Arrays Using List(file:///C:/Users/saran/eclipse-workspace/DS-ALGO5/src/test/resources/Features/05_Arrays.feature:34)
</pre></div></td>
<td>20</td>
<td>TestRunner.TestRunnerTestng@388ba540</td></tr>
<tr>
<td title='TestRunner.TestRunnerTestng.runScenario()'><b>runScenario</b><br>Test class: TestRunner.TestRunnerTestng<br>Test method: Runs Cucumber Scenarios<br>Parameters: "The user enters Basic Operations in Lists in Array", "Arrays Homepage"</td>
<td><div><pre>org.openqa.selenium.NoSuchElementException: no such element: Unable to locate element: {&quot;method&quot;:&quot;link text&quot;,&quot;selector&quot;:&quot;Basic Operations in Lists&quot;}
  (Session info: chrome=120.0.6099.71)
For documentation on this error, please visit: https://www.selenium.dev/documentation/webdriver/troubleshooting/errors#no-such-element-exception
Build info: version: &apos;4.15.0&apos;, revision: &apos;1d14b5521b&apos;
System info: os.name: &apos;Windows 11&apos;, os.arch: &apos;amd64&apos;, os.version: &apos;10.0&apos;, java.version: &apos;21&apos;
Driver info: org.openqa.selenium.chrome.ChromeDriver
Command: [7e515bcc7db61ba7c8620d19aa478293, findElement {using=link text, value=Basic Operations in Lists}]
Capabilities {acceptInsecureCerts: false, browserName: chrome, browserVersion: 120.0.6099.71, chrome: {chromedriverVersion: 120.0.6099.109 (3419140ab66..., userDataDir: C:\Users\saran\AppData\Loca...}, fedcm:accounts: true, goog:chromeOptions: {debuggerAddress: localhost:51595}, networkConnectionEnabled: false, pageLoadStrategy: normal, platformName: windows, proxy: Proxy(), se:cdp: ws://localhost:51595/devtoo..., se:cdpVersion: 120.0.6099.71, setWindowRect: true, strictFileInteractability: false, timeouts: {implicit: 0, pageLoad: 300000, script: 30000}, unhandledPromptBehavior: dismiss and notify, webauthn:extension:credBlob: true, webauthn:extension:largeBlob: true, webauthn:extension:minPinLength: true, webauthn:extension:prf: true, webauthn:virtualAuthenticators: true}
Session ID: 7e515bcc7db61ba7c8620d19aa478293
	at java.base/jdk.internal.reflect.DirectConstructorHandleAccessor.newInstance(DirectConstructorHandleAccessor.java:62)
	at java.base/java.lang.reflect.Constructor.newInstanceWithCaller(Constructor.java:502)
	at java.base/java.lang.reflect.Constructor.newInstance(Constructor.java:486)
	at org.openqa.selenium.remote.codec.w3c.W3CHttpResponseCodec.createException(W3CHttpResponseCodec.java:200)
	at org.openqa.selenium.remote.codec.w3c.W3CHttpResponseCodec.decode(W3CHttpResponseCodec.java:133)
	at org.openqa.selenium.remote.codec.w3c.W3CHttpResponseCodec.decode(W3CHttpResponseCodec.java:52)
	at org.openqa.selenium.remote.HttpCommandExecutor.execute(HttpCommandExecutor.java:191)
	at org.openqa.selenium.remote.service.DriverCommandExecutor.invokeExecute(DriverCommandExecutor.java:200)
	at org.openqa.selenium.remote.service.DriverCommandExecutor.execute(DriverCommandExecutor.java:175)
	at org.openqa.selenium.remote.RemoteWebDriver.execute(RemoteWebDriver.java:607)
	at org.openqa.selenium.remote.ElementLocation$ElementFinder$2.findElement(ElementLocation.java:165)
	at org.openqa.selenium.remote.ElementLocation.findElement(ElementLocation.java:59)
	at org.openqa.selenium.remote.RemoteWebDriver.findElement(RemoteWebDriver.java:364)
	at org.openqa.selenium.remote.RemoteWebDriver.findElement(RemoteWebDriver.java:358)
	at com.pages.ArrayPage.ClickonBasicOperation(ArrayPage.java:54)
	at StepDefinition.ArraysSD.userClickOnBasicOperationsInLists(ArraysSD.java:52)
	at ✽.User click on Basic Operations in Lists(file:///C:/Users/saran/eclipse-workspace/DS-ALGO5/src/test/resources/Features/05_Arrays.feature:52)
</pre></div><a href='#' onClick='toggleBox("stack-trace861443773", this, "Click to show all stack frames", "Click to hide stack frames")'>Click to show all stack frames</a>
<div class='stack-trace' id='stack-trace861443773'><pre>org.openqa.selenium.NoSuchElementException: no such element: Unable to locate element: {&quot;method&quot;:&quot;link text&quot;,&quot;selector&quot;:&quot;Basic Operations in Lists&quot;}
  (Session info: chrome=120.0.6099.71)
For documentation on this error, please visit: https://www.selenium.dev/documentation/webdriver/troubleshooting/errors#no-such-element-exception
Build info: version: &apos;4.15.0&apos;, revision: &apos;1d14b5521b&apos;
System info: os.name: &apos;Windows 11&apos;, os.arch: &apos;amd64&apos;, os.version: &apos;10.0&apos;, java.version: &apos;21&apos;
Driver info: org.openqa.selenium.chrome.ChromeDriver
Command: [7e515bcc7db61ba7c8620d19aa478293, findElement {using=link text, value=Basic Operations in Lists}]
Capabilities {acceptInsecureCerts: false, browserName: chrome, browserVersion: 120.0.6099.71, chrome: {chromedriverVersion: 120.0.6099.109 (3419140ab66..., userDataDir: C:\Users\saran\AppData\Loca...}, fedcm:accounts: true, goog:chromeOptions: {debuggerAddress: localhost:51595}, networkConnectionEnabled: false, pageLoadStrategy: normal, platformName: windows, proxy: Proxy(), se:cdp: ws://localhost:51595/devtoo..., se:cdpVersion: 120.0.6099.71, setWindowRect: true, strictFileInteractability: false, timeouts: {implicit: 0, pageLoad: 300000, script: 30000}, unhandledPromptBehavior: dismiss and notify, webauthn:extension:credBlob: true, webauthn:extension:largeBlob: true, webauthn:extension:minPinLength: true, webauthn:extension:prf: true, webauthn:virtualAuthenticators: true}
Session ID: 7e515bcc7db61ba7c8620d19aa478293
	at java.base/jdk.internal.reflect.DirectConstructorHandleAccessor.newInstance(DirectConstructorHandleAccessor.java:62)
	at java.base/java.lang.reflect.Constructor.newInstanceWithCaller(Constructor.java:502)
	at java.base/java.lang.reflect.Constructor.newInstance(Constructor.java:486)
	at org.openqa.selenium.remote.codec.w3c.W3CHttpResponseCodec.createException(W3CHttpResponseCodec.java:200)
	at org.openqa.selenium.remote.codec.w3c.W3CHttpResponseCodec.decode(W3CHttpResponseCodec.java:133)
	at org.openqa.selenium.remote.codec.w3c.W3CHttpResponseCodec.decode(W3CHttpResponseCodec.java:52)
	at org.openqa.selenium.remote.HttpCommandExecutor.execute(HttpCommandExecutor.java:191)
	at org.openqa.selenium.remote.service.DriverCommandExecutor.invokeExecute(DriverCommandExecutor.java:200)
	at org.openqa.selenium.remote.service.DriverCommandExecutor.execute(DriverCommandExecutor.java:175)
	at org.openqa.selenium.remote.RemoteWebDriver.execute(RemoteWebDriver.java:607)
	at org.openqa.selenium.remote.ElementLocation$ElementFinder$2.findElement(ElementLocation.java:165)
	at org.openqa.selenium.remote.ElementLocation.findElement(ElementLocation.java:59)
	at org.openqa.selenium.remote.RemoteWebDriver.findElement(RemoteWebDriver.java:364)
	at org.openqa.selenium.remote.RemoteWebDriver.findElement(RemoteWebDriver.java:358)
	at com.pages.ArrayPage.ClickonBasicOperation(ArrayPage.java:54)
	at StepDefinition.ArraysSD.userClickOnBasicOperationsInLists(ArraysSD.java:52)
	at ✽.User click on Basic Operations in Lists(file:///C:/Users/saran/eclipse-workspace/DS-ALGO5/src/test/resources/Features/05_Arrays.feature:52)
</pre></div></td>
<td>20</td>
<td>TestRunner.TestRunnerTestng@388ba540</td></tr>
<tr>
<td title='TestRunner.TestRunnerTestng.runScenario()'><b>runScenario</b><br>Test class: TestRunner.TestRunnerTestng<br>Test method: Runs Cucumber Scenarios<br>Parameters: "The user clicks TryHere button with Ivalid Text and Error message", "Arrays Homepage"</td>
<td><div><pre>org.openqa.selenium.NoSuchElementException: no such element: Unable to locate element: {&quot;method&quot;:&quot;link text&quot;,&quot;selector&quot;:&quot;Try here&gt;&gt;&gt;&quot;}
  (Session info: chrome=120.0.6099.71)
For documentation on this error, please visit: https://www.selenium.dev/documentation/webdriver/troubleshooting/errors#no-such-element-exception
Build info: version: &apos;4.15.0&apos;, revision: &apos;1d14b5521b&apos;
System info: os.name: &apos;Windows 11&apos;, os.arch: &apos;amd64&apos;, os.version: &apos;10.0&apos;, java.version: &apos;21&apos;
Driver info: org.openqa.selenium.chrome.ChromeDriver
Command: [7e515bcc7db61ba7c8620d19aa478293, findElement {using=link text, value=Try here&gt;&gt;&gt;}]
Capabilities {acceptInsecureCerts: false, browserName: chrome, browserVersion: 120.0.6099.71, chrome: {chromedriverVersion: 120.0.6099.109 (3419140ab66..., userDataDir: C:\Users\saran\AppData\Loca...}, fedcm:accounts: true, goog:chromeOptions: {debuggerAddress: localhost:51595}, networkConnectionEnabled: false, pageLoadStrategy: normal, platformName: windows, proxy: Proxy(), se:cdp: ws://localhost:51595/devtoo..., se:cdpVersion: 120.0.6099.71, setWindowRect: true, strictFileInteractability: false, timeouts: {implicit: 0, pageLoad: 300000, script: 30000}, unhandledPromptBehavior: dismiss and notify, webauthn:extension:credBlob: true, webauthn:extension:largeBlob: true, webauthn:extension:minPinLength: true, webauthn:extension:prf: true, webauthn:virtualAuthenticators: true}
Session ID: 7e515bcc7db61ba7c8620d19aa478293
	at java.base/jdk.internal.reflect.DirectConstructorHandleAccessor.newInstance(DirectConstructorHandleAccessor.java:62)
	at java.base/java.lang.reflect.Constructor.newInstanceWithCaller(Constructor.java:502)
	at java.base/java.lang.reflect.Constructor.newInstance(Constructor.java:486)
	at org.openqa.selenium.remote.codec.w3c.W3CHttpResponseCodec.createException(W3CHttpResponseCodec.java:200)
	at org.openqa.selenium.remote.codec.w3c.W3CHttpResponseCodec.decode(W3CHttpResponseCodec.java:133)
	at org.openqa.selenium.remote.codec.w3c.W3CHttpResponseCodec.decode(W3CHttpResponseCodec.java:52)
	at org.openqa.selenium.remote.HttpCommandExecutor.execute(HttpCommandExecutor.java:191)
	at org.openqa.selenium.remote.service.DriverCommandExecutor.invokeExecute(DriverCommandExecutor.java:200)
	at org.openqa.selenium.remote.service.DriverCommandExecutor.execute(DriverCommandExecutor.java:175)
	at org.openqa.selenium.remote.RemoteWebDriver.execute(RemoteWebDriver.java:607)
	at org.openqa.selenium.remote.ElementLocation$ElementFinder$2.findElement(ElementLocation.java:165)
	at org.openqa.selenium.remote.ElementLocation.findElement(ElementLocation.java:59)
	at org.openqa.selenium.remote.RemoteWebDriver.findElement(RemoteWebDriver.java:364)
	at org.openqa.selenium.remote.RemoteWebDriver.findElement(RemoteWebDriver.java:358)
	at com.pages.TryHerePage.tryhere(TryHerePage.java:69)
	at StepDefinition.TryHereSD.the_user_navigates_to_try_editor_page(TryHereSD.java:17)
	at ✽.The User navigates to Try EditorPage(file:///C:/Users/saran/eclipse-workspace/DS-ALGO5/src/test/resources/Features/05_Arrays.feature:27)
</pre></div><a href='#' onClick='toggleBox("stack-trace1902673295", this, "Click to show all stack frames", "Click to hide stack frames")'>Click to show all stack frames</a>
<div class='stack-trace' id='stack-trace1902673295'><pre>org.openqa.selenium.NoSuchElementException: no such element: Unable to locate element: {&quot;method&quot;:&quot;link text&quot;,&quot;selector&quot;:&quot;Try here&gt;&gt;&gt;&quot;}
  (Session info: chrome=120.0.6099.71)
For documentation on this error, please visit: https://www.selenium.dev/documentation/webdriver/troubleshooting/errors#no-such-element-exception
Build info: version: &apos;4.15.0&apos;, revision: &apos;1d14b5521b&apos;
System info: os.name: &apos;Windows 11&apos;, os.arch: &apos;amd64&apos;, os.version: &apos;10.0&apos;, java.version: &apos;21&apos;
Driver info: org.openqa.selenium.chrome.ChromeDriver
Command: [7e515bcc7db61ba7c8620d19aa478293, findElement {using=link text, value=Try here&gt;&gt;&gt;}]
Capabilities {acceptInsecureCerts: false, browserName: chrome, browserVersion: 120.0.6099.71, chrome: {chromedriverVersion: 120.0.6099.109 (3419140ab66..., userDataDir: C:\Users\saran\AppData\Loca...}, fedcm:accounts: true, goog:chromeOptions: {debuggerAddress: localhost:51595}, networkConnectionEnabled: false, pageLoadStrategy: normal, platformName: windows, proxy: Proxy(), se:cdp: ws://localhost:51595/devtoo..., se:cdpVersion: 120.0.6099.71, setWindowRect: true, strictFileInteractability: false, timeouts: {implicit: 0, pageLoad: 300000, script: 30000}, unhandledPromptBehavior: dismiss and notify, webauthn:extension:credBlob: true, webauthn:extension:largeBlob: true, webauthn:extension:minPinLength: true, webauthn:extension:prf: true, webauthn:virtualAuthenticators: true}
Session ID: 7e515bcc7db61ba7c8620d19aa478293
	at java.base/jdk.internal.reflect.DirectConstructorHandleAccessor.newInstance(DirectConstructorHandleAccessor.java:62)
	at java.base/java.lang.reflect.Constructor.newInstanceWithCaller(Constructor.java:502)
	at java.base/java.lang.reflect.Constructor.newInstance(Constructor.java:486)
	at org.openqa.selenium.remote.codec.w3c.W3CHttpResponseCodec.createException(W3CHttpResponseCodec.java:200)
	at org.openqa.selenium.remote.codec.w3c.W3CHttpResponseCodec.decode(W3CHttpResponseCodec.java:133)
	at org.openqa.selenium.remote.codec.w3c.W3CHttpResponseCodec.decode(W3CHttpResponseCodec.java:52)
	at org.openqa.selenium.remote.HttpCommandExecutor.execute(HttpCommandExecutor.java:191)
	at org.openqa.selenium.remote.service.DriverCommandExecutor.invokeExecute(DriverCommandExecutor.java:200)
	at org.openqa.selenium.remote.service.DriverCommandExecutor.execute(DriverCommandExecutor.java:175)
	at org.openqa.selenium.remote.RemoteWebDriver.execute(RemoteWebDriver.java:607)
	at org.openqa.selenium.remote.ElementLocation$ElementFinder$2.findElement(ElementLocation.java:165)
	at org.openqa.selenium.remote.ElementLocation.findElement(ElementLocation.java:59)
	at org.openqa.selenium.remote.RemoteWebDriver.findElement(RemoteWebDriver.java:364)
	at org.openqa.selenium.remote.RemoteWebDriver.findElement(RemoteWebDriver.java:358)
	at com.pages.TryHerePage.tryhere(TryHerePage.java:69)
	at StepDefinition.TryHereSD.the_user_navigates_to_try_editor_page(TryHereSD.java:17)
	at ✽.The User navigates to Try EditorPage(file:///C:/Users/saran/eclipse-workspace/DS-ALGO5/src/test/resources/Features/05_Arrays.feature:27)
</pre></div></td>
<td>20</td>
<td>TestRunner.TestRunnerTestng@388ba540</td></tr>
<tr>
<td title='TestRunner.TestRunnerTestng.runScenario()'><b>runScenario</b><br>Test class: TestRunner.TestRunnerTestng<br>Test method: Runs Cucumber Scenarios<br>Parameters: "Enter invalid user name and password to sign in", "Sign in"</td>
<td><div><pre>java.io.FileNotFoundException: C:\Users\saran\eclipse-workspace\DS-ALGO5\src\test\resources\ExcelData\signInTestData.xlsx (The process cannot access the file because it is being used by another process)
	at java.base/java.io.FileOutputStream.open0(Native Method)
	at java.base/java.io.FileOutputStream.open(FileOutputStream.java:289)
	at java.base/java.io.FileOutputStream.&lt;init&gt;(FileOutputStream.java:230)
	at java.base/java.io.FileOutputStream.&lt;init&gt;(FileOutputStream.java:179)
	at org.apache.poi.openxml4j.opc.internal.FileHelper.copyFile(FileHelper.java:65)
	at org.apache.poi.openxml4j.opc.ZipPackage.closeImpl(ZipPackage.java:488)
	at org.apache.poi.openxml4j.opc.OPCPackage.close(OPCPackage.java:470)
	at org.apache.poi.ooxml.POIXMLDocument.close(POIXMLDocument.java:189)
	at org.apache.poi.xssf.usermodel.XSSFWorkbook.close(XSSFWorkbook.java:617)
	at com.qa.util.ExcelReader.getData(ExcelReader.java:22)
	at com.pages.SignInPage.readDataFromSheet(SignInPage.java:48)
	at StepDefinition.SignInSD.user_enters_sheetname_and_rownumber(SignInSD.java:58)
	at ✽.User enters sheetname &quot;signIn&quot; and rownumber 1(file:///C:/Users/saran/eclipse-workspace/DS-ALGO5/src/test/resources/Features/03_SigIn.feature:8)
</pre></div><a href='#' onClick='toggleBox("stack-trace1924203096", this, "Click to show all stack frames", "Click to hide stack frames")'>Click to show all stack frames</a>
<div class='stack-trace' id='stack-trace1924203096'><pre>java.io.FileNotFoundException: C:\Users\saran\eclipse-workspace\DS-ALGO5\src\test\resources\ExcelData\signInTestData.xlsx (The process cannot access the file because it is being used by another process)
	at java.base/java.io.FileOutputStream.open0(Native Method)
	at java.base/java.io.FileOutputStream.open(FileOutputStream.java:289)
	at java.base/java.io.FileOutputStream.&lt;init&gt;(FileOutputStream.java:230)
	at java.base/java.io.FileOutputStream.&lt;init&gt;(FileOutputStream.java:179)
	at org.apache.poi.openxml4j.opc.internal.FileHelper.copyFile(FileHelper.java:65)
	at org.apache.poi.openxml4j.opc.ZipPackage.closeImpl(ZipPackage.java:488)
	at org.apache.poi.openxml4j.opc.OPCPackage.close(OPCPackage.java:470)
	at org.apache.poi.ooxml.POIXMLDocument.close(POIXMLDocument.java:189)
	at org.apache.poi.xssf.usermodel.XSSFWorkbook.close(XSSFWorkbook.java:617)
	at com.qa.util.ExcelReader.getData(ExcelReader.java:22)
	at com.pages.SignInPage.readDataFromSheet(SignInPage.java:48)
	at StepDefinition.SignInSD.user_enters_sheetname_and_rownumber(SignInSD.java:58)
	at ✽.User enters sheetname &quot;signIn&quot; and rownumber 1(file:///C:/Users/saran/eclipse-workspace/DS-ALGO5/src/test/resources/Features/03_SigIn.feature:8)
</pre></div></td>
<td>1</td>
<td>TestRunner.TestRunnerTestng@388ba540</td></tr>
<tr>
<td title='TestRunner.TestRunnerTestng.runScenario()'><b>runScenario</b><br>Test class: TestRunner.TestRunnerTestng<br>Test method: Runs Cucumber Scenarios<br>Parameters: "The user clicks TryHere button with valid Text", "Arrays Homepage"</td>
<td><div><pre>org.openqa.selenium.NoSuchElementException: no such element: Unable to locate element: {&quot;method&quot;:&quot;link text&quot;,&quot;selector&quot;:&quot;Try here&gt;&gt;&gt;&quot;}
  (Session info: chrome=120.0.6099.71)
For documentation on this error, please visit: https://www.selenium.dev/documentation/webdriver/troubleshooting/errors#no-such-element-exception
Build info: version: &apos;4.15.0&apos;, revision: &apos;1d14b5521b&apos;
System info: os.name: &apos;Windows 11&apos;, os.arch: &apos;amd64&apos;, os.version: &apos;10.0&apos;, java.version: &apos;21&apos;
Driver info: org.openqa.selenium.chrome.ChromeDriver
Command: [7e515bcc7db61ba7c8620d19aa478293, findElement {using=link text, value=Try here&gt;&gt;&gt;}]
Capabilities {acceptInsecureCerts: false, browserName: chrome, browserVersion: 120.0.6099.71, chrome: {chromedriverVersion: 120.0.6099.109 (3419140ab66..., userDataDir: C:\Users\saran\AppData\Loca...}, fedcm:accounts: true, goog:chromeOptions: {debuggerAddress: localhost:51595}, networkConnectionEnabled: false, pageLoadStrategy: normal, platformName: windows, proxy: Proxy(), se:cdp: ws://localhost:51595/devtoo..., se:cdpVersion: 120.0.6099.71, setWindowRect: true, strictFileInteractability: false, timeouts: {implicit: 0, pageLoad: 300000, script: 30000}, unhandledPromptBehavior: dismiss and notify, webauthn:extension:credBlob: true, webauthn:extension:largeBlob: true, webauthn:extension:minPinLength: true, webauthn:extension:prf: true, webauthn:virtualAuthenticators: true}
Session ID: 7e515bcc7db61ba7c8620d19aa478293
	at java.base/jdk.internal.reflect.DirectConstructorHandleAccessor.newInstance(DirectConstructorHandleAccessor.java:62)
	at java.base/java.lang.reflect.Constructor.newInstanceWithCaller(Constructor.java:502)
	at java.base/java.lang.reflect.Constructor.newInstance(Constructor.java:486)
	at org.openqa.selenium.remote.codec.w3c.W3CHttpResponseCodec.createException(W3CHttpResponseCodec.java:200)
	at org.openqa.selenium.remote.codec.w3c.W3CHttpResponseCodec.decode(W3CHttpResponseCodec.java:133)
	at org.openqa.selenium.remote.codec.w3c.W3CHttpResponseCodec.decode(W3CHttpResponseCodec.java:52)
	at org.openqa.selenium.remote.HttpCommandExecutor.execute(HttpCommandExecutor.java:191)
	at org.openqa.selenium.remote.service.DriverCommandExecutor.invokeExecute(DriverCommandExecutor.java:200)
	at org.openqa.selenium.remote.service.DriverCommandExecutor.execute(DriverCommandExecutor.java:175)
	at org.openqa.selenium.remote.RemoteWebDriver.execute(RemoteWebDriver.java:607)
	at org.openqa.selenium.remote.ElementLocation$ElementFinder$2.findElement(ElementLocation.java:165)
	at org.openqa.selenium.remote.ElementLocation.findElement(ElementLocation.java:59)
	at org.openqa.selenium.remote.RemoteWebDriver.findElement(RemoteWebDriver.java:364)
	at org.openqa.selenium.remote.RemoteWebDriver.findElement(RemoteWebDriver.java:358)
	at com.pages.TryHerePage.tryhere(TryHerePage.java:69)
	at StepDefinition.TryHereSD.the_user_navigates_to_try_editor_page(TryHereSD.java:17)
	at ✽.The User navigates to Try EditorPage(file:///C:/Users/saran/eclipse-workspace/DS-ALGO5/src/test/resources/Features/05_Arrays.feature:38)
</pre></div><a href='#' onClick='toggleBox("stack-trace5526718", this, "Click to show all stack frames", "Click to hide stack frames")'>Click to show all stack frames</a>
<div class='stack-trace' id='stack-trace5526718'><pre>org.openqa.selenium.NoSuchElementException: no such element: Unable to locate element: {&quot;method&quot;:&quot;link text&quot;,&quot;selector&quot;:&quot;Try here&gt;&gt;&gt;&quot;}
  (Session info: chrome=120.0.6099.71)
For documentation on this error, please visit: https://www.selenium.dev/documentation/webdriver/troubleshooting/errors#no-such-element-exception
Build info: version: &apos;4.15.0&apos;, revision: &apos;1d14b5521b&apos;
System info: os.name: &apos;Windows 11&apos;, os.arch: &apos;amd64&apos;, os.version: &apos;10.0&apos;, java.version: &apos;21&apos;
Driver info: org.openqa.selenium.chrome.ChromeDriver
Command: [7e515bcc7db61ba7c8620d19aa478293, findElement {using=link text, value=Try here&gt;&gt;&gt;}]
Capabilities {acceptInsecureCerts: false, browserName: chrome, browserVersion: 120.0.6099.71, chrome: {chromedriverVersion: 120.0.6099.109 (3419140ab66..., userDataDir: C:\Users\saran\AppData\Loca...}, fedcm:accounts: true, goog:chromeOptions: {debuggerAddress: localhost:51595}, networkConnectionEnabled: false, pageLoadStrategy: normal, platformName: windows, proxy: Proxy(), se:cdp: ws://localhost:51595/devtoo..., se:cdpVersion: 120.0.6099.71, setWindowRect: true, strictFileInteractability: false, timeouts: {implicit: 0, pageLoad: 300000, script: 30000}, unhandledPromptBehavior: dismiss and notify, webauthn:extension:credBlob: true, webauthn:extension:largeBlob: true, webauthn:extension:minPinLength: true, webauthn:extension:prf: true, webauthn:virtualAuthenticators: true}
Session ID: 7e515bcc7db61ba7c8620d19aa478293
	at java.base/jdk.internal.reflect.DirectConstructorHandleAccessor.newInstance(DirectConstructorHandleAccessor.java:62)
	at java.base/java.lang.reflect.Constructor.newInstanceWithCaller(Constructor.java:502)
	at java.base/java.lang.reflect.Constructor.newInstance(Constructor.java:486)
	at org.openqa.selenium.remote.codec.w3c.W3CHttpResponseCodec.createException(W3CHttpResponseCodec.java:200)
	at org.openqa.selenium.remote.codec.w3c.W3CHttpResponseCodec.decode(W3CHttpResponseCodec.java:133)
	at org.openqa.selenium.remote.codec.w3c.W3CHttpResponseCodec.decode(W3CHttpResponseCodec.java:52)
	at org.openqa.selenium.remote.HttpCommandExecutor.execute(HttpCommandExecutor.java:191)
	at org.openqa.selenium.remote.service.DriverCommandExecutor.invokeExecute(DriverCommandExecutor.java:200)
	at org.openqa.selenium.remote.service.DriverCommandExecutor.execute(DriverCommandExecutor.java:175)
	at org.openqa.selenium.remote.RemoteWebDriver.execute(RemoteWebDriver.java:607)
	at org.openqa.selenium.remote.ElementLocation$ElementFinder$2.findElement(ElementLocation.java:165)
	at org.openqa.selenium.remote.ElementLocation.findElement(ElementLocation.java:59)
	at org.openqa.selenium.remote.RemoteWebDriver.findElement(RemoteWebDriver.java:364)
	at org.openqa.selenium.remote.RemoteWebDriver.findElement(RemoteWebDriver.java:358)
	at com.pages.TryHerePage.tryhere(TryHerePage.java:69)
	at StepDefinition.TryHereSD.the_user_navigates_to_try_editor_page(TryHereSD.java:17)
	at ✽.The User navigates to Try EditorPage(file:///C:/Users/saran/eclipse-workspace/DS-ALGO5/src/test/resources/Features/05_Arrays.feature:38)
</pre></div></td>
<td>20</td>
<td>TestRunner.TestRunnerTestng@388ba540</td></tr>
<tr>
<td title='TestRunner.TestRunnerTestng.runScenario()'><b>runScenario</b><br>Test class: TestRunner.TestRunnerTestng<br>Test method: Runs Cucumber Scenarios<br>Parameters: "The user clicks TryHere button with valid Text", "Arrays Homepage"</td>
<td><div><pre>org.openqa.selenium.NoSuchElementException: no such element: Unable to locate element: {&quot;method&quot;:&quot;link text&quot;,&quot;selector&quot;:&quot;Try here&gt;&gt;&gt;&quot;}
  (Session info: chrome=120.0.6099.71)
For documentation on this error, please visit: https://www.selenium.dev/documentation/webdriver/troubleshooting/errors#no-such-element-exception
Build info: version: &apos;4.15.0&apos;, revision: &apos;1d14b5521b&apos;
System info: os.name: &apos;Windows 11&apos;, os.arch: &apos;amd64&apos;, os.version: &apos;10.0&apos;, java.version: &apos;21&apos;
Driver info: org.openqa.selenium.chrome.ChromeDriver
Command: [7e515bcc7db61ba7c8620d19aa478293, findElement {using=link text, value=Try here&gt;&gt;&gt;}]
Capabilities {acceptInsecureCerts: false, browserName: chrome, browserVersion: 120.0.6099.71, chrome: {chromedriverVersion: 120.0.6099.109 (3419140ab66..., userDataDir: C:\Users\saran\AppData\Loca...}, fedcm:accounts: true, goog:chromeOptions: {debuggerAddress: localhost:51595}, networkConnectionEnabled: false, pageLoadStrategy: normal, platformName: windows, proxy: Proxy(), se:cdp: ws://localhost:51595/devtoo..., se:cdpVersion: 120.0.6099.71, setWindowRect: true, strictFileInteractability: false, timeouts: {implicit: 0, pageLoad: 300000, script: 30000}, unhandledPromptBehavior: dismiss and notify, webauthn:extension:credBlob: true, webauthn:extension:largeBlob: true, webauthn:extension:minPinLength: true, webauthn:extension:prf: true, webauthn:virtualAuthenticators: true}
Session ID: 7e515bcc7db61ba7c8620d19aa478293
	at java.base/jdk.internal.reflect.DirectConstructorHandleAccessor.newInstance(DirectConstructorHandleAccessor.java:62)
	at java.base/java.lang.reflect.Constructor.newInstanceWithCaller(Constructor.java:502)
	at java.base/java.lang.reflect.Constructor.newInstance(Constructor.java:486)
	at org.openqa.selenium.remote.codec.w3c.W3CHttpResponseCodec.createException(W3CHttpResponseCodec.java:200)
	at org.openqa.selenium.remote.codec.w3c.W3CHttpResponseCodec.decode(W3CHttpResponseCodec.java:133)
	at org.openqa.selenium.remote.codec.w3c.W3CHttpResponseCodec.decode(W3CHttpResponseCodec.java:52)
	at org.openqa.selenium.remote.HttpCommandExecutor.execute(HttpCommandExecutor.java:191)
	at org.openqa.selenium.remote.service.DriverCommandExecutor.invokeExecute(DriverCommandExecutor.java:200)
	at org.openqa.selenium.remote.service.DriverCommandExecutor.execute(DriverCommandExecutor.java:175)
	at org.openqa.selenium.remote.RemoteWebDriver.execute(RemoteWebDriver.java:607)
	at org.openqa.selenium.remote.ElementLocation$ElementFinder$2.findElement(ElementLocation.java:165)
	at org.openqa.selenium.remote.ElementLocation.findElement(ElementLocation.java:59)
	at org.openqa.selenium.remote.RemoteWebDriver.findElement(RemoteWebDriver.java:364)
	at org.openqa.selenium.remote.RemoteWebDriver.findElement(RemoteWebDriver.java:358)
	at com.pages.TryHerePage.tryhere(TryHerePage.java:69)
	at StepDefinition.TryHereSD.the_user_navigates_to_try_editor_page(TryHereSD.java:17)
	at ✽.The User navigates to Try EditorPage(file:///C:/Users/saran/eclipse-workspace/DS-ALGO5/src/test/resources/Features/05_Arrays.feature:56)
</pre></div><a href='#' onClick='toggleBox("stack-trace357886628", this, "Click to show all stack frames", "Click to hide stack frames")'>Click to show all stack frames</a>
<div class='stack-trace' id='stack-trace357886628'><pre>org.openqa.selenium.NoSuchElementException: no such element: Unable to locate element: {&quot;method&quot;:&quot;link text&quot;,&quot;selector&quot;:&quot;Try here&gt;&gt;&gt;&quot;}
  (Session info: chrome=120.0.6099.71)
For documentation on this error, please visit: https://www.selenium.dev/documentation/webdriver/troubleshooting/errors#no-such-element-exception
Build info: version: &apos;4.15.0&apos;, revision: &apos;1d14b5521b&apos;
System info: os.name: &apos;Windows 11&apos;, os.arch: &apos;amd64&apos;, os.version: &apos;10.0&apos;, java.version: &apos;21&apos;
Driver info: org.openqa.selenium.chrome.ChromeDriver
Command: [7e515bcc7db61ba7c8620d19aa478293, findElement {using=link text, value=Try here&gt;&gt;&gt;}]
Capabilities {acceptInsecureCerts: false, browserName: chrome, browserVersion: 120.0.6099.71, chrome: {chromedriverVersion: 120.0.6099.109 (3419140ab66..., userDataDir: C:\Users\saran\AppData\Loca...}, fedcm:accounts: true, goog:chromeOptions: {debuggerAddress: localhost:51595}, networkConnectionEnabled: false, pageLoadStrategy: normal, platformName: windows, proxy: Proxy(), se:cdp: ws://localhost:51595/devtoo..., se:cdpVersion: 120.0.6099.71, setWindowRect: true, strictFileInteractability: false, timeouts: {implicit: 0, pageLoad: 300000, script: 30000}, unhandledPromptBehavior: dismiss and notify, webauthn:extension:credBlob: true, webauthn:extension:largeBlob: true, webauthn:extension:minPinLength: true, webauthn:extension:prf: true, webauthn:virtualAuthenticators: true}
Session ID: 7e515bcc7db61ba7c8620d19aa478293
	at java.base/jdk.internal.reflect.DirectConstructorHandleAccessor.newInstance(DirectConstructorHandleAccessor.java:62)
	at java.base/java.lang.reflect.Constructor.newInstanceWithCaller(Constructor.java:502)
	at java.base/java.lang.reflect.Constructor.newInstance(Constructor.java:486)
	at org.openqa.selenium.remote.codec.w3c.W3CHttpResponseCodec.createException(W3CHttpResponseCodec.java:200)
	at org.openqa.selenium.remote.codec.w3c.W3CHttpResponseCodec.decode(W3CHttpResponseCodec.java:133)
	at org.openqa.selenium.remote.codec.w3c.W3CHttpResponseCodec.decode(W3CHttpResponseCodec.java:52)
	at org.openqa.selenium.remote.HttpCommandExecutor.execute(HttpCommandExecutor.java:191)
	at org.openqa.selenium.remote.service.DriverCommandExecutor.invokeExecute(DriverCommandExecutor.java:200)
	at org.openqa.selenium.remote.service.DriverCommandExecutor.execute(DriverCommandExecutor.java:175)
	at org.openqa.selenium.remote.RemoteWebDriver.execute(RemoteWebDriver.java:607)
	at org.openqa.selenium.remote.ElementLocation$ElementFinder$2.findElement(ElementLocation.java:165)
	at org.openqa.selenium.remote.ElementLocation.findElement(ElementLocation.java:59)
	at org.openqa.selenium.remote.RemoteWebDriver.findElement(RemoteWebDriver.java:364)
	at org.openqa.selenium.remote.RemoteWebDriver.findElement(RemoteWebDriver.java:358)
	at com.pages.TryHerePage.tryhere(TryHerePage.java:69)
	at StepDefinition.TryHereSD.the_user_navigates_to_try_editor_page(TryHereSD.java:17)
	at ✽.The User navigates to Try EditorPage(file:///C:/Users/saran/eclipse-workspace/DS-ALGO5/src/test/resources/Features/05_Arrays.feature:56)
</pre></div></td>
<td>20</td>
<td>TestRunner.TestRunnerTestng@388ba540</td></tr>
<tr>
<td title='TestRunner.TestRunnerTestng.runScenario()'><b>runScenario</b><br>Test class: TestRunner.TestRunnerTestng<br>Test method: Runs Cucumber Scenarios<br>Parameters: "Enter user name and password to sign in", "Data Structures-Introduction Homepage"</td>
<td><div><pre>java.io.FileNotFoundException: C:\Users\saran\eclipse-workspace\DS-ALGO5\src\test\resources\ExcelData\signInTestData.xlsx (The process cannot access the file because it is being used by another process)
	at java.base/java.io.FileOutputStream.open0(Native Method)
	at java.base/java.io.FileOutputStream.open(FileOutputStream.java:289)
	at java.base/java.io.FileOutputStream.&lt;init&gt;(FileOutputStream.java:230)
	at java.base/java.io.FileOutputStream.&lt;init&gt;(FileOutputStream.java:179)
	at org.apache.poi.openxml4j.opc.internal.FileHelper.copyFile(FileHelper.java:65)
	at org.apache.poi.openxml4j.opc.ZipPackage.closeImpl(ZipPackage.java:488)
	at org.apache.poi.openxml4j.opc.OPCPackage.close(OPCPackage.java:470)
	at org.apache.poi.ooxml.POIXMLDocument.close(POIXMLDocument.java:189)
	at org.apache.poi.xssf.usermodel.XSSFWorkbook.close(XSSFWorkbook.java:617)
	at com.qa.util.ExcelReader.getData(ExcelReader.java:22)
	at com.pages.SignInPage.readDataFromSheet(SignInPage.java:48)
	at StepDefinition.SignInSD.user_enters_sheetname_and_rownumber(SignInSD.java:58)
	at ✽.User enters sheetname &quot;signIn&quot; and rownumber 0(file:///C:/Users/saran/eclipse-workspace/DS-ALGO5/src/test/resources/Features/04_DataStucture.feature:6)
</pre></div><a href='#' onClick='toggleBox("stack-trace943043201", this, "Click to show all stack frames", "Click to hide stack frames")'>Click to show all stack frames</a>
<div class='stack-trace' id='stack-trace943043201'><pre>java.io.FileNotFoundException: C:\Users\saran\eclipse-workspace\DS-ALGO5\src\test\resources\ExcelData\signInTestData.xlsx (The process cannot access the file because it is being used by another process)
	at java.base/java.io.FileOutputStream.open0(Native Method)
	at java.base/java.io.FileOutputStream.open(FileOutputStream.java:289)
	at java.base/java.io.FileOutputStream.&lt;init&gt;(FileOutputStream.java:230)
	at java.base/java.io.FileOutputStream.&lt;init&gt;(FileOutputStream.java:179)
	at org.apache.poi.openxml4j.opc.internal.FileHelper.copyFile(FileHelper.java:65)
	at org.apache.poi.openxml4j.opc.ZipPackage.closeImpl(ZipPackage.java:488)
	at org.apache.poi.openxml4j.opc.OPCPackage.close(OPCPackage.java:470)
	at org.apache.poi.ooxml.POIXMLDocument.close(POIXMLDocument.java:189)
	at org.apache.poi.xssf.usermodel.XSSFWorkbook.close(XSSFWorkbook.java:617)
	at com.qa.util.ExcelReader.getData(ExcelReader.java:22)
	at com.pages.SignInPage.readDataFromSheet(SignInPage.java:48)
	at StepDefinition.SignInSD.user_enters_sheetname_and_rownumber(SignInSD.java:58)
	at ✽.User enters sheetname &quot;signIn&quot; and rownumber 0(file:///C:/Users/saran/eclipse-workspace/DS-ALGO5/src/test/resources/Features/04_DataStucture.feature:6)
</pre></div></td>
<td>1</td>
<td>TestRunner.TestRunnerTestng@388ba540</td></tr>
<tr>
<td title='TestRunner.TestRunnerTestng.runScenario()'><b>runScenario</b><br>Test class: TestRunner.TestRunnerTestng<br>Test method: Runs Cucumber Scenarios<br>Parameters: "User click on Signout", "Arrays Homepage"</td>
<td><div><pre>org.openqa.selenium.NoSuchElementException: no such element: Unable to locate element: {&quot;method&quot;:&quot;partial link text&quot;,&quot;selector&quot;:&quot;Sign out&quot;}
  (Session info: chrome=120.0.6099.71)
For documentation on this error, please visit: https://www.selenium.dev/documentation/webdriver/troubleshooting/errors#no-such-element-exception
Build info: version: &apos;4.15.0&apos;, revision: &apos;1d14b5521b&apos;
System info: os.name: &apos;Windows 11&apos;, os.arch: &apos;amd64&apos;, os.version: &apos;10.0&apos;, java.version: &apos;21&apos;
Driver info: org.openqa.selenium.chrome.ChromeDriver
Command: [7e515bcc7db61ba7c8620d19aa478293, findElement {using=partial link text, value=Sign out}]
Capabilities {acceptInsecureCerts: false, browserName: chrome, browserVersion: 120.0.6099.71, chrome: {chromedriverVersion: 120.0.6099.109 (3419140ab66..., userDataDir: C:\Users\saran\AppData\Loca...}, fedcm:accounts: true, goog:chromeOptions: {debuggerAddress: localhost:51595}, networkConnectionEnabled: false, pageLoadStrategy: normal, platformName: windows, proxy: Proxy(), se:cdp: ws://localhost:51595/devtoo..., se:cdpVersion: 120.0.6099.71, setWindowRect: true, strictFileInteractability: false, timeouts: {implicit: 0, pageLoad: 300000, script: 30000}, unhandledPromptBehavior: dismiss and notify, webauthn:extension:credBlob: true, webauthn:extension:largeBlob: true, webauthn:extension:minPinLength: true, webauthn:extension:prf: true, webauthn:virtualAuthenticators: true}
Session ID: 7e515bcc7db61ba7c8620d19aa478293
	at java.base/jdk.internal.reflect.DirectConstructorHandleAccessor.newInstance(DirectConstructorHandleAccessor.java:62)
	at java.base/java.lang.reflect.Constructor.newInstanceWithCaller(Constructor.java:502)
	at java.base/java.lang.reflect.Constructor.newInstance(Constructor.java:486)
	at org.openqa.selenium.remote.codec.w3c.W3CHttpResponseCodec.createException(W3CHttpResponseCodec.java:200)
	at org.openqa.selenium.remote.codec.w3c.W3CHttpResponseCodec.decode(W3CHttpResponseCodec.java:133)
	at org.openqa.selenium.remote.codec.w3c.W3CHttpResponseCodec.decode(W3CHttpResponseCodec.java:52)
	at org.openqa.selenium.remote.HttpCommandExecutor.execute(HttpCommandExecutor.java:191)
	at org.openqa.selenium.remote.service.DriverCommandExecutor.invokeExecute(DriverCommandExecutor.java:200)
	at org.openqa.selenium.remote.service.DriverCommandExecutor.execute(DriverCommandExecutor.java:175)
	at org.openqa.selenium.remote.RemoteWebDriver.execute(RemoteWebDriver.java:607)
	at org.openqa.selenium.remote.ElementLocation$ElementFinder$2.findElement(ElementLocation.java:165)
	at org.openqa.selenium.remote.ElementLocation.findElement(ElementLocation.java:59)
	at org.openqa.selenium.remote.RemoteWebDriver.findElement(RemoteWebDriver.java:364)
	at org.openqa.selenium.remote.RemoteWebDriver.findElement(RemoteWebDriver.java:358)
	at com.pages.SignInPage.clickSignOut(SignInPage.java:77)
	at StepDefinition.SignInSD.user_click_on_signout(SignInSD.java:92)
	at ✽.User click on Signout(file:///C:/Users/saran/eclipse-workspace/DS-ALGO5/src/test/resources/Features/05_Arrays.feature:104)
</pre></div><a href='#' onClick='toggleBox("stack-trace1888999713", this, "Click to show all stack frames", "Click to hide stack frames")'>Click to show all stack frames</a>
<div class='stack-trace' id='stack-trace1888999713'><pre>org.openqa.selenium.NoSuchElementException: no such element: Unable to locate element: {&quot;method&quot;:&quot;partial link text&quot;,&quot;selector&quot;:&quot;Sign out&quot;}
  (Session info: chrome=120.0.6099.71)
For documentation on this error, please visit: https://www.selenium.dev/documentation/webdriver/troubleshooting/errors#no-such-element-exception
Build info: version: &apos;4.15.0&apos;, revision: &apos;1d14b5521b&apos;
System info: os.name: &apos;Windows 11&apos;, os.arch: &apos;amd64&apos;, os.version: &apos;10.0&apos;, java.version: &apos;21&apos;
Driver info: org.openqa.selenium.chrome.ChromeDriver
Command: [7e515bcc7db61ba7c8620d19aa478293, findElement {using=partial link text, value=Sign out}]
Capabilities {acceptInsecureCerts: false, browserName: chrome, browserVersion: 120.0.6099.71, chrome: {chromedriverVersion: 120.0.6099.109 (3419140ab66..., userDataDir: C:\Users\saran\AppData\Loca...}, fedcm:accounts: true, goog:chromeOptions: {debuggerAddress: localhost:51595}, networkConnectionEnabled: false, pageLoadStrategy: normal, platformName: windows, proxy: Proxy(), se:cdp: ws://localhost:51595/devtoo..., se:cdpVersion: 120.0.6099.71, setWindowRect: true, strictFileInteractability: false, timeouts: {implicit: 0, pageLoad: 300000, script: 30000}, unhandledPromptBehavior: dismiss and notify, webauthn:extension:credBlob: true, webauthn:extension:largeBlob: true, webauthn:extension:minPinLength: true, webauthn:extension:prf: true, webauthn:virtualAuthenticators: true}
Session ID: 7e515bcc7db61ba7c8620d19aa478293
	at java.base/jdk.internal.reflect.DirectConstructorHandleAccessor.newInstance(DirectConstructorHandleAccessor.java:62)
	at java.base/java.lang.reflect.Constructor.newInstanceWithCaller(Constructor.java:502)
	at java.base/java.lang.reflect.Constructor.newInstance(Constructor.java:486)
	at org.openqa.selenium.remote.codec.w3c.W3CHttpResponseCodec.createException(W3CHttpResponseCodec.java:200)
	at org.openqa.selenium.remote.codec.w3c.W3CHttpResponseCodec.decode(W3CHttpResponseCodec.java:133)
	at org.openqa.selenium.remote.codec.w3c.W3CHttpResponseCodec.decode(W3CHttpResponseCodec.java:52)
	at org.openqa.selenium.remote.HttpCommandExecutor.execute(HttpCommandExecutor.java:191)
	at org.openqa.selenium.remote.service.DriverCommandExecutor.invokeExecute(DriverCommandExecutor.java:200)
	at org.openqa.selenium.remote.service.DriverCommandExecutor.execute(DriverCommandExecutor.java:175)
	at org.openqa.selenium.remote.RemoteWebDriver.execute(RemoteWebDriver.java:607)
	at org.openqa.selenium.remote.ElementLocation$ElementFinder$2.findElement(ElementLocation.java:165)
	at org.openqa.selenium.remote.ElementLocation.findElement(ElementLocation.java:59)
	at org.openqa.selenium.remote.RemoteWebDriver.findElement(RemoteWebDriver.java:364)
	at org.openqa.selenium.remote.RemoteWebDriver.findElement(RemoteWebDriver.java:358)
	at com.pages.SignInPage.clickSignOut(SignInPage.java:77)
	at StepDefinition.SignInSD.user_click_on_signout(SignInSD.java:92)
	at ✽.User click on Signout(file:///C:/Users/saran/eclipse-workspace/DS-ALGO5/src/test/resources/Features/05_Arrays.feature:104)
</pre></div></td>
<td>20</td>
<td>TestRunner.TestRunnerTestng@388ba540</td></tr>
<tr>
<td title='TestRunner.TestRunnerTestng.runScenario()'><b>runScenario</b><br>Test class: TestRunner.TestRunnerTestng<br>Test method: Runs Cucumber Scenarios<br>Parameters: "Try here Invalid Data", "Data Structures-Introduction Homepage"</td>
<td><div><pre>org.openqa.selenium.NoSuchElementException: no such element: Unable to locate element: {&quot;method&quot;:&quot;link text&quot;,&quot;selector&quot;:&quot;Try here&gt;&gt;&gt;&quot;}
  (Session info: chrome=120.0.6099.71)
For documentation on this error, please visit: https://www.selenium.dev/documentation/webdriver/troubleshooting/errors#no-such-element-exception
Build info: version: &apos;4.15.0&apos;, revision: &apos;1d14b5521b&apos;
System info: os.name: &apos;Windows 11&apos;, os.arch: &apos;amd64&apos;, os.version: &apos;10.0&apos;, java.version: &apos;21&apos;
Driver info: org.openqa.selenium.chrome.ChromeDriver
Command: [7e515bcc7db61ba7c8620d19aa478293, findElement {using=link text, value=Try here&gt;&gt;&gt;}]
Capabilities {acceptInsecureCerts: false, browserName: chrome, browserVersion: 120.0.6099.71, chrome: {chromedriverVersion: 120.0.6099.109 (3419140ab66..., userDataDir: C:\Users\saran\AppData\Loca...}, fedcm:accounts: true, goog:chromeOptions: {debuggerAddress: localhost:51595}, networkConnectionEnabled: false, pageLoadStrategy: normal, platformName: windows, proxy: Proxy(), se:cdp: ws://localhost:51595/devtoo..., se:cdpVersion: 120.0.6099.71, setWindowRect: true, strictFileInteractability: false, timeouts: {implicit: 0, pageLoad: 300000, script: 30000}, unhandledPromptBehavior: dismiss and notify, webauthn:extension:credBlob: true, webauthn:extension:largeBlob: true, webauthn:extension:minPinLength: true, webauthn:extension:prf: true, webauthn:virtualAuthenticators: true}
Session ID: 7e515bcc7db61ba7c8620d19aa478293
	at java.base/jdk.internal.reflect.DirectConstructorHandleAccessor.newInstance(DirectConstructorHandleAccessor.java:62)
	at java.base/java.lang.reflect.Constructor.newInstanceWithCaller(Constructor.java:502)
	at java.base/java.lang.reflect.Constructor.newInstance(Constructor.java:486)
	at org.openqa.selenium.remote.codec.w3c.W3CHttpResponseCodec.createException(W3CHttpResponseCodec.java:200)
	at org.openqa.selenium.remote.codec.w3c.W3CHttpResponseCodec.decode(W3CHttpResponseCodec.java:133)
	at org.openqa.selenium.remote.codec.w3c.W3CHttpResponseCodec.decode(W3CHttpResponseCodec.java:52)
	at org.openqa.selenium.remote.HttpCommandExecutor.execute(HttpCommandExecutor.java:191)
	at org.openqa.selenium.remote.service.DriverCommandExecutor.invokeExecute(DriverCommandExecutor.java:200)
	at org.openqa.selenium.remote.service.DriverCommandExecutor.execute(DriverCommandExecutor.java:175)
	at org.openqa.selenium.remote.RemoteWebDriver.execute(RemoteWebDriver.java:607)
	at org.openqa.selenium.remote.ElementLocation$ElementFinder$2.findElement(ElementLocation.java:165)
	at org.openqa.selenium.remote.ElementLocation.findElement(ElementLocation.java:59)
	at org.openqa.selenium.remote.RemoteWebDriver.findElement(RemoteWebDriver.java:364)
	at org.openqa.selenium.remote.RemoteWebDriver.findElement(RemoteWebDriver.java:358)
	at com.pages.TryHerePage.tryhere(TryHerePage.java:69)
	at StepDefinition.TryHereSD.the_user_navigates_to_try_editor_page(TryHereSD.java:17)
	at ✽.The User navigates to Try EditorPage(file:///C:/Users/saran/eclipse-workspace/DS-ALGO5/src/test/resources/Features/04_DataStucture.feature:28)
</pre></div><a href='#' onClick='toggleBox("stack-trace871895680", this, "Click to show all stack frames", "Click to hide stack frames")'>Click to show all stack frames</a>
<div class='stack-trace' id='stack-trace871895680'><pre>org.openqa.selenium.NoSuchElementException: no such element: Unable to locate element: {&quot;method&quot;:&quot;link text&quot;,&quot;selector&quot;:&quot;Try here&gt;&gt;&gt;&quot;}
  (Session info: chrome=120.0.6099.71)
For documentation on this error, please visit: https://www.selenium.dev/documentation/webdriver/troubleshooting/errors#no-such-element-exception
Build info: version: &apos;4.15.0&apos;, revision: &apos;1d14b5521b&apos;
System info: os.name: &apos;Windows 11&apos;, os.arch: &apos;amd64&apos;, os.version: &apos;10.0&apos;, java.version: &apos;21&apos;
Driver info: org.openqa.selenium.chrome.ChromeDriver
Command: [7e515bcc7db61ba7c8620d19aa478293, findElement {using=link text, value=Try here&gt;&gt;&gt;}]
Capabilities {acceptInsecureCerts: false, browserName: chrome, browserVersion: 120.0.6099.71, chrome: {chromedriverVersion: 120.0.6099.109 (3419140ab66..., userDataDir: C:\Users\saran\AppData\Loca...}, fedcm:accounts: true, goog:chromeOptions: {debuggerAddress: localhost:51595}, networkConnectionEnabled: false, pageLoadStrategy: normal, platformName: windows, proxy: Proxy(), se:cdp: ws://localhost:51595/devtoo..., se:cdpVersion: 120.0.6099.71, setWindowRect: true, strictFileInteractability: false, timeouts: {implicit: 0, pageLoad: 300000, script: 30000}, unhandledPromptBehavior: dismiss and notify, webauthn:extension:credBlob: true, webauthn:extension:largeBlob: true, webauthn:extension:minPinLength: true, webauthn:extension:prf: true, webauthn:virtualAuthenticators: true}
Session ID: 7e515bcc7db61ba7c8620d19aa478293
	at java.base/jdk.internal.reflect.DirectConstructorHandleAccessor.newInstance(DirectConstructorHandleAccessor.java:62)
	at java.base/java.lang.reflect.Constructor.newInstanceWithCaller(Constructor.java:502)
	at java.base/java.lang.reflect.Constructor.newInstance(Constructor.java:486)
	at org.openqa.selenium.remote.codec.w3c.W3CHttpResponseCodec.createException(W3CHttpResponseCodec.java:200)
	at org.openqa.selenium.remote.codec.w3c.W3CHttpResponseCodec.decode(W3CHttpResponseCodec.java:133)
	at org.openqa.selenium.remote.codec.w3c.W3CHttpResponseCodec.decode(W3CHttpResponseCodec.java:52)
	at org.openqa.selenium.remote.HttpCommandExecutor.execute(HttpCommandExecutor.java:191)
	at org.openqa.selenium.remote.service.DriverCommandExecutor.invokeExecute(DriverCommandExecutor.java:200)
	at org.openqa.selenium.remote.service.DriverCommandExecutor.execute(DriverCommandExecutor.java:175)
	at org.openqa.selenium.remote.RemoteWebDriver.execute(RemoteWebDriver.java:607)
	at org.openqa.selenium.remote.ElementLocation$ElementFinder$2.findElement(ElementLocation.java:165)
	at org.openqa.selenium.remote.ElementLocation.findElement(ElementLocation.java:59)
	at org.openqa.selenium.remote.RemoteWebDriver.findElement(RemoteWebDriver.java:364)
	at org.openqa.selenium.remote.RemoteWebDriver.findElement(RemoteWebDriver.java:358)
	at com.pages.TryHerePage.tryhere(TryHerePage.java:69)
	at StepDefinition.TryHereSD.the_user_navigates_to_try_editor_page(TryHereSD.java:17)
	at ✽.The User navigates to Try EditorPage(file:///C:/Users/saran/eclipse-workspace/DS-ALGO5/src/test/resources/Features/04_DataStucture.feature:28)
</pre></div></td>
<td>20</td>
<td>TestRunner.TestRunnerTestng@388ba540</td></tr>
<tr>
<td title='TestRunner.TestRunnerTestng.runScenario()'><b>runScenario</b><br>Test class: TestRunner.TestRunnerTestng<br>Test method: Runs Cucumber Scenarios<br>Parameters: "The user clicks TryHere button with Ivalid Text and Error message", "Arrays Homepage"</td>
<td><div><pre>org.openqa.selenium.NoSuchElementException: no such element: Unable to locate element: {&quot;method&quot;:&quot;link text&quot;,&quot;selector&quot;:&quot;Try here&gt;&gt;&gt;&quot;}
  (Session info: chrome=120.0.6099.71)
For documentation on this error, please visit: https://www.selenium.dev/documentation/webdriver/troubleshooting/errors#no-such-element-exception
Build info: version: &apos;4.15.0&apos;, revision: &apos;1d14b5521b&apos;
System info: os.name: &apos;Windows 11&apos;, os.arch: &apos;amd64&apos;, os.version: &apos;10.0&apos;, java.version: &apos;21&apos;
Driver info: org.openqa.selenium.chrome.ChromeDriver
Command: [7e515bcc7db61ba7c8620d19aa478293, findElement {using=link text, value=Try here&gt;&gt;&gt;}]
Capabilities {acceptInsecureCerts: false, browserName: chrome, browserVersion: 120.0.6099.71, chrome: {chromedriverVersion: 120.0.6099.109 (3419140ab66..., userDataDir: C:\Users\saran\AppData\Loca...}, fedcm:accounts: true, goog:chromeOptions: {debuggerAddress: localhost:51595}, networkConnectionEnabled: false, pageLoadStrategy: normal, platformName: windows, proxy: Proxy(), se:cdp: ws://localhost:51595/devtoo..., se:cdpVersion: 120.0.6099.71, setWindowRect: true, strictFileInteractability: false, timeouts: {implicit: 0, pageLoad: 300000, script: 30000}, unhandledPromptBehavior: dismiss and notify, webauthn:extension:credBlob: true, webauthn:extension:largeBlob: true, webauthn:extension:minPinLength: true, webauthn:extension:prf: true, webauthn:virtualAuthenticators: true}
Session ID: 7e515bcc7db61ba7c8620d19aa478293
	at java.base/jdk.internal.reflect.DirectConstructorHandleAccessor.newInstance(DirectConstructorHandleAccessor.java:62)
	at java.base/java.lang.reflect.Constructor.newInstanceWithCaller(Constructor.java:502)
	at java.base/java.lang.reflect.Constructor.newInstance(Constructor.java:486)
	at org.openqa.selenium.remote.codec.w3c.W3CHttpResponseCodec.createException(W3CHttpResponseCodec.java:200)
	at org.openqa.selenium.remote.codec.w3c.W3CHttpResponseCodec.decode(W3CHttpResponseCodec.java:133)
	at org.openqa.selenium.remote.codec.w3c.W3CHttpResponseCodec.decode(W3CHttpResponseCodec.java:52)
	at org.openqa.selenium.remote.HttpCommandExecutor.execute(HttpCommandExecutor.java:191)
	at org.openqa.selenium.remote.service.DriverCommandExecutor.invokeExecute(DriverCommandExecutor.java:200)
	at org.openqa.selenium.remote.service.DriverCommandExecutor.execute(DriverCommandExecutor.java:175)
	at org.openqa.selenium.remote.RemoteWebDriver.execute(RemoteWebDriver.java:607)
	at org.openqa.selenium.remote.ElementLocation$ElementFinder$2.findElement(ElementLocation.java:165)
	at org.openqa.selenium.remote.ElementLocation.findElement(ElementLocation.java:59)
	at org.openqa.selenium.remote.RemoteWebDriver.findElement(RemoteWebDriver.java:364)
	at org.openqa.selenium.remote.RemoteWebDriver.findElement(RemoteWebDriver.java:358)
	at com.pages.TryHerePage.tryhere(TryHerePage.java:69)
	at StepDefinition.TryHereSD.the_user_navigates_to_try_editor_page(TryHereSD.java:17)
	at ✽.The User navigates to Try EditorPage(file:///C:/Users/saran/eclipse-workspace/DS-ALGO5/src/test/resources/Features/05_Arrays.feature:63)
</pre></div><a href='#' onClick='toggleBox("stack-trace2003665047", this, "Click to show all stack frames", "Click to hide stack frames")'>Click to show all stack frames</a>
<div class='stack-trace' id='stack-trace2003665047'><pre>org.openqa.selenium.NoSuchElementException: no such element: Unable to locate element: {&quot;method&quot;:&quot;link text&quot;,&quot;selector&quot;:&quot;Try here&gt;&gt;&gt;&quot;}
  (Session info: chrome=120.0.6099.71)
For documentation on this error, please visit: https://www.selenium.dev/documentation/webdriver/troubleshooting/errors#no-such-element-exception
Build info: version: &apos;4.15.0&apos;, revision: &apos;1d14b5521b&apos;
System info: os.name: &apos;Windows 11&apos;, os.arch: &apos;amd64&apos;, os.version: &apos;10.0&apos;, java.version: &apos;21&apos;
Driver info: org.openqa.selenium.chrome.ChromeDriver
Command: [7e515bcc7db61ba7c8620d19aa478293, findElement {using=link text, value=Try here&gt;&gt;&gt;}]
Capabilities {acceptInsecureCerts: false, browserName: chrome, browserVersion: 120.0.6099.71, chrome: {chromedriverVersion: 120.0.6099.109 (3419140ab66..., userDataDir: C:\Users\saran\AppData\Loca...}, fedcm:accounts: true, goog:chromeOptions: {debuggerAddress: localhost:51595}, networkConnectionEnabled: false, pageLoadStrategy: normal, platformName: windows, proxy: Proxy(), se:cdp: ws://localhost:51595/devtoo..., se:cdpVersion: 120.0.6099.71, setWindowRect: true, strictFileInteractability: false, timeouts: {implicit: 0, pageLoad: 300000, script: 30000}, unhandledPromptBehavior: dismiss and notify, webauthn:extension:credBlob: true, webauthn:extension:largeBlob: true, webauthn:extension:minPinLength: true, webauthn:extension:prf: true, webauthn:virtualAuthenticators: true}
Session ID: 7e515bcc7db61ba7c8620d19aa478293
	at java.base/jdk.internal.reflect.DirectConstructorHandleAccessor.newInstance(DirectConstructorHandleAccessor.java:62)
	at java.base/java.lang.reflect.Constructor.newInstanceWithCaller(Constructor.java:502)
	at java.base/java.lang.reflect.Constructor.newInstance(Constructor.java:486)
	at org.openqa.selenium.remote.codec.w3c.W3CHttpResponseCodec.createException(W3CHttpResponseCodec.java:200)
	at org.openqa.selenium.remote.codec.w3c.W3CHttpResponseCodec.decode(W3CHttpResponseCodec.java:133)
	at org.openqa.selenium.remote.codec.w3c.W3CHttpResponseCodec.decode(W3CHttpResponseCodec.java:52)
	at org.openqa.selenium.remote.HttpCommandExecutor.execute(HttpCommandExecutor.java:191)
	at org.openqa.selenium.remote.service.DriverCommandExecutor.invokeExecute(DriverCommandExecutor.java:200)
	at org.openqa.selenium.remote.service.DriverCommandExecutor.execute(DriverCommandExecutor.java:175)
	at org.openqa.selenium.remote.RemoteWebDriver.execute(RemoteWebDriver.java:607)
	at org.openqa.selenium.remote.ElementLocation$ElementFinder$2.findElement(ElementLocation.java:165)
	at org.openqa.selenium.remote.ElementLocation.findElement(ElementLocation.java:59)
	at org.openqa.selenium.remote.RemoteWebDriver.findElement(RemoteWebDriver.java:364)
	at org.openqa.selenium.remote.RemoteWebDriver.findElement(RemoteWebDriver.java:358)
	at com.pages.TryHerePage.tryhere(TryHerePage.java:69)
	at StepDefinition.TryHereSD.the_user_navigates_to_try_editor_page(TryHereSD.java:17)
	at ✽.The User navigates to Try EditorPage(file:///C:/Users/saran/eclipse-workspace/DS-ALGO5/src/test/resources/Features/05_Arrays.feature:63)
</pre></div></td>
<td>20</td>
<td>TestRunner.TestRunnerTestng@388ba540</td></tr>
<tr>
<td title='TestRunner.TestRunnerTestng.runScenario()'><b>runScenario</b><br>Test class: TestRunner.TestRunnerTestng<br>Test method: Runs Cucumber Scenarios<br>Parameters: "Enter user name and password to sign in", "Arrays Homepage"</td>
<td><div><pre>java.io.FileNotFoundException: C:\Users\saran\eclipse-workspace\DS-ALGO5\src\test\resources\ExcelData\signInTestData.xlsx (The process cannot access the file because it is being used by another process)
	at java.base/java.io.FileOutputStream.open0(Native Method)
	at java.base/java.io.FileOutputStream.open(FileOutputStream.java:289)
	at java.base/java.io.FileOutputStream.&lt;init&gt;(FileOutputStream.java:230)
	at java.base/java.io.FileOutputStream.&lt;init&gt;(FileOutputStream.java:179)
	at org.apache.poi.openxml4j.opc.internal.FileHelper.copyFile(FileHelper.java:65)
	at org.apache.poi.openxml4j.opc.ZipPackage.closeImpl(ZipPackage.java:488)
	at org.apache.poi.openxml4j.opc.OPCPackage.close(OPCPackage.java:470)
	at org.apache.poi.ooxml.POIXMLDocument.close(POIXMLDocument.java:189)
	at org.apache.poi.xssf.usermodel.XSSFWorkbook.close(XSSFWorkbook.java:617)
	at com.qa.util.ExcelReader.getData(ExcelReader.java:22)
	at com.pages.SignInPage.readDataFromSheet(SignInPage.java:48)
	at StepDefinition.SignInSD.user_enters_sheetname_and_rownumber(SignInSD.java:58)
	at ✽.User enters sheetname &quot;signIn&quot; and rownumber 0(file:///C:/Users/saran/eclipse-workspace/DS-ALGO5/src/test/resources/Features/05_Arrays.feature:6)
</pre></div><a href='#' onClick='toggleBox("stack-trace1852224664", this, "Click to show all stack frames", "Click to hide stack frames")'>Click to show all stack frames</a>
<div class='stack-trace' id='stack-trace1852224664'><pre>java.io.FileNotFoundException: C:\Users\saran\eclipse-workspace\DS-ALGO5\src\test\resources\ExcelData\signInTestData.xlsx (The process cannot access the file because it is being used by another process)
	at java.base/java.io.FileOutputStream.open0(Native Method)
	at java.base/java.io.FileOutputStream.open(FileOutputStream.java:289)
	at java.base/java.io.FileOutputStream.&lt;init&gt;(FileOutputStream.java:230)
	at java.base/java.io.FileOutputStream.&lt;init&gt;(FileOutputStream.java:179)
	at org.apache.poi.openxml4j.opc.internal.FileHelper.copyFile(FileHelper.java:65)
	at org.apache.poi.openxml4j.opc.ZipPackage.closeImpl(ZipPackage.java:488)
	at org.apache.poi.openxml4j.opc.OPCPackage.close(OPCPackage.java:470)
	at org.apache.poi.ooxml.POIXMLDocument.close(POIXMLDocument.java:189)
	at org.apache.poi.xssf.usermodel.XSSFWorkbook.close(XSSFWorkbook.java:617)
	at com.qa.util.ExcelReader.getData(ExcelReader.java:22)
	at com.pages.SignInPage.readDataFromSheet(SignInPage.java:48)
	at StepDefinition.SignInSD.user_enters_sheetname_and_rownumber(SignInSD.java:58)
	at ✽.User enters sheetname &quot;signIn&quot; and rownumber 0(file:///C:/Users/saran/eclipse-workspace/DS-ALGO5/src/test/resources/Features/05_Arrays.feature:6)
</pre></div></td>
<td>1</td>
<td>TestRunner.TestRunnerTestng@388ba540</td></tr>
<tr>
<td title='TestRunner.TestRunnerTestng.runScenario()'><b>runScenario</b><br>Test class: TestRunner.TestRunnerTestng<br>Test method: Runs Cucumber Scenarios<br>Parameters: "Enter invalid user name and password to sign in", "Sign in"</td>
<td><div><pre>java.io.FileNotFoundException: C:\Users\saran\eclipse-workspace\DS-ALGO5\src\test\resources\ExcelData\signInTestData.xlsx (The process cannot access the file because it is being used by another process)
	at java.base/java.io.FileOutputStream.open0(Native Method)
	at java.base/java.io.FileOutputStream.open(FileOutputStream.java:289)
	at java.base/java.io.FileOutputStream.&lt;init&gt;(FileOutputStream.java:230)
	at java.base/java.io.FileOutputStream.&lt;init&gt;(FileOutputStream.java:179)
	at org.apache.poi.openxml4j.opc.internal.FileHelper.copyFile(FileHelper.java:65)
	at org.apache.poi.openxml4j.opc.ZipPackage.closeImpl(ZipPackage.java:488)
	at org.apache.poi.openxml4j.opc.OPCPackage.close(OPCPackage.java:470)
	at org.apache.poi.ooxml.POIXMLDocument.close(POIXMLDocument.java:189)
	at org.apache.poi.xssf.usermodel.XSSFWorkbook.close(XSSFWorkbook.java:617)
	at com.qa.util.ExcelReader.getData(ExcelReader.java:22)
	at com.pages.SignInPage.readDataFromSheet(SignInPage.java:48)
	at StepDefinition.SignInSD.user_enters_sheetname_and_rownumber(SignInSD.java:58)
	at ✽.User enters sheetname &quot;signIn&quot; and rownumber 2(file:///C:/Users/saran/eclipse-workspace/DS-ALGO5/src/test/resources/Features/03_SigIn.feature:8)
</pre></div><a href='#' onClick='toggleBox("stack-trace1073744063", this, "Click to show all stack frames", "Click to hide stack frames")'>Click to show all stack frames</a>
<div class='stack-trace' id='stack-trace1073744063'><pre>java.io.FileNotFoundException: C:\Users\saran\eclipse-workspace\DS-ALGO5\src\test\resources\ExcelData\signInTestData.xlsx (The process cannot access the file because it is being used by another process)
	at java.base/java.io.FileOutputStream.open0(Native Method)
	at java.base/java.io.FileOutputStream.open(FileOutputStream.java:289)
	at java.base/java.io.FileOutputStream.&lt;init&gt;(FileOutputStream.java:230)
	at java.base/java.io.FileOutputStream.&lt;init&gt;(FileOutputStream.java:179)
	at org.apache.poi.openxml4j.opc.internal.FileHelper.copyFile(FileHelper.java:65)
	at org.apache.poi.openxml4j.opc.ZipPackage.closeImpl(ZipPackage.java:488)
	at org.apache.poi.openxml4j.opc.OPCPackage.close(OPCPackage.java:470)
	at org.apache.poi.ooxml.POIXMLDocument.close(POIXMLDocument.java:189)
	at org.apache.poi.xssf.usermodel.XSSFWorkbook.close(XSSFWorkbook.java:617)
	at com.qa.util.ExcelReader.getData(ExcelReader.java:22)
	at com.pages.SignInPage.readDataFromSheet(SignInPage.java:48)
	at StepDefinition.SignInSD.user_enters_sheetname_and_rownumber(SignInSD.java:58)
	at ✽.User enters sheetname &quot;signIn&quot; and rownumber 2(file:///C:/Users/saran/eclipse-workspace/DS-ALGO5/src/test/resources/Features/03_SigIn.feature:8)
</pre></div></td>
<td>1</td>
<td>TestRunner.TestRunnerTestng@388ba540</td></tr>
</table><p>
<table width='100%' border='1' class='invocation-passed'>
<tr><td colspan='4' align='center'><b>PASSED TESTS</b></td></tr>
<tr><td><b>Test method</b></td>
<td><b>Attribute(s)</b></td>
<td width="30%"><b>Exception</b></td>
<td width="10%"><b>Time (seconds)</b></td>
<td><b>Instance</b></td>
</tr>
<tr>
<td title='TestRunner.TestRunnerTestng.runScenario()'><b>runScenario</b><br>Test class: TestRunner.TestRunnerTestng<br>Test method: Runs Cucumber Scenarios<br>Parameters: "User is on Home page and click on dropdown "Linkedlist" without sign in", "User launch dsalgo application and test Home page"</td>
<td></td>
<td>0</td>
<td>TestRunner.TestRunnerTestng@388ba540</td></tr>
<tr>
<td title='TestRunner.TestRunnerTestng.runScenario()'><b>runScenario</b><br>Test class: TestRunner.TestRunnerTestng<br>Test method: Runs Cucumber Scenarios<br>Parameters: "User is in Home Page after signing in for TreePage", "Tree Homepage"</td>
<td></td>
<td>0</td>
<td>TestRunner.TestRunnerTestng@388ba540</td></tr>
<tr>
<td title='TestRunner.TestRunnerTestng.runScenario()'><b>runScenario</b><br>Test class: TestRunner.TestRunnerTestng<br>Test method: Runs Cucumber Scenarios<br>Parameters: "User is on Home page and click on dropdown "Stack" without sign in", "User launch dsalgo application and test Home page"</td>
<td></td>
<td>0</td>
<td>TestRunner.TestRunnerTestng@388ba540</td></tr>
<tr>
<td title='TestRunner.TestRunnerTestng.runScenario()'><b>runScenario</b><br>Test class: TestRunner.TestRunnerTestng<br>Test method: Runs Cucumber Scenarios<br>Parameters: "The user clicks TryHere button with Ivalid Text and Error message", "Linked List Homepage"</td>
<td></td>
<td>1</td>
<td>TestRunner.TestRunnerTestng@388ba540</td></tr>
<tr>
<td title='TestRunner.TestRunnerTestng.runScenario()'><b>runScenario</b><br>Test class: TestRunner.TestRunnerTestng<br>Test method: Runs Cucumber Scenarios<br>Parameters: "User is on Home page and click getstarted link "Queue" on home page without sign in", "User launch dsalgo application and test Home page"</td>
<td></td>
<td>0</td>
<td>TestRunner.TestRunnerTestng@388ba540</td></tr>
<tr>
<td title='TestRunner.TestRunnerTestng.runScenario()'><b>runScenario</b><br>Test class: TestRunner.TestRunnerTestng<br>Test method: Runs Cucumber Scenarios<br>Parameters: "The user clicks TryHere button with valid Text", "Linked List Homepage"</td>
<td></td>
<td>1</td>
<td>TestRunner.TestRunnerTestng@388ba540</td></tr>
<tr>
<td title='TestRunner.TestRunnerTestng.runScenario()'><b>runScenario</b><br>Test class: TestRunner.TestRunnerTestng<br>Test method: Runs Cucumber Scenarios<br>Parameters: "When I click the binaryTreeTraversals Link", "Tree Homepage"</td>
<td></td>
<td>0</td>
<td>TestRunner.TestRunnerTestng@388ba540</td></tr>
<tr>
<td title='TestRunner.TestRunnerTestng.runScenario()'><b>runScenario</b><br>Test class: TestRunner.TestRunnerTestng<br>Test method: Runs Cucumber Scenarios<br>Parameters: "User is on Home page and click getstarted link "Arrays" on home page without sign in", "User launch dsalgo application and test Home page"</td>
<td></td>
<td>1</td>
<td>TestRunner.TestRunnerTestng@388ba540</td></tr>
<tr>
<td title='TestRunner.TestRunnerTestng.runScenario()'><b>runScenario</b><br>Test class: TestRunner.TestRunnerTestng<br>Test method: Runs Cucumber Scenarios<br>Parameters: "User launch home page of an dsalgo project", "User launch dsalgo application and test Home page"</td>
<td></td>
<td>9</td>
<td>TestRunner.TestRunnerTestng@388ba540</td></tr>
<tr>
<td title='TestRunner.TestRunnerTestng.runScenario()'><b>runScenario</b><br>Test class: TestRunner.TestRunnerTestng<br>Test method: Runs Cucumber Scenarios<br>Parameters: "The user enters Traversal Linked List", "Linked List Homepage"</td>
<td></td>
<td>0</td>
<td>TestRunner.TestRunnerTestng@388ba540</td></tr>
<tr>
<td title='TestRunner.TestRunnerTestng.runScenario()'><b>runScenario</b><br>Test class: TestRunner.TestRunnerTestng<br>Test method: Runs Cucumber Scenarios<br>Parameters: "The user clicks TryHere button with Ivalid Text and Error message", "Linked List Homepage"</td>
<td></td>
<td>0</td>
<td>TestRunner.TestRunnerTestng@388ba540</td></tr>
<tr>
<td title='TestRunner.TestRunnerTestng.runScenario()'><b>runScenario</b><br>Test class: TestRunner.TestRunnerTestng<br>Test method: Runs Cucumber Scenarios<br>Parameters: "Try here Invalid Data", "Tree Homepage"</td>
<td></td>
<td>0</td>
<td>TestRunner.TestRunnerTestng@388ba540</td></tr>
<tr>
<td title='TestRunner.TestRunnerTestng.runScenario()'><b>runScenario</b><br>Test class: TestRunner.TestRunnerTestng<br>Test method: Runs Cucumber Scenarios<br>Parameters: "Try here Invalid Data", "Stack Homepage"</td>
<td></td>
<td>0</td>
<td>TestRunner.TestRunnerTestng@388ba540</td></tr>
<tr>
<td title='TestRunner.TestRunnerTestng.runScenario()'><b>runScenario</b><br>Test class: TestRunner.TestRunnerTestng<br>Test method: Runs Cucumber Scenarios<br>Parameters: "Try here Invalid Data", "Graph Homepage"</td>
<td></td>
<td>0</td>
<td>TestRunner.TestRunnerTestng@388ba540</td></tr>
<tr>
<td title='TestRunner.TestRunnerTestng.runScenario()'><b>runScenario</b><br>Test class: TestRunner.TestRunnerTestng<br>Test method: Runs Cucumber Scenarios<br>Parameters: "Try here Invalid Data", "Graph Homepage"</td>
<td></td>
<td>0</td>
<td>TestRunner.TestRunnerTestng@388ba540</td></tr>
<tr>
<td title='TestRunner.TestRunnerTestng.runScenario()'><b>runScenario</b><br>Test class: TestRunner.TestRunnerTestng<br>Test method: Runs Cucumber Scenarios<br>Parameters: "User in Graph Representations Link", "Graph Homepage"</td>
<td></td>
<td>0</td>
<td>TestRunner.TestRunnerTestng@388ba540</td></tr>
<tr>
<td title='TestRunner.TestRunnerTestng.runScenario()'><b>runScenario</b><br>Test class: TestRunner.TestRunnerTestng<br>Test method: Runs Cucumber Scenarios<br>Parameters: "Try here Invalid Data", "Tree Homepage"</td>
<td></td>
<td>1</td>
<td>TestRunner.TestRunnerTestng@388ba540</td></tr>
<tr>
<td title='TestRunner.TestRunnerTestng.runScenario()'><b>runScenario</b><br>Test class: TestRunner.TestRunnerTestng<br>Test method: Runs Cucumber Scenarios<br>Parameters: "Try here Invalid Data", "Stack Homepage"</td>
<td></td>
<td>1</td>
<td>TestRunner.TestRunnerTestng@388ba540</td></tr>
<tr>
<td title='TestRunner.TestRunnerTestng.runScenario()'><b>runScenario</b><br>Test class: TestRunner.TestRunnerTestng<br>Test method: Runs Cucumber Scenarios<br>Parameters: "User click the types Of Binary Tree Link on Tree", "Tree Homepage"</td>
<td></td>
<td>0</td>
<td>TestRunner.TestRunnerTestng@388ba540</td></tr>
<tr>
<td title='TestRunner.TestRunnerTestng.runScenario()'><b>runScenario</b><br>Test class: TestRunner.TestRunnerTestng<br>Test method: Runs Cucumber Scenarios<br>Parameters: "User click on Signout", "Linked List Homepage"</td>
<td></td>
<td>1</td>
<td>TestRunner.TestRunnerTestng@388ba540</td></tr>
<tr>
<td title='TestRunner.TestRunnerTestng.runScenario()'><b>runScenario</b><br>Test class: TestRunner.TestRunnerTestng<br>Test method: Runs Cucumber Scenarios<br>Parameters: "User click on Signout", "Graph Homepage"</td>
<td></td>
<td>0</td>
<td>TestRunner.TestRunnerTestng@388ba540</td></tr>
<tr>
<td title='TestRunner.TestRunnerTestng.runScenario()'><b>runScenario</b><br>Test class: TestRunner.TestRunnerTestng<br>Test method: Runs Cucumber Scenarios<br>Parameters: "User is on Home page and click getstarted link "Stack" on home page without sign in", "User launch dsalgo application and test Home page"</td>
<td></td>
<td>0</td>
<td>TestRunner.TestRunnerTestng@388ba540</td></tr>
<tr>
<td title='TestRunner.TestRunnerTestng.runScenario()'><b>runScenario</b><br>Test class: TestRunner.TestRunnerTestng<br>Test method: Runs Cucumber Scenarios<br>Parameters: "Try here Valid Data", "H)To test the Queue page"</td>
<td></td>
<td>0</td>
<td>TestRunner.TestRunnerTestng@388ba540</td></tr>
<tr>
<td title='TestRunner.TestRunnerTestng.runScenario()'><b>runScenario</b><br>Test class: TestRunner.TestRunnerTestng<br>Test method: Runs Cucumber Scenarios<br>Parameters: "Try here Invalid Data", "H)To test the Queue page"</td>
<td></td>
<td>0</td>
<td>TestRunner.TestRunnerTestng@388ba540</td></tr>
<tr>
<td title='TestRunner.TestRunnerTestng.runScenario()'><b>runScenario</b><br>Test class: TestRunner.TestRunnerTestng<br>Test method: Runs Cucumber Scenarios<br>Parameters: "The user clicks TryHere button with Ivalid Text and Error message", "Linked List Homepage"</td>
<td></td>
<td>0</td>
<td>TestRunner.TestRunnerTestng@388ba540</td></tr>
<tr>
<td title='TestRunner.TestRunnerTestng.runScenario()'><b>runScenario</b><br>Test class: TestRunner.TestRunnerTestng<br>Test method: Runs Cucumber Scenarios<br>Parameters: "Try here Valid Data", "Tree Homepage"</td>
<td></td>
<td>0</td>
<td>TestRunner.TestRunnerTestng@388ba540</td></tr>
<tr>
<td title='TestRunner.TestRunnerTestng.runScenario()'><b>runScenario</b><br>Test class: TestRunner.TestRunnerTestng<br>Test method: Runs Cucumber Scenarios<br>Parameters: "User click on Signout", "H)To test the Queue page"</td>
<td></td>
<td>0</td>
<td>TestRunner.TestRunnerTestng@388ba540</td></tr>
<tr>
<td title='TestRunner.TestRunnerTestng.runScenario()'><b>runScenario</b><br>Test class: TestRunner.TestRunnerTestng<br>Test method: Runs Cucumber Scenarios<br>Parameters: "Try here Invalid Data", "Tree Homepage"</td>
<td></td>
<td>0</td>
<td>TestRunner.TestRunnerTestng@388ba540</td></tr>
<tr>
<td title='TestRunner.TestRunnerTestng.runScenario()'><b>runScenario</b><br>Test class: TestRunner.TestRunnerTestng<br>Test method: Runs Cucumber Scenarios<br>Parameters: "User in Queue practice Question", "H)To test the Queue page"</td>
<td></td>
<td>0</td>
<td>TestRunner.TestRunnerTestng@388ba540</td></tr>
<tr>
<td title='TestRunner.TestRunnerTestng.runScenario()'><b>runScenario</b><br>Test class: TestRunner.TestRunnerTestng<br>Test method: Runs Cucumber Scenarios<br>Parameters: "The user enters Linked List Page", "Linked List Homepage"</td>
<td></td>
<td>1</td>
<td>TestRunner.TestRunnerTestng@388ba540</td></tr>
<tr>
<td title='TestRunner.TestRunnerTestng.runScenario()'><b>runScenario</b><br>Test class: TestRunner.TestRunnerTestng<br>Test method: Runs Cucumber Scenarios<br>Parameters: "Try here Valid Data", "H)To test the Queue page"</td>
<td></td>
<td>0</td>
<td>TestRunner.TestRunnerTestng@388ba540</td></tr>
<tr>
<td title='TestRunner.TestRunnerTestng.runScenario()'><b>runScenario</b><br>Test class: TestRunner.TestRunnerTestng<br>Test method: Runs Cucumber Scenarios<br>Parameters: "User click the implementationOfBinary Link On Tree", "Tree Homepage"</td>
<td></td>
<td>0</td>
<td>TestRunner.TestRunnerTestng@388ba540</td></tr>
<tr>
<td title='TestRunner.TestRunnerTestng.runScenario()'><b>runScenario</b><br>Test class: TestRunner.TestRunnerTestng<br>Test method: Runs Cucumber Scenarios<br>Parameters: "Enter user name and password to sign in", "Stack Homepage"</td>
<td></td>
<td>3</td>
<td>TestRunner.TestRunnerTestng@388ba540</td></tr>
<tr>
<td title='TestRunner.TestRunnerTestng.runScenario()'><b>runScenario</b><br>Test class: TestRunner.TestRunnerTestng<br>Test method: Runs Cucumber Scenarios<br>Parameters: "User in Graph", "Graph Homepage"</td>
<td></td>
<td>1</td>
<td>TestRunner.TestRunnerTestng@388ba540</td></tr>
<tr>
<td title='TestRunner.TestRunnerTestng.runScenario()'><b>runScenario</b><br>Test class: TestRunner.TestRunnerTestng<br>Test method: Runs Cucumber Scenarios<br>Parameters: "User is on Home page and click on dropdown "Arrays" without sign in", "User launch dsalgo application and test Home page"</td>
<td></td>
<td>0</td>
<td>TestRunner.TestRunnerTestng@388ba540</td></tr>
<tr>
<td title='TestRunner.TestRunnerTestng.runScenario()'><b>runScenario</b><br>Test class: TestRunner.TestRunnerTestng<br>Test method: Runs Cucumber Scenarios<br>Parameters: "Try here Invalid Data", "H)To test the Queue page"</td>
<td></td>
<td>0</td>
<td>TestRunner.TestRunnerTestng@388ba540</td></tr>
<tr>
<td title='TestRunner.TestRunnerTestng.runScenario()'><b>runScenario</b><br>Test class: TestRunner.TestRunnerTestng<br>Test method: Runs Cucumber Scenarios<br>Parameters: "The user clicks TryHere button with valid Text", "Linked List Homepage"</td>
<td></td>
<td>0</td>
<td>TestRunner.TestRunnerTestng@388ba540</td></tr>
<tr>
<td title='TestRunner.TestRunnerTestng.runScenario()'><b>runScenario</b><br>Test class: TestRunner.TestRunnerTestng<br>Test method: Runs Cucumber Scenarios<br>Parameters: "Try here Invalid Data", "Tree Homepage"</td>
<td></td>
<td>0</td>
<td>TestRunner.TestRunnerTestng@388ba540</td></tr>
<tr>
<td title='TestRunner.TestRunnerTestng.runScenario()'><b>runScenario</b><br>Test class: TestRunner.TestRunnerTestng<br>Test method: Runs Cucumber Scenarios<br>Parameters: "User click the terminologies Link on Tree", "Tree Homepage"</td>
<td></td>
<td>0</td>
<td>TestRunner.TestRunnerTestng@388ba540</td></tr>
<tr>
<td title='TestRunner.TestRunnerTestng.runScenario()'><b>runScenario</b><br>Test class: TestRunner.TestRunnerTestng<br>Test method: Runs Cucumber Scenarios<br>Parameters: "The user enters Creating Linked LIst in Linked List", "Linked List Homepage"</td>
<td></td>
<td>0</td>
<td>TestRunner.TestRunnerTestng@388ba540</td></tr>
<tr>
<td title='TestRunner.TestRunnerTestng.runScenario()'><b>runScenario</b><br>Test class: TestRunner.TestRunnerTestng<br>Test method: Runs Cucumber Scenarios<br>Parameters: "Try here Valid Data", "Tree Homepage"</td>
<td></td>
<td>0</td>
<td>TestRunner.TestRunnerTestng@388ba540</td></tr>
<tr>
<td title='TestRunner.TestRunnerTestng.runScenario()'><b>runScenario</b><br>Test class: TestRunner.TestRunnerTestng<br>Test method: Runs Cucumber Scenarios<br>Parameters: "Try here Valid Data", "Tree Homepage"</td>
<td></td>
<td>0</td>
<td>TestRunner.TestRunnerTestng@388ba540</td></tr>
<tr>
<td title='TestRunner.TestRunnerTestng.runScenario()'><b>runScenario</b><br>Test class: TestRunner.TestRunnerTestng<br>Test method: Runs Cucumber Scenarios<br>Parameters: "User clicks Tree Traversals Link", "Tree Homepage"</td>
<td></td>
<td>0</td>
<td>TestRunner.TestRunnerTestng@388ba540</td></tr>
<tr>
<td title='TestRunner.TestRunnerTestng.runScenario()'><b>runScenario</b><br>Test class: TestRunner.TestRunnerTestng<br>Test method: Runs Cucumber Scenarios<br>Parameters: "User is on Home page and click getstarted link "Linkedlist" on home page without sign in", "User launch dsalgo application and test Home page"</td>
<td></td>
<td>0</td>
<td>TestRunner.TestRunnerTestng@388ba540</td></tr>
<tr>
<td title='TestRunner.TestRunnerTestng.runScenario()'><b>runScenario</b><br>Test class: TestRunner.TestRunnerTestng<br>Test method: Runs Cucumber Scenarios<br>Parameters: "Try here Invalid Data", "Tree Homepage"</td>
<td></td>
<td>0</td>
<td>TestRunner.TestRunnerTestng@388ba540</td></tr>
<tr>
<td title='TestRunner.TestRunnerTestng.runScenario()'><b>runScenario</b><br>Test class: TestRunner.TestRunnerTestng<br>Test method: Runs Cucumber Scenarios<br>Parameters: "The user clicks TryHere button with Ivalid Text and Error message", "Linked List Homepage"</td>
<td></td>
<td>0</td>
<td>TestRunner.TestRunnerTestng@388ba540</td></tr>
<tr>
<td title='TestRunner.TestRunnerTestng.runScenario()'><b>runScenario</b><br>Test class: TestRunner.TestRunnerTestng<br>Test method: Runs Cucumber Scenarios<br>Parameters: "the The User Clicks Implementation link in stack", "Stack Homepage"</td>
<td></td>
<td>0</td>
<td>TestRunner.TestRunnerTestng@388ba540</td></tr>
<tr>
<td title='TestRunner.TestRunnerTestng.runScenario()'><b>runScenario</b><br>Test class: TestRunner.TestRunnerTestng<br>Test method: Runs Cucumber Scenarios<br>Parameters: "The user clicks TryHere button with valid Text", "Linked List Homepage"</td>
<td></td>
<td>1</td>
<td>TestRunner.TestRunnerTestng@388ba540</td></tr>
<tr>
<td title='TestRunner.TestRunnerTestng.runScenario()'><b>runScenario</b><br>Test class: TestRunner.TestRunnerTestng<br>Test method: Runs Cucumber Scenarios<br>Parameters: "User enters Queue Page", "H)To test the Queue page"</td>
<td></td>
<td>1</td>
<td>TestRunner.TestRunnerTestng@388ba540</td></tr>
<tr>
<td title='TestRunner.TestRunnerTestng.runScenario()'><b>runScenario</b><br>Test class: TestRunner.TestRunnerTestng<br>Test method: Runs Cucumber Scenarios<br>Parameters: "Try here Valid Data", "Tree Homepage"</td>
<td></td>
<td>0</td>
<td>TestRunner.TestRunnerTestng@388ba540</td></tr>
<tr>
<td title='TestRunner.TestRunnerTestng.runScenario()'><b>runScenario</b><br>Test class: TestRunner.TestRunnerTestng<br>Test method: Runs Cucumber Scenarios<br>Parameters: "User click the implementationInPython Link", "Tree Homepage"</td>
<td></td>
<td>0</td>
<td>TestRunner.TestRunnerTestng@388ba540</td></tr>
<tr>
<td title='TestRunner.TestRunnerTestng.runScenario()'><b>runScenario</b><br>Test class: TestRunner.TestRunnerTestng<br>Test method: Runs Cucumber Scenarios<br>Parameters: "The user enters Deletion Linked List", "Linked List Homepage"</td>
<td></td>
<td>0</td>
<td>TestRunner.TestRunnerTestng@388ba540</td></tr>
<tr>
<td title='TestRunner.TestRunnerTestng.runScenario()'><b>runScenario</b><br>Test class: TestRunner.TestRunnerTestng<br>Test method: Runs Cucumber Scenarios<br>Parameters: "User click on Signout", "Stack Homepage"</td>
<td></td>
<td>0</td>
<td>TestRunner.TestRunnerTestng@388ba540</td></tr>
<tr>
<td title='TestRunner.TestRunnerTestng.runScenario()'><b>runScenario</b><br>Test class: TestRunner.TestRunnerTestng<br>Test method: Runs Cucumber Scenarios<br>Parameters: "The user clicks the Applications link in Stack", "Stack Homepage"</td>
<td></td>
<td>0</td>
<td>TestRunner.TestRunnerTestng@388ba540</td></tr>
<tr>
<td title='TestRunner.TestRunnerTestng.runScenario()'><b>runScenario</b><br>Test class: TestRunner.TestRunnerTestng<br>Test method: Runs Cucumber Scenarios<br>Parameters: "User click the binarySearch Trees Link on Tree", "Tree Homepage"</td>
<td></td>
<td>1</td>
<td>TestRunner.TestRunnerTestng@388ba540</td></tr>
<tr>
<td title='TestRunner.TestRunnerTestng.runScenario()'><b>runScenario</b><br>Test class: TestRunner.TestRunnerTestng<br>Test method: Runs Cucumber Scenarios<br>Parameters: "The user clicks TryHere button with valid Text", "Linked List Homepage"</td>
<td></td>
<td>1</td>
<td>TestRunner.TestRunnerTestng@388ba540</td></tr>
<tr>
<td title='TestRunner.TestRunnerTestng.runScenario()'><b>runScenario</b><br>Test class: TestRunner.TestRunnerTestng<br>Test method: Runs Cucumber Scenarios<br>Parameters: "Try here Invalid Data", "Tree Homepage"</td>
<td></td>
<td>0</td>
<td>TestRunner.TestRunnerTestng@388ba540</td></tr>
<tr>
<td title='TestRunner.TestRunnerTestng.runScenario()'><b>runScenario</b><br>Test class: TestRunner.TestRunnerTestng<br>Test method: Runs Cucumber Scenarios<br>Parameters: "User click the overview Link on Tree", "Tree Homepage"</td>
<td></td>
<td>0</td>
<td>TestRunner.TestRunnerTestng@388ba540</td></tr>
<tr>
<td title='TestRunner.TestRunnerTestng.runScenario()'><b>runScenario</b><br>Test class: TestRunner.TestRunnerTestng<br>Test method: Runs Cucumber Scenarios<br>Parameters: "Try here Valid Data", "Tree Homepage"</td>
<td></td>
<td>1</td>
<td>TestRunner.TestRunnerTestng@388ba540</td></tr>
<tr>
<td title='TestRunner.TestRunnerTestng.runScenario()'><b>runScenario</b><br>Test class: TestRunner.TestRunnerTestng<br>Test method: Runs Cucumber Scenarios<br>Parameters: "Try here Invalid Data", "H)To test the Queue page"</td>
<td></td>
<td>0</td>
<td>TestRunner.TestRunnerTestng@388ba540</td></tr>
<tr>
<td title='TestRunner.TestRunnerTestng.runScenario()'><b>runScenario</b><br>Test class: TestRunner.TestRunnerTestng<br>Test method: Runs Cucumber Scenarios<br>Parameters: "The user enters Implement Linked List in Pythonin Linked List", "Linked List Homepage"</td>
<td></td>
<td>0</td>
<td>TestRunner.TestRunnerTestng@388ba540</td></tr>
<tr>
<td title='TestRunner.TestRunnerTestng.runScenario()'><b>runScenario</b><br>Test class: TestRunner.TestRunnerTestng<br>Test method: Runs Cucumber Scenarios<br>Parameters: "Try here Valid Data", "Tree Homepage"</td>
<td></td>
<td>0</td>
<td>TestRunner.TestRunnerTestng@388ba540</td></tr>
<tr>
<td title='TestRunner.TestRunnerTestng.runScenario()'><b>runScenario</b><br>Test class: TestRunner.TestRunnerTestng<br>Test method: Runs Cucumber Scenarios<br>Parameters: "User is on Home page and click on sign in", "User launch dsalgo application and test Home page"</td>
<td></td>
<td>0</td>
<td>TestRunner.TestRunnerTestng@388ba540</td></tr>
<tr>
<td title='TestRunner.TestRunnerTestng.runScenario()'><b>runScenario</b><br>Test class: TestRunner.TestRunnerTestng<br>Test method: Runs Cucumber Scenarios<br>Parameters: "close browser", "Graph Homepage"</td>
<td></td>
<td>2</td>
<td>TestRunner.TestRunnerTestng@388ba540</td></tr>
<tr>
<td title='TestRunner.TestRunnerTestng.runScenario()'><b>runScenario</b><br>Test class: TestRunner.TestRunnerTestng<br>Test method: Runs Cucumber Scenarios<br>Parameters: "User is on Home page and click getstarted link "Tree" on home page without sign in", "User launch dsalgo application and test Home page"</td>
<td></td>
<td>0</td>
<td>TestRunner.TestRunnerTestng@388ba540</td></tr>
<tr>
<td title='TestRunner.TestRunnerTestng.runScenario()'><b>runScenario</b><br>Test class: TestRunner.TestRunnerTestng<br>Test method: Runs Cucumber Scenarios<br>Parameters: "User click types of TreeLink in Tree", "Tree Homepage"</td>
<td></td>
<td>0</td>
<td>TestRunner.TestRunnerTestng@388ba540</td></tr>
<tr>
<td title='TestRunner.TestRunnerTestng.runScenario()'><b>runScenario</b><br>Test class: TestRunner.TestRunnerTestng<br>Test method: Runs Cucumber Scenarios<br>Parameters: "User is on Home page and click getstarted link "Datastructures" on home page without sign in", "User launch dsalgo application and test Home page"</td>
<td></td>
<td>1</td>
<td>TestRunner.TestRunnerTestng@388ba540</td></tr>
<tr>
<td title='TestRunner.TestRunnerTestng.runScenario()'><b>runScenario</b><br>Test class: TestRunner.TestRunnerTestng<br>Test method: Runs Cucumber Scenarios<br>Parameters: "Try here Valid Data", "Stack Homepage"</td>
<td></td>
<td>1</td>
<td>TestRunner.TestRunnerTestng@388ba540</td></tr>
<tr>
<td title='TestRunner.TestRunnerTestng.runScenario()'><b>runScenario</b><br>Test class: TestRunner.TestRunnerTestng<br>Test method: Runs Cucumber Scenarios<br>Parameters: "Try here Valid Data", "Tree Homepage"</td>
<td></td>
<td>0</td>
<td>TestRunner.TestRunnerTestng@388ba540</td></tr>
<tr>
<td title='TestRunner.TestRunnerTestng.runScenario()'><b>runScenario</b><br>Test class: TestRunner.TestRunnerTestng<br>Test method: Runs Cucumber Scenarios<br>Parameters: "User click the implementationOfBST Link", "Tree Homepage"</td>
<td></td>
<td>0</td>
<td>TestRunner.TestRunnerTestng@388ba540</td></tr>
<tr>
<td title='TestRunner.TestRunnerTestng.runScenario()'><b>runScenario</b><br>Test class: TestRunner.TestRunnerTestng<br>Test method: Runs Cucumber Scenarios<br>Parameters: "Enter user name and password to sign in", "H)To test the Queue page"</td>
<td></td>
<td>1</td>
<td>TestRunner.TestRunnerTestng@388ba540</td></tr>
<tr>
<td title='TestRunner.TestRunnerTestng.runScenario()'><b>runScenario</b><br>Test class: TestRunner.TestRunnerTestng<br>Test method: Runs Cucumber Scenarios<br>Parameters: "Try here Valid Data", "Tree Homepage"</td>
<td></td>
<td>0</td>
<td>TestRunner.TestRunnerTestng@388ba540</td></tr>
<tr>
<td title='TestRunner.TestRunnerTestng.runScenario()'><b>runScenario</b><br>Test class: TestRunner.TestRunnerTestng<br>Test method: Runs Cucumber Scenarios<br>Parameters: "Try here Invalid Data", "H)To test the Queue page"</td>
<td></td>
<td>1</td>
<td>TestRunner.TestRunnerTestng@388ba540</td></tr>
<tr>
<td title='TestRunner.TestRunnerTestng.runScenario()'><b>runScenario</b><br>Test class: TestRunner.TestRunnerTestng<br>Test method: Runs Cucumber Scenarios<br>Parameters: "Try here Valid Data", "Tree Homepage"</td>
<td></td>
<td>0</td>
<td>TestRunner.TestRunnerTestng@388ba540</td></tr>
<tr>
<td title='TestRunner.TestRunnerTestng.runScenario()'><b>runScenario</b><br>Test class: TestRunner.TestRunnerTestng<br>Test method: Runs Cucumber Scenarios<br>Parameters: "User is on Home page and click on dropdown "Graph" without sign in", "User launch dsalgo application and test Home page"</td>
<td></td>
<td>0</td>
<td>TestRunner.TestRunnerTestng@388ba540</td></tr>
<tr>
<td title='TestRunner.TestRunnerTestng.runScenario()'><b>runScenario</b><br>Test class: TestRunner.TestRunnerTestng<br>Test method: Runs Cucumber Scenarios<br>Parameters: "Try here Valid Data", "Graph Homepage"</td>
<td></td>
<td>0</td>
<td>TestRunner.TestRunnerTestng@388ba540</td></tr>
<tr>
<td title='TestRunner.TestRunnerTestng.runScenario()'><b>runScenario</b><br>Test class: TestRunner.TestRunnerTestng<br>Test method: Runs Cucumber Scenarios<br>Parameters: "User is on Home page and click on dropdown "Queue" without sign in", "User launch dsalgo application and test Home page"</td>
<td></td>
<td>0</td>
<td>TestRunner.TestRunnerTestng@388ba540</td></tr>
<tr>
<td title='TestRunner.TestRunnerTestng.runScenario()'><b>runScenario</b><br>Test class: TestRunner.TestRunnerTestng<br>Test method: Runs Cucumber Scenarios<br>Parameters: "Try here Invalid Data", "Tree Homepage"</td>
<td></td>
<td>0</td>
<td>TestRunner.TestRunnerTestng@388ba540</td></tr>
<tr>
<td title='TestRunner.TestRunnerTestng.runScenario()'><b>runScenario</b><br>Test class: TestRunner.TestRunnerTestng<br>Test method: Runs Cucumber Scenarios<br>Parameters: "User launch home page of an dsalgo project", "Title of your feature   I want to use this template for my feature file"</td>
<td></td>
<td>0</td>
<td>TestRunner.TestRunnerTestng@388ba540</td></tr>
<tr>
<td title='TestRunner.TestRunnerTestng.runScenario()'><b>runScenario</b><br>Test class: TestRunner.TestRunnerTestng<br>Test method: Runs Cucumber Scenarios<br>Parameters: "The user clicks TryHere button with Ivalid Text and Error message", "Linked List Homepage"</td>
<td></td>
<td>1</td>
<td>TestRunner.TestRunnerTestng@388ba540</td></tr>
<tr>
<td title='TestRunner.TestRunnerTestng.runScenario()'><b>runScenario</b><br>Test class: TestRunner.TestRunnerTestng<br>Test method: Runs Cucumber Scenarios<br>Parameters: "The user clicks TryHere button with valid Text", "Linked List Homepage"</td>
<td></td>
<td>1</td>
<td>TestRunner.TestRunnerTestng@388ba540</td></tr>
<tr>
<td title='TestRunner.TestRunnerTestng.runScenario()'><b>runScenario</b><br>Test class: TestRunner.TestRunnerTestng<br>Test method: Runs Cucumber Scenarios<br>Parameters: "Try here Valid Data", "Stack Homepage"</td>
<td></td>
<td>0</td>
<td>TestRunner.TestRunnerTestng@388ba540</td></tr>
<tr>
<td title='TestRunner.TestRunnerTestng.runScenario()'><b>runScenario</b><br>Test class: TestRunner.TestRunnerTestng<br>Test method: Runs Cucumber Scenarios<br>Parameters: "Try here Invalid Data", "Tree Homepage"</td>
<td></td>
<td>0</td>
<td>TestRunner.TestRunnerTestng@388ba540</td></tr>
<tr>
<td title='TestRunner.TestRunnerTestng.runScenario()'><b>runScenario</b><br>Test class: TestRunner.TestRunnerTestng<br>Test method: Runs Cucumber Scenarios<br>Parameters: "User is on Home page and click getstarted link "Graph" on home page without sign in", "User launch dsalgo application and test Home page"</td>
<td></td>
<td>0</td>
<td>TestRunner.TestRunnerTestng@388ba540</td></tr>
<tr>
<td title='TestRunner.TestRunnerTestng.runScenario()'><b>runScenario</b><br>Test class: TestRunner.TestRunnerTestng<br>Test method: Runs Cucumber Scenarios<br>Parameters: "User entering into Stack Page", "Stack Homepage"</td>
<td></td>
<td>1</td>
<td>TestRunner.TestRunnerTestng@388ba540</td></tr>
<tr>
<td title='TestRunner.TestRunnerTestng.runScenario()'><b>runScenario</b><br>Test class: TestRunner.TestRunnerTestng<br>Test method: Runs Cucumber Scenarios<br>Parameters: "When User clicks Queue Operations", "H)To test the Queue page"</td>
<td></td>
<td>0</td>
<td>TestRunner.TestRunnerTestng@388ba540</td></tr>
<tr>
<td title='TestRunner.TestRunnerTestng.runScenario()'><b>runScenario</b><br>Test class: TestRunner.TestRunnerTestng<br>Test method: Runs Cucumber Scenarios<br>Parameters: "Try here Invalid Data", "Tree Homepage"</td>
<td></td>
<td>0</td>
<td>TestRunner.TestRunnerTestng@388ba540</td></tr>
<tr>
<td title='TestRunner.TestRunnerTestng.runScenario()'><b>runScenario</b><br>Test class: TestRunner.TestRunnerTestng<br>Test method: Runs Cucumber Scenarios<br>Parameters: "The user clicks TryHere button with valid Text", "Linked List Homepage"</td>
<td></td>
<td>0</td>
<td>TestRunner.TestRunnerTestng@388ba540</td></tr>
<tr>
<td title='TestRunner.TestRunnerTestng.runScenario()'><b>runScenario</b><br>Test class: TestRunner.TestRunnerTestng<br>Test method: Runs Cucumber Scenarios<br>Parameters: "Try here Valid Data", "Tree Homepage"</td>
<td></td>
<td>0</td>
<td>TestRunner.TestRunnerTestng@388ba540</td></tr>
<tr>
<td title='TestRunner.TestRunnerTestng.runScenario()'><b>runScenario</b><br>Test class: TestRunner.TestRunnerTestng<br>Test method: Runs Cucumber Scenarios<br>Parameters: "Try here Valid Data", "Tree Homepage"</td>
<td></td>
<td>0</td>
<td>TestRunner.TestRunnerTestng@388ba540</td></tr>
<tr>
<td title='TestRunner.TestRunnerTestng.runScenario()'><b>runScenario</b><br>Test class: TestRunner.TestRunnerTestng<br>Test method: Runs Cucumber Scenarios<br>Parameters: "Try here Valid Data", "Tree Homepage"</td>
<td></td>
<td>0</td>
<td>TestRunner.TestRunnerTestng@388ba540</td></tr>
<tr>
<td title='TestRunner.TestRunnerTestng.runScenario()'><b>runScenario</b><br>Test class: TestRunner.TestRunnerTestng<br>Test method: Runs Cucumber Scenarios<br>Parameters: "User click the binary Trees Link on Tree Page", "Tree Homepage"</td>
<td></td>
<td>0</td>
<td>TestRunner.TestRunnerTestng@388ba540</td></tr>
<tr>
<td title='TestRunner.TestRunnerTestng.runScenario()'><b>runScenario</b><br>Test class: TestRunner.TestRunnerTestng<br>Test method: Runs Cucumber Scenarios<br>Parameters: "User Navigates to Practice questions in Stack", "Stack Homepage"</td>
<td></td>
<td>0</td>
<td>TestRunner.TestRunnerTestng@388ba540</td></tr>
<tr>
<td title='TestRunner.TestRunnerTestng.runScenario()'><b>runScenario</b><br>Test class: TestRunner.TestRunnerTestng<br>Test method: Runs Cucumber Scenarios<br>Parameters: "Try here Invalid Data", "Tree Homepage"</td>
<td></td>
<td>0</td>
<td>TestRunner.TestRunnerTestng@388ba540</td></tr>
<tr>
<td title='TestRunner.TestRunnerTestng.runScenario()'><b>runScenario</b><br>Test class: TestRunner.TestRunnerTestng<br>Test method: Runs Cucumber Scenarios<br>Parameters: "User click the applications of Binary Tree Link on Tree", "Tree Homepage"</td>
<td></td>
<td>0</td>
<td>TestRunner.TestRunnerTestng@388ba540</td></tr>
<tr>
<td title='TestRunner.TestRunnerTestng.runScenario()'><b>runScenario</b><br>Test class: TestRunner.TestRunnerTestng<br>Test method: Runs Cucumber Scenarios<br>Parameters: "Try here Invalid Data", "Tree Homepage"</td>
<td></td>
<td>0</td>
<td>TestRunner.TestRunnerTestng@388ba540</td></tr>
<tr>
<td title='TestRunner.TestRunnerTestng.runScenario()'><b>runScenario</b><br>Test class: TestRunner.TestRunnerTestng<br>Test method: Runs Cucumber Scenarios<br>Parameters: "Enter user name and password to sign in", "Tree Homepage"</td>
<td></td>
<td>1</td>
<td>TestRunner.TestRunnerTestng@388ba540</td></tr>
<tr>
<td title='TestRunner.TestRunnerTestng.runScenario()'><b>runScenario</b><br>Test class: TestRunner.TestRunnerTestng<br>Test method: Runs Cucumber Scenarios<br>Parameters: "Enter user name and password to sign in", "Graph Homepage"</td>
<td></td>
<td>1</td>
<td>TestRunner.TestRunnerTestng@388ba540</td></tr>
<tr>
<td title='TestRunner.TestRunnerTestng.runScenario()'><b>runScenario</b><br>Test class: TestRunner.TestRunnerTestng<br>Test method: Runs Cucumber Scenarios<br>Parameters: "Enter user name and password to sign in", "Linked List Homepage"</td>
<td></td>
<td>1</td>
<td>TestRunner.TestRunnerTestng@388ba540</td></tr>
<tr>
<td title='TestRunner.TestRunnerTestng.runScenario()'><b>runScenario</b><br>Test class: TestRunner.TestRunnerTestng<br>Test method: Runs Cucumber Scenarios<br>Parameters: "The user clicks TryHere button with valid Text", "Linked List Homepage"</td>
<td></td>
<td>0</td>
<td>TestRunner.TestRunnerTestng@388ba540</td></tr>
<tr>
<td title='TestRunner.TestRunnerTestng.runScenario()'><b>runScenario</b><br>Test class: TestRunner.TestRunnerTestng<br>Test method: Runs Cucumber Scenarios<br>Parameters: "User click on Signout", "Tree Homepage"</td>
<td></td>
<td>0</td>
<td>TestRunner.TestRunnerTestng@388ba540</td></tr>
<tr>
<td title='TestRunner.TestRunnerTestng.runScenario()'><b>runScenario</b><br>Test class: TestRunner.TestRunnerTestng<br>Test method: Runs Cucumber Scenarios<br>Parameters: "The user enters Insertion Linked List", "Linked List Homepage"</td>
<td></td>
<td>1</td>
<td>TestRunner.TestRunnerTestng@388ba540</td></tr>
<tr>
<td title='TestRunner.TestRunnerTestng.runScenario()'><b>runScenario</b><br>Test class: TestRunner.TestRunnerTestng<br>Test method: Runs Cucumber Scenarios<br>Parameters: "Try here Invalid Data", "Tree Homepage"</td>
<td></td>
<td>0</td>
<td>TestRunner.TestRunnerTestng@388ba540</td></tr>
<tr>
<td title='TestRunner.TestRunnerTestng.runScenario()'><b>runScenario</b><br>Test class: TestRunner.TestRunnerTestng<br>Test method: Runs Cucumber Scenarios<br>Parameters: "Try here Invalid Data", "Tree Homepage"</td>
<td></td>
<td>0</td>
<td>TestRunner.TestRunnerTestng@388ba540</td></tr>
<tr>
<td title='TestRunner.TestRunnerTestng.runScenario()'><b>runScenario</b><br>Test class: TestRunner.TestRunnerTestng<br>Test method: Runs Cucumber Scenarios<br>Parameters: "Try here Valid Data", "H)To test the Queue page"</td>
<td></td>
<td>0</td>
<td>TestRunner.TestRunnerTestng@388ba540</td></tr>
<tr>
<td title='TestRunner.TestRunnerTestng.runScenario()'><b>runScenario</b><br>Test class: TestRunner.TestRunnerTestng<br>Test method: Runs Cucumber Scenarios<br>Parameters: "The user enters Types of Linked List in Linked List", "Linked List Homepage"</td>
<td></td>
<td>0</td>
<td>TestRunner.TestRunnerTestng@388ba540</td></tr>
<tr>
<td title='TestRunner.TestRunnerTestng.runScenario()'><b>runScenario</b><br>Test class: TestRunner.TestRunnerTestng<br>Test method: Runs Cucumber Scenarios<br>Parameters: "User clicks the Tree Traversals Illustration on Tree", "Tree Homepage"</td>
<td></td>
<td>0</td>
<td>TestRunner.TestRunnerTestng@388ba540</td></tr>
<tr>
<td title='TestRunner.TestRunnerTestng.runScenario()'><b>runScenario</b><br>Test class: TestRunner.TestRunnerTestng<br>Test method: Runs Cucumber Scenarios<br>Parameters: "The user clicks TryHere button with Ivalid Text and Error message", "Linked List Homepage"</td>
<td></td>
<td>0</td>
<td>TestRunner.TestRunnerTestng@388ba540</td></tr>
<tr>
<td title='TestRunner.TestRunnerTestng.runScenario()'><b>runScenario</b><br>Test class: TestRunner.TestRunnerTestng<br>Test method: Runs Cucumber Scenarios<br>Parameters: "Try here Valid Data", "Stack Homepage"</td>
<td></td>
<td>0</td>
<td>TestRunner.TestRunnerTestng@388ba540</td></tr>
<tr>
<td title='TestRunner.TestRunnerTestng.runScenario()'><b>runScenario</b><br>Test class: TestRunner.TestRunnerTestng<br>Test method: Runs Cucumber Scenarios<br>Parameters: "The user enters Practice Questions in  Linked List", "Linked List Homepage"</td>
<td></td>
<td>1</td>
<td>TestRunner.TestRunnerTestng@388ba540</td></tr>
<tr>
<td title='TestRunner.TestRunnerTestng.runScenario()'><b>runScenario</b><br>Test class: TestRunner.TestRunnerTestng<br>Test method: Runs Cucumber Scenarios<br>Parameters: "User in Implementation using collections.deque in Queue", "H)To test the Queue page"</td>
<td></td>
<td>0</td>
<td>TestRunner.TestRunnerTestng@388ba540</td></tr>
<tr>
<td title='TestRunner.TestRunnerTestng.runScenario()'><b>runScenario</b><br>Test class: TestRunner.TestRunnerTestng<br>Test method: Runs Cucumber Scenarios<br>Parameters: "Try here Valid Data", "Tree Homepage"</td>
<td></td>
<td>0</td>
<td>TestRunner.TestRunnerTestng@388ba540</td></tr>
<tr>
<td title='TestRunner.TestRunnerTestng.runScenario()'><b>runScenario</b><br>Test class: TestRunner.TestRunnerTestng<br>Test method: Runs Cucumber Scenarios<br>Parameters: "User is on Home page and click on dropdown "Tree" without sign in", "User launch dsalgo application and test Home page"</td>
<td></td>
<td>0</td>
<td>TestRunner.TestRunnerTestng@388ba540</td></tr>
<tr>
<td title='TestRunner.TestRunnerTestng.runScenario()'><b>runScenario</b><br>Test class: TestRunner.TestRunnerTestng<br>Test method: Runs Cucumber Scenarios<br>Parameters: "Try here Valid Data", "Graph Homepage"</td>
<td></td>
<td>0</td>
<td>TestRunner.TestRunnerTestng@388ba540</td></tr>
<tr>
<td title='TestRunner.TestRunnerTestng.runScenario()'><b>runScenario</b><br>Test class: TestRunner.TestRunnerTestng<br>Test method: Runs Cucumber Scenarios<br>Parameters: "When User clicks Implimentation Using Array", "H)To test the Queue page"</td>
<td></td>
<td>0</td>
<td>TestRunner.TestRunnerTestng@388ba540</td></tr>
<tr>
<td title='TestRunner.TestRunnerTestng.runScenario()'><b>runScenario</b><br>Test class: TestRunner.TestRunnerTestng<br>Test method: Runs Cucumber Scenarios<br>Parameters: "The user clicks TryHere button with Ivalid Text and Error message", "Linked List Homepage"</td>
<td></td>
<td>0</td>
<td>TestRunner.TestRunnerTestng@388ba540</td></tr>
<tr>
<td title='TestRunner.TestRunnerTestng.runScenario()'><b>runScenario</b><br>Test class: TestRunner.TestRunnerTestng<br>Test method: Runs Cucumber Scenarios<br>Parameters: "Try here Invalid Data", "Stack Homepage"</td>
<td></td>
<td>1</td>
<td>TestRunner.TestRunnerTestng@388ba540</td></tr>
<tr>
<td title='TestRunner.TestRunnerTestng.runScenario()'><b>runScenario</b><br>Test class: TestRunner.TestRunnerTestng<br>Test method: Runs Cucumber Scenarios<br>Parameters: "Try here Valid Data", "H)To test the Queue page"</td>
<td></td>
<td>0</td>
<td>TestRunner.TestRunnerTestng@388ba540</td></tr>
</table><p>
</body>
</html>